
Used Primitive lattice vector

    0.000000000000      1.949921000000      1.949921000000  
    1.949921000000      0.000000000000      1.949921000000  
    1.949921000000      1.949921000000      0.000000000000  

   1 Atom(s) in the Primitive cell

 0.0000000000 0.0000000000 0.0000000000 Al    0


 Q= -0.128210 -0.128210 -0.128210, q= -0.500000 -0.500000 -0.500000

                       Al X   0        Al Y   0        Al Z   0     
                    --------------- --------------- ---------------
    0   5.1417 THz   0.8165  0.0000 -0.4082 -0.0000 -0.4082  0.0000
    1   5.1417 THz   0.0000  0.0000 -0.0000  0.7071 -0.0000 -0.7071
    2  11.5112 THz  -0.5774  0.0000 -0.5774 -0.0000 -0.5774  0.0000


 Q= -0.064105 -0.064105 -0.192315, q= -0.500000 -0.500000 -0.250000

                       Al X   0        Al Y   0        Al Z   0     
                    --------------- --------------- ---------------
    0   6.3810 THz   0.7071  0.0000 -0.7071 -0.0000  0.0000  0.0000
    1   7.7912 THz   0.5752  0.0000  0.5752  0.0000 -0.5816 -0.0000
    2  10.4917 THz   0.4112  0.0000  0.4112  0.0000  0.8135  0.0000


 Q=  0.000000  0.000000 -0.256421, q= -0.500000 -0.500000  0.000000

                       Al X   0        Al Y   0        Al Z   0     
                    --------------- --------------- ---------------
    0   7.2204 THz   0.0000  0.0000 -0.8831 -0.4691 -0.0000 -0.0000
    1   7.2204 THz   1.0000  0.0000  0.0000  0.0000  0.0000  0.0000
    2  11.3114 THz   0.0000  0.0000  0.0000  0.0000 -1.0000 -0.0000


 Q=  0.064105  0.064105 -0.320526, q= -0.500000 -0.500000  0.250000

                       Al X   0        Al Y   0        Al Z   0     
                    --------------- --------------- ---------------
    0   6.3810 THz   0.7071  0.0000 -0.7071 -0.0000  0.0000  0.0000
    1   7.7912 THz   0.5752  0.0000  0.5752  0.0000 -0.5816  0.0000
    2  10.4917 THz   0.4112  0.0000  0.4112  0.0000  0.8135 -0.0000


 Q= -0.064105 -0.192315 -0.064105, q= -0.500000 -0.250000 -0.500000

                       Al X   0        Al Y   0        Al Z   0     
                    --------------- --------------- ---------------
    0   6.3810 THz  -0.7071  0.0000 -0.0000 -0.0000  0.7071  0.0000
    1   7.7912 THz   0.5752  0.0000 -0.5816 -0.0000  0.5752  0.0000
    2  10.4917 THz   0.4112  0.0000  0.8135 -0.0000  0.4112 -0.0000


 Q=  0.000000 -0.128210 -0.128210, q= -0.500000 -0.250000 -0.250000

                       Al X   0        Al Y   0        Al Z   0     
                    --------------- --------------- ---------------
    0   5.5281 THz   0.0000  0.0000  0.4276 -0.5632 -0.4276  0.5632
    1   7.7461 THz   1.0000  0.0000  0.0000  0.0000  0.0000  0.0000
    2  10.0512 THz   0.0000  0.0000 -0.6806  0.1918 -0.6806  0.1918


 Q=  0.064105 -0.064105 -0.192315, q= -0.500000 -0.250000  0.000000

                       Al X   0        Al Y   0        Al Z   0     
                    --------------- --------------- ---------------
    0   6.3810 THz  -0.7071  0.0000 -0.7071 -0.0000 -0.0000  0.0000
    1   7.7912 THz   0.5752  0.0000 -0.5752 -0.0000  0.5816 -0.0000
    2  10.4917 THz  -0.4112  0.0000  0.4112  0.0000  0.8135 -0.0000


 Q=  0.128210  0.000000 -0.256421, q= -0.500000 -0.250000  0.250000

                       Al X   0        Al Y   0        Al Z   0     
                    --------------- --------------- ---------------
    0   7.7809 THz   1.0000  0.0000  0.0000  0.0000  0.0000  0.0000
    1   9.5111 THz   0.0000  0.0000 -0.1268 -0.2476  0.8597 -0.4284
    2   9.5111 THz   0.0000  0.0000 -0.9586 -0.0610 -0.0208  0.2774


 Q=  0.000000 -0.256421  0.000000, q= -0.500000  0.000000 -0.500000

                       Al X   0        Al Y   0        Al Z   0     
                    --------------- --------------- ---------------
    0   7.2204 THz   0.0000  0.0000 -0.0000  0.0000 -1.0000  0.0000
    1   7.2204 THz   1.0000  0.0000  0.0000  0.0000  0.0000  0.0000
    2  11.3114 THz   0.0000  0.0000 -0.0912  0.9958 -0.0000 -0.0000


 Q=  0.064105 -0.192315 -0.064105, q= -0.500000  0.000000 -0.250000

                       Al X   0        Al Y   0        Al Z   0     
                    --------------- --------------- ---------------
    0   6.3810 THz   0.7071  0.0000  0.0000  0.0000  0.7071 -0.0000
    1   7.7912 THz   0.5752  0.0000  0.5816 -0.0000 -0.5752  0.0000
    2  10.4917 THz  -0.4112  0.0000  0.8135  0.0000  0.4112  0.0000


 Q=  0.128210 -0.128210 -0.128210, q= -0.500000  0.000000  0.000000

                       Al X   0        Al Y   0        Al Z   0     
                    --------------- --------------- ---------------
    0   5.1417 THz   0.8165  0.0000  0.4082  0.0000  0.4082  0.0000
    1   5.1417 THz   0.0000  0.0000  0.7068  0.0193 -0.7068 -0.0193
    2  11.5112 THz   0.5774  0.0000 -0.5774 -0.0000 -0.5774 -0.0000


 Q=  0.192315 -0.064105 -0.192315, q= -0.500000  0.000000  0.250000

                       Al X   0        Al Y   0        Al Z   0     
                    --------------- --------------- ---------------
    0   6.3810 THz   0.7071  0.0000 -0.0000 -0.0000  0.7071  0.0000
    1   7.7912 THz   0.5752  0.0000  0.5816  0.0000 -0.5752 -0.0000
    2  10.4917 THz  -0.4112  0.0000  0.8135 -0.0000  0.4112 -0.0000


 Q=  0.064105 -0.320526  0.064105, q= -0.500000  0.250000 -0.500000

                       Al X   0        Al Y   0        Al Z   0     
                    --------------- --------------- ---------------
    0   6.3810 THz  -0.7071  0.0000 -0.0000 -0.0000  0.7071  0.0000
    1   7.7912 THz   0.5752  0.0000 -0.5816 -0.0000  0.5752  0.0000
    2  10.4917 THz   0.4112  0.0000  0.8135  0.0000  0.4112 -0.0000


 Q=  0.128210 -0.256421  0.000000, q= -0.500000  0.250000 -0.250000

                       Al X   0        Al Y   0        Al Z   0     
                    --------------- --------------- ---------------
    0   7.7809 THz   1.0000  0.0000  0.0000  0.0000  0.0000  0.0000
    1   9.5111 THz   0.0000  0.0000 -0.6826 -0.4483 -0.0101 -0.5770
    2   9.5111 THz   0.0000  0.0000  0.5758 -0.0386 -0.5044 -0.6423


 Q=  0.192315 -0.192315 -0.064105, q= -0.500000  0.250000  0.000000

                       Al X   0        Al Y   0        Al Z   0     
                    --------------- --------------- ---------------
    0   6.3810 THz  -0.7071  0.0000 -0.7071  0.0000 -0.0000 -0.0000
    1   7.7912 THz   0.5752  0.0000 -0.5752  0.0000  0.5816 -0.0000
    2  10.4917 THz  -0.4112  0.0000  0.4112 -0.0000  0.8135 -0.0000


 Q=  0.256421 -0.128210 -0.128210, q= -0.500000  0.250000  0.250000

                       Al X   0        Al Y   0        Al Z   0     
                    --------------- --------------- ---------------
    0   5.5281 THz   0.0000  0.0000  0.6554  0.2653 -0.6554 -0.2653
    1   7.7461 THz   1.0000  0.0000  0.0000  0.0000  0.0000  0.0000
    2  10.0512 THz   0.0000  0.0000 -0.7063  0.0337 -0.7063  0.0337


 Q= -0.192315 -0.064105 -0.064105, q= -0.250000 -0.500000 -0.500000

                       Al X   0        Al Y   0        Al Z   0     
                    --------------- --------------- ---------------
    0   6.3810 THz   0.0000  0.0000  0.7055  0.0481 -0.7055 -0.0481
    1   7.7912 THz   0.5816  0.0000 -0.5752  0.0000 -0.5752  0.0000
    2  10.4917 THz   0.8135  0.0000  0.4112 -0.0000  0.4112 -0.0000


 Q= -0.128210  0.000000 -0.128210, q= -0.250000 -0.500000 -0.250000

                       Al X   0        Al Y   0        Al Z   0     
                    --------------- --------------- ---------------
    0   5.5281 THz   0.7071  0.0000  0.0000  0.0000 -0.7071  0.0000
    1   7.7461 THz   0.0000  0.0000 -0.9962  0.0867  0.0000  0.0000
    2  10.0512 THz   0.7071  0.0000  0.0000 -0.0000  0.7071 -0.0000


 Q= -0.064105  0.064105 -0.192315, q= -0.250000 -0.500000  0.000000

                       Al X   0        Al Y   0        Al Z   0     
                    --------------- --------------- ---------------
    0   6.3810 THz   0.7071  0.0000  0.7071  0.0000  0.0000  0.0000
    1   7.7912 THz   0.5752  0.0000 -0.5752 -0.0000 -0.5816 -0.0000
    2  10.4917 THz  -0.4112  0.0000  0.4112  0.0000 -0.8135 -0.0000


 Q=  0.000000  0.128210 -0.256421, q= -0.250000 -0.500000  0.250000

                       Al X   0        Al Y   0        Al Z   0     
                    --------------- --------------- ---------------
    0   7.7809 THz   0.0000  0.0000 -0.2184  0.9759 -0.0000  0.0000
    1   9.5111 THz   0.0000  0.0000  0.0000 -0.0000 -0.9960  0.0889
    2   9.5111 THz   1.0000  0.0000  0.0000  0.0000  0.0000  0.0000


 Q= -0.128210 -0.128210  0.000000, q= -0.250000 -0.250000 -0.500000

                       Al X   0        Al Y   0        Al Z   0     
                    --------------- --------------- ---------------
    0   5.5281 THz  -0.7071 -0.0000  0.7071  0.0000 -0.0000 -0.0000
    1   7.7461 THz   0.0000  0.0000  0.0000  0.0000 -0.8699  0.4932
    2  10.0512 THz   0.7071  0.0000  0.7071  0.0000 -0.0000 -0.0000


 Q= -0.064105 -0.064105 -0.064105, q= -0.250000 -0.250000 -0.250000

                       Al X   0        Al Y   0        Al Z   0     
                    --------------- --------------- ---------------
    0   3.9788 THz   0.8165  0.0000 -0.4082  0.0000 -0.4082  0.0000
    1   3.9788 THz   0.0000  0.0000  0.0000 -0.7071 -0.0000  0.7071
    2   8.0801 THz  -0.5774  0.0000 -0.5774  0.0000 -0.5774  0.0000


 Q=  0.000000  0.000000 -0.128210, q= -0.250000 -0.250000  0.000000

                       Al X   0        Al Y   0        Al Z   0     
                    --------------- --------------- ---------------
    0   5.2133 THz   1.0000  0.0000  0.0000  0.0000  0.0000  0.0000
    1   5.2133 THz   0.0000  0.0000 -0.9982  0.0595 -0.0000  0.0000
    2   8.4472 THz   0.0000  0.0000  0.0000  0.0000 -0.3815 -0.9244


 Q=  0.064105  0.064105 -0.192315, q= -0.250000 -0.250000  0.250000

                       Al X   0        Al Y   0        Al Z   0     
                    --------------- --------------- ---------------
    0   6.3810 THz  -0.7071  0.0000  0.7071  0.0000 -0.0000  0.0000
    1   7.7912 THz   0.5752  0.0000  0.5752  0.0000  0.5816  0.0000
    2  10.4917 THz   0.4112  0.0000  0.4112 -0.0000 -0.8135  0.0000


 Q= -0.064105 -0.192315  0.064105, q= -0.250000  0.000000 -0.500000

                       Al X   0        Al Y   0        Al Z   0     
                    --------------- --------------- ---------------
    0   6.3810 THz   0.7071  0.0000  0.0000  0.0000  0.7071  0.0000
    1   7.7912 THz   0.5752  0.0000 -0.5816 -0.0000 -0.5752 -0.0000
    2  10.4917 THz   0.4112  0.0000  0.8135 -0.0000 -0.4112 -0.0000


 Q=  0.000000 -0.128210  0.000000, q= -0.250000  0.000000 -0.250000

                       Al X   0        Al Y   0        Al Z   0     
                    --------------- --------------- ---------------
    0   5.2133 THz   1.0000  0.0000  0.0000  0.0000  0.0000  0.0000
    1   5.2133 THz   0.0000  0.0000  0.0000  0.0000  0.9975 -0.0706
    2   8.4472 THz   0.0000  0.0000 -0.9090  0.4169  0.0000 -0.0000


 Q=  0.064105 -0.064105 -0.064105, q= -0.250000  0.000000  0.000000

                       Al X   0        Al Y   0        Al Z   0     
                    --------------- --------------- ---------------
    0   3.9788 THz   0.8165  0.0000  0.4082 -0.0000  0.4082 -0.0000
    1   3.9788 THz   0.0000  0.0000  0.0000 -0.7071 -0.0000  0.7071
    2   8.0801 THz   0.5774  0.0000 -0.5774  0.0000 -0.5774  0.0000


 Q=  0.128210  0.000000 -0.128210, q= -0.250000  0.000000  0.250000

                       Al X   0        Al Y   0        Al Z   0     
                    --------------- --------------- ---------------
    0   5.5281 THz   0.7071  0.0000  0.0000 -0.0000  0.7071 -0.0000
    1   7.7461 THz   0.0000  0.0000 -0.7867  0.6174  0.0000  0.0000
    2  10.0512 THz  -0.7071  0.0000  0.0000 -0.0000  0.7071 -0.0000


 Q=  0.000000 -0.256421  0.128210, q= -0.250000  0.250000 -0.500000

                       Al X   0        Al Y   0        Al Z   0     
                    --------------- --------------- ---------------
    0   7.7809 THz   0.0000  0.0000 -0.0000  0.0000 -0.3592  0.9333
    1   9.5111 THz   1.0000  0.0000  0.0000  0.0000  0.0000  0.0000
    2   9.5111 THz   0.0000  0.0000 -0.6105  0.7920  0.0000 -0.0000


 Q=  0.064105 -0.192315  0.064105, q= -0.250000  0.250000 -0.250000

                       Al X   0        Al Y   0        Al Z   0     
                    --------------- --------------- ---------------
    0   6.3810 THz  -0.7071  0.0000  0.0000 -0.0000  0.7071  0.0000
    1   7.7912 THz   0.5752  0.0000  0.5816  0.0000  0.5752 -0.0000
    2  10.4917 THz  -0.4112  0.0000  0.8135  0.0000 -0.4112 -0.0000


 Q=  0.128210 -0.128210  0.000000, q= -0.250000  0.250000  0.000000

                       Al X   0        Al Y   0        Al Z   0     
                    --------------- --------------- ---------------
    0   5.5281 THz   0.7071  0.0000  0.7071  0.0000 -0.0000 -0.0000
    1   7.7461 THz   0.0000  0.0000  0.0000  0.0000 -0.8249  0.5652
    2  10.0512 THz   0.7071  0.0000 -0.7071 -0.0000  0.0000  0.0000


 Q=  0.192315 -0.064105 -0.064105, q= -0.250000  0.250000  0.250000

                       Al X   0        Al Y   0        Al Z   0     
                    --------------- --------------- ---------------
    0   6.3810 THz   0.0000  0.0000  0.7052  0.0525 -0.7052 -0.0525
    1   7.7912 THz  -0.5816  0.0000 -0.5752  0.0000 -0.5752  0.0000
    2  10.4917 THz   0.8135  0.0000 -0.4112  0.0000 -0.4112  0.0000


 Q= -0.256421  0.000000  0.000000, q=  0.000000 -0.500000 -0.500000

                       Al X   0        Al Y   0        Al Z   0     
                    --------------- --------------- ---------------
    0   7.2204 THz   0.0000  0.0000 -0.3240  0.4484 -0.3196  0.7693
    1   7.2204 THz   0.0000  0.0000 -0.0630  0.8307 -0.0861 -0.5464
    2  11.3114 THz   1.0000  0.0000  0.0000  0.0000  0.0000  0.0000


 Q= -0.192315  0.064105 -0.064105, q=  0.000000 -0.500000 -0.250000

                       Al X   0        Al Y   0        Al Z   0     
                    --------------- --------------- ---------------
    0   6.3810 THz   0.0000  0.0000 -0.7056  0.0464 -0.7056  0.0464
    1   7.7912 THz  -0.5816  0.0000 -0.5752 -0.0000  0.5752  0.0000
    2  10.4917 THz   0.8135  0.0000 -0.4112 -0.0000  0.4112  0.0000


 Q= -0.128210  0.128210 -0.128210, q=  0.000000 -0.500000  0.000000

                       Al X   0        Al Y   0        Al Z   0     
                    --------------- --------------- ---------------
    0   5.1417 THz   0.8165  0.0000  0.4082  0.0000 -0.4082 -0.0000
    1   5.1417 THz   0.0000  0.0000 -0.7065  0.0294 -0.7065  0.0294
    2  11.5112 THz   0.5774  0.0000 -0.5774 -0.0000  0.5774  0.0000


 Q= -0.064105  0.192315 -0.192315, q=  0.000000 -0.500000  0.250000

                       Al X   0        Al Y   0        Al Z   0     
                    --------------- --------------- ---------------
    0   6.3810 THz   0.0000  0.0000 -0.6552 -0.2659 -0.6552 -0.2659
    1   7.7912 THz  -0.5816  0.0000 -0.5752  0.0000  0.5752  0.0000
    2  10.4917 THz   0.8135  0.0000 -0.4112  0.0000  0.4112  0.0000


 Q= -0.192315 -0.064105  0.064105, q=  0.000000 -0.250000 -0.500000

                       Al X   0        Al Y   0        Al Z   0     
                    --------------- --------------- ---------------
    0   6.3810 THz   0.0000  0.0000 -0.6609 -0.2515 -0.6609 -0.2515
    1   7.7912 THz   0.5816  0.0000 -0.5752  0.0000  0.5752  0.0000
    2  10.4917 THz   0.8135  0.0000  0.4112 -0.0000 -0.4112 -0.0000


 Q= -0.128210  0.000000  0.000000, q=  0.000000 -0.250000 -0.250000

                       Al X   0        Al Y   0        Al Z   0     
                    --------------- --------------- ---------------
    0   5.2133 THz   0.0000  0.0000 -0.0438 -0.5345 -0.1494  0.8307
    1   5.2133 THz   0.0000  0.0000 -0.5792  0.6139 -0.4559  0.2826
    2   8.4472 THz   1.0000  0.0000  0.0000  0.0000  0.0000  0.0000


 Q= -0.064105  0.064105 -0.064105, q=  0.000000 -0.250000  0.000000

                       Al X   0        Al Y   0        Al Z   0     
                    --------------- --------------- ---------------
    0   3.9788 THz   0.8165  0.0000  0.4082 -0.0000 -0.4082  0.0000
    1   3.9788 THz   0.0000  0.0000 -0.7067  0.0234 -0.7067  0.0234
    2   8.0801 THz   0.5774  0.0000 -0.5774  0.0000  0.5774 -0.0000


 Q=  0.000000  0.128210 -0.128210, q=  0.000000 -0.250000  0.250000

                       Al X   0        Al Y   0        Al Z   0     
                    --------------- --------------- ---------------
    0   5.5281 THz   0.0000  0.0000 -0.1263 -0.6957 -0.1263 -0.6957
    1   7.7461 THz   1.0000  0.0000  0.0000  0.0000  0.0000  0.0000
    2  10.0512 THz   0.0000  0.0000 -0.2407  0.6649  0.2407 -0.6649


 Q= -0.128210 -0.128210  0.128210, q=  0.000000  0.000000 -0.500000

                       Al X   0        Al Y   0        Al Z   0     
                    --------------- --------------- ---------------
    0   5.1417 THz   0.8165  0.0000 -0.4082  0.0000  0.4082 -0.0000
    1   5.1417 THz   0.0000  0.0000 -0.7017  0.0875 -0.7017  0.0875
    2  11.5112 THz  -0.5774  0.0000 -0.5774  0.0000  0.5774 -0.0000


 Q= -0.064105 -0.064105  0.064105, q=  0.000000  0.000000 -0.250000

                       Al X   0        Al Y   0        Al Z   0     
                    --------------- --------------- ---------------
    0   3.9788 THz   0.8165  0.0000 -0.4082  0.0000  0.4082  0.0000
    1   3.9788 THz   0.0000  0.0000 -0.7066  0.0280 -0.7066  0.0280
    2   8.0801 THz  -0.5774  0.0000 -0.5774  0.0000  0.5774  0.0000


 Q=  0.000000  0.000000  0.000000, q=  0.000000  0.000000  0.000000

                       Al X   0        Al Y   0        Al Z   0     
                    --------------- --------------- ---------------
    0  -0.0000 THz   0.2915  0.0000 -0.0705  0.0000 -0.9540  0.0000
    1   0.0000 THz   0.9548  0.0000 -0.0393  0.0000  0.2947  0.0000
    2   0.0000 THz   0.0583  0.0000  0.9967  0.0000 -0.0558  0.0000


 Q=  0.064105  0.064105 -0.064105, q=  0.000000  0.000000  0.250000

                       Al X   0        Al Y   0        Al Z   0     
                    --------------- --------------- ---------------
    0   3.9788 THz   0.8165  0.0000 -0.4082 -0.0000  0.4082 -0.0000
    1   3.9788 THz   0.0000  0.0000 -0.7066 -0.0280 -0.7066 -0.0280
    2   8.0801 THz  -0.5774  0.0000 -0.5774 -0.0000  0.5774 -0.0000


 Q= -0.064105 -0.192315  0.192315, q=  0.000000  0.250000 -0.500000

                       Al X   0        Al Y   0        Al Z   0     
                    --------------- --------------- ---------------
    0   6.3810 THz   0.0000  0.0000 -0.7059  0.0420 -0.7059  0.0420
    1   7.7912 THz   0.5816  0.0000 -0.5752 -0.0000  0.5752 -0.0000
    2  10.4917 THz   0.8135  0.0000  0.4112  0.0000 -0.4112  0.0000


 Q=  0.000000 -0.128210  0.128210, q=  0.000000  0.250000 -0.250000

                       Al X   0        Al Y   0        Al Z   0     
                    --------------- --------------- ---------------
    0   5.5281 THz   0.0000  0.0000 -0.1263  0.6957 -0.1263  0.6957
    1   7.7461 THz   1.0000  0.0000  0.0000  0.0000  0.0000  0.0000
    2  10.0512 THz   0.0000  0.0000 -0.2407 -0.6649  0.2407  0.6649


 Q=  0.064105 -0.064105  0.064105, q=  0.000000  0.250000  0.000000

                       Al X   0        Al Y   0        Al Z   0     
                    --------------- --------------- ---------------
    0   3.9788 THz   0.8165  0.0000  0.4082  0.0000 -0.4082 -0.0000
    1   3.9788 THz   0.0000  0.0000 -0.7067 -0.0234 -0.7067 -0.0234
    2   8.0801 THz   0.5774  0.0000 -0.5774 -0.0000  0.5774  0.0000


 Q=  0.128210  0.000000  0.000000, q=  0.000000  0.250000  0.250000

                       Al X   0        Al Y   0        Al Z   0     
                    --------------- --------------- ---------------
    0   5.2133 THz   0.0000  0.0000 -0.0438  0.5345 -0.1494 -0.8307
    1   5.2133 THz   0.0000  0.0000 -0.5792 -0.6139 -0.4559 -0.2826
    2   8.4472 THz   1.0000  0.0000  0.0000  0.0000  0.0000  0.0000


 Q= -0.320526  0.064105  0.064105, q=  0.250000 -0.500000 -0.500000

                       Al X   0        Al Y   0        Al Z   0     
                    --------------- --------------- ---------------
    0   6.3810 THz   0.0000  0.0000  0.7050  0.0549 -0.7050 -0.0549
    1   7.7912 THz   0.5816  0.0000 -0.5752  0.0000 -0.5752 -0.0000
    2  10.4917 THz   0.8135  0.0000  0.4112 -0.0000  0.4112  0.0000


 Q= -0.256421  0.128210  0.000000, q=  0.250000 -0.500000 -0.250000

                       Al X   0        Al Y   0        Al Z   0     
                    --------------- --------------- ---------------
    0   7.7809 THz   0.0000  0.0000 -0.9833 -0.1822  0.0000 -0.0000
    1   9.5111 THz   0.0000  0.0000 -0.0000 -0.0000 -0.1025  0.9947
    2   9.5111 THz   1.0000  0.0000  0.0000  0.0000  0.0000  0.0000


 Q= -0.192315  0.192315 -0.064105, q=  0.250000 -0.500000  0.000000

                       Al X   0        Al Y   0        Al Z   0     
                    --------------- --------------- ---------------
    0   6.3810 THz   0.7071  0.0000  0.7071 -0.0000  0.0000 -0.0000
    1   7.7912 THz   0.5752  0.0000 -0.5752  0.0000 -0.5816  0.0000
    2  10.4917 THz  -0.4112  0.0000  0.4112 -0.0000 -0.8135  0.0000


 Q= -0.128210  0.256421 -0.128210, q=  0.250000 -0.500000  0.250000

                       Al X   0        Al Y   0        Al Z   0     
                    --------------- --------------- ---------------
    0   5.5281 THz   0.7071  0.0000  0.0000 -0.0000 -0.7071 -0.0000
    1   7.7461 THz   0.0000  0.0000 -1.0000 -0.0014 -0.0000 -0.0000
    2  10.0512 THz   0.7071  0.0000 -0.0000  0.0000  0.7071  0.0000


 Q= -0.256421  0.000000  0.128210, q=  0.250000 -0.250000 -0.500000

                       Al X   0        Al Y   0        Al Z   0     
                    --------------- --------------- ---------------
    0   7.7809 THz   0.0000  0.0000 -0.0000  0.0000 -0.9990 -0.0447
    1   9.5111 THz   0.0000  0.0000  0.4284 -0.9036  0.0000  0.0000
    2   9.5111 THz   1.0000  0.0000  0.0000  0.0000  0.0000  0.0000


 Q= -0.192315  0.064105  0.064105, q=  0.250000 -0.250000 -0.250000

                       Al X   0        Al Y   0        Al Z   0     
                    --------------- --------------- ---------------
    0   6.3810 THz   0.0000  0.0000  0.7052 -0.0525 -0.7052  0.0525
    1   7.7912 THz  -0.5816  0.0000 -0.5752 -0.0000 -0.5752 -0.0000
    2  10.4917 THz   0.8135  0.0000 -0.4112 -0.0000 -0.4112 -0.0000


 Q= -0.128210  0.128210  0.000000, q=  0.250000 -0.250000  0.000000

                       Al X   0        Al Y   0        Al Z   0     
                    --------------- --------------- ---------------
    0   5.5281 THz   0.7071  0.0000  0.7071 -0.0000 -0.0000  0.0000
    1   7.7461 THz   0.0000  0.0000  0.0000 -0.0000 -0.8249 -0.5652
    2  10.0512 THz   0.7071  0.0000 -0.7071  0.0000  0.0000 -0.0000


 Q= -0.064105  0.192315 -0.064105, q=  0.250000 -0.250000  0.250000

                       Al X   0        Al Y   0        Al Z   0     
                    --------------- --------------- ---------------
    0   6.3810 THz  -0.7071  0.0000  0.0000  0.0000  0.7071 -0.0000
    1   7.7912 THz   0.5752  0.0000  0.5816 -0.0000  0.5752  0.0000
    2  10.4917 THz  -0.4112  0.0000  0.8135 -0.0000 -0.4112  0.0000


 Q= -0.192315 -0.064105  0.192315, q=  0.250000  0.000000 -0.500000

                       Al X   0        Al Y   0        Al Z   0     
                    --------------- --------------- ---------------
    0   6.3810 THz   0.7071  0.0000 -0.0000 -0.0000  0.7071 -0.0000
    1   7.7912 THz   0.5752  0.0000 -0.5816  0.0000 -0.5752  0.0000
    2  10.4917 THz   0.4112  0.0000  0.8135  0.0000 -0.4112  0.0000


 Q= -0.128210  0.000000  0.128210, q=  0.250000  0.000000 -0.250000

                       Al X   0        Al Y   0        Al Z   0     
                    --------------- --------------- ---------------
    0   5.5281 THz   0.7071  0.0000  0.0000  0.0000  0.7071  0.0000
    1   7.7461 THz   0.0000  0.0000 -0.7867 -0.6174  0.0000  0.0000
    2  10.0512 THz  -0.7071  0.0000  0.0000  0.0000  0.7071  0.0000


 Q= -0.064105  0.064105  0.064105, q=  0.250000  0.000000  0.000000

                       Al X   0        Al Y   0        Al Z   0     
                    --------------- --------------- ---------------
    0   3.9788 THz   0.8165  0.0000  0.4082  0.0000  0.4082  0.0000
    1   3.9788 THz   0.0000  0.0000  0.0000  0.7071 -0.0000 -0.7071
    2   8.0801 THz   0.5774  0.0000 -0.5774 -0.0000 -0.5774 -0.0000


 Q=  0.000000  0.128210  0.000000, q=  0.250000  0.000000  0.250000

                       Al X   0        Al Y   0        Al Z   0     
                    --------------- --------------- ---------------
    0   5.2133 THz   1.0000  0.0000  0.0000  0.0000  0.0000  0.0000
    1   5.2133 THz   0.0000  0.0000  0.0000 -0.0000  0.9975  0.0706
    2   8.4472 THz   0.0000  0.0000 -0.9090 -0.4169  0.0000  0.0000


 Q= -0.128210 -0.128210  0.256421, q=  0.250000  0.250000 -0.500000

                       Al X   0        Al Y   0        Al Z   0     
                    --------------- --------------- ---------------
    0   5.5281 THz  -0.7071 -0.0000  0.7071 -0.0000 -0.0000  0.0000
    1   7.7461 THz   0.0000  0.0000 -0.0000 -0.0000 -0.9828 -0.1845
    2  10.0512 THz   0.7071  0.0000  0.7071 -0.0000 -0.0000  0.0000


 Q= -0.064105 -0.064105  0.192315, q=  0.250000  0.250000 -0.250000

                       Al X   0        Al Y   0        Al Z   0     
                    --------------- --------------- ---------------
    0   6.3810 THz  -0.7071  0.0000  0.7071 -0.0000 -0.0000 -0.0000
    1   7.7912 THz   0.5752  0.0000  0.5752 -0.0000  0.5816 -0.0000
    2  10.4917 THz   0.4112  0.0000  0.4112  0.0000 -0.8135 -0.0000


 Q=  0.000000  0.000000  0.128210, q=  0.250000  0.250000  0.000000

                       Al X   0        Al Y   0        Al Z   0     
                    --------------- --------------- ---------------
    0   5.2133 THz   1.0000  0.0000  0.0000  0.0000  0.0000  0.0000
    1   5.2133 THz   0.0000  0.0000 -0.9982 -0.0595 -0.0000  0.0000
    2   8.4472 THz   0.0000  0.0000  0.0000 -0.0000 -0.3815  0.9244


 Q=  0.064105  0.064105  0.064105, q=  0.250000  0.250000  0.250000

                       Al X   0        Al Y   0        Al Z   0     
                    --------------- --------------- ---------------
    0   3.9788 THz   0.8165  0.0000 -0.4082 -0.0000 -0.4082 -0.0000
    1   3.9788 THz   0.0000  0.0000  0.0000  0.7071 -0.0000 -0.7071
    2   8.0801 THz  -0.5774  0.0000 -0.5774 -0.0000 -0.5774 -0.0000
