
Used Primitive lattice vector

    0.000000000000      1.985382000000      1.985382000000  
    1.985382000000      0.000000000000      1.985382000000  
    1.985382000000      1.985382000000      0.000000000000  

   1 Atom(s) in the Primitive cell

 0.0000000000 0.0000000000 0.0000000000 Al    0


 Q= -0.125920 -0.125920 -0.125920, q= -0.500000 -0.500000 -0.500000

                       Al X   0        Al Y   0        Al Z   0     
                    --------------- --------------- ---------------
    0   4.6048 THz   0.6513  0.0000 -0.7521 -0.0000  0.1008  0.0000
    1   4.6048 THz   0.4924  0.0000  0.3178  0.0000 -0.8102 -0.0000
    2  10.4977 THz   0.5774  0.0000  0.5774  0.0000  0.5774  0.0000


 Q= -0.062960 -0.062960 -0.188881, q= -0.500000 -0.500000 -0.250000

                       Al X   0        Al Y   0        Al Z   0     
                    --------------- --------------- ---------------
    0   5.7110 THz   0.7071  0.0000 -0.7071  0.0000  0.0000 -0.0000
    1   7.0820 THz   0.5765  0.0000  0.5765 -0.0000 -0.5790  0.0000
    2   9.5013 THz   0.4094  0.0000  0.4094 -0.0000  0.8153 -0.0000


 Q=  0.000000  0.000000 -0.251841, q= -0.500000 -0.500000  0.000000

                       Al X   0        Al Y   0        Al Z   0     
                    --------------- --------------- ---------------
    0   6.4378 THz   0.0000  0.0000 -1.0000 -0.0000  0.0000  0.0000
    1   6.4378 THz   1.0000  0.0000  0.0000  0.0000  0.0000  0.0000
    2  10.3546 THz   0.0000  0.0000 -0.0000 -0.0000 -1.0000 -0.0000


 Q=  0.062960  0.062960 -0.314801, q= -0.500000 -0.500000  0.250000

                       Al X   0        Al Y   0        Al Z   0     
                    --------------- --------------- ---------------
    0   5.7110 THz   0.7071  0.0000 -0.7071 -0.0000  0.0000  0.0000
    1   7.0820 THz   0.5765  0.0000  0.5765  0.0000 -0.5790 -0.0000
    2   9.5013 THz   0.4094  0.0000  0.4094  0.0000  0.8153  0.0000


 Q= -0.062960 -0.188881 -0.062960, q= -0.500000 -0.250000 -0.500000

                       Al X   0        Al Y   0        Al Z   0     
                    --------------- --------------- ---------------
    0   5.7110 THz  -0.7071  0.0000 -0.0000 -0.0000  0.7071  0.0000
    1   7.0820 THz   0.5765  0.0000 -0.5790  0.0000  0.5765  0.0000
    2   9.5013 THz   0.4094  0.0000  0.8153 -0.0000  0.4094 -0.0000


 Q=  0.000000 -0.125920 -0.125920, q= -0.500000 -0.250000 -0.250000

                       Al X   0        Al Y   0        Al Z   0     
                    --------------- --------------- ---------------
    0   5.0441 THz   0.0000  0.0000 -0.7062  0.0357  0.7062 -0.0357
    1   7.0119 THz   1.0000  0.0000  0.0000  0.0000  0.0000  0.0000
    2   9.0935 THz   0.0000  0.0000 -0.6668 -0.2354 -0.6668 -0.2354


 Q=  0.062960 -0.062960 -0.188881, q= -0.500000 -0.250000  0.000000

                       Al X   0        Al Y   0        Al Z   0     
                    --------------- --------------- ---------------
    0   5.7110 THz  -0.7071  0.0000 -0.7071 -0.0000  0.0000  0.0000
    1   7.0820 THz   0.5765  0.0000 -0.5765 -0.0000  0.5790  0.0000
    2   9.5013 THz  -0.4094  0.0000  0.4094 -0.0000  0.8153 -0.0000


 Q=  0.125920  0.000000 -0.251841, q= -0.500000 -0.250000  0.250000

                       Al X   0        Al Y   0        Al Z   0     
                    --------------- --------------- ---------------
    0   7.0439 THz   1.0000  0.0000  0.0000  0.0000  0.0000  0.0000
    1   8.6342 THz   0.0000  0.0000 -0.7155 -0.1418 -0.6838 -0.0209
    2   8.6342 THz   0.0000  0.0000  0.6806 -0.0686 -0.7038  0.1915


 Q=  0.000000 -0.251841  0.000000, q= -0.500000  0.000000 -0.500000

                       Al X   0        Al Y   0        Al Z   0     
                    --------------- --------------- ---------------
    0   6.4378 THz   1.0000  0.0000  0.0000  0.0000  0.0000  0.0000
    1   6.4378 THz   0.0000  0.0000 -0.0000 -0.0000 -1.0000  0.0000
    2  10.3546 THz   0.0000  0.0000 -1.0000 -0.0000  0.0000  0.0000


 Q=  0.062960 -0.188881 -0.062960, q= -0.500000  0.000000 -0.250000

                       Al X   0        Al Y   0        Al Z   0     
                    --------------- --------------- ---------------
    0   5.7110 THz   0.7071  0.0000  0.0000  0.0000  0.7071  0.0000
    1   7.0820 THz   0.5765  0.0000  0.5790 -0.0000 -0.5765 -0.0000
    2   9.5013 THz  -0.4094  0.0000  0.8153 -0.0000  0.4094  0.0000


 Q=  0.125920 -0.125920 -0.125920, q= -0.500000  0.000000  0.000000

                       Al X   0        Al Y   0        Al Z   0     
                    --------------- --------------- ---------------
    0   4.6048 THz   0.8165  0.0000  0.4082  0.0000  0.4082 -0.0000
    1   4.6048 THz   0.0000  0.0000  0.7071  0.0000 -0.7071 -0.0000
    2  10.4977 THz   0.5774  0.0000 -0.5774 -0.0000 -0.5774  0.0000


 Q=  0.188881 -0.062960 -0.188881, q= -0.500000  0.000000  0.250000

                       Al X   0        Al Y   0        Al Z   0     
                    --------------- --------------- ---------------
    0   5.7110 THz   0.7071  0.0000 -0.0000 -0.0000  0.7071 -0.0000
    1   7.0820 THz   0.5765  0.0000  0.5790  0.0000 -0.5765  0.0000
    2   9.5013 THz  -0.4094  0.0000  0.8153  0.0000  0.4094 -0.0000


 Q=  0.062960 -0.314801  0.062960, q= -0.500000  0.250000 -0.500000

                       Al X   0        Al Y   0        Al Z   0     
                    --------------- --------------- ---------------
    0   5.7110 THz  -0.7071  0.0000 -0.0000  0.0000  0.7071 -0.0000
    1   7.0820 THz   0.5765  0.0000 -0.5790  0.0000  0.5765 -0.0000
    2   9.5013 THz   0.4094  0.0000  0.8153  0.0000  0.4094  0.0000


 Q=  0.125920 -0.251841  0.000000, q= -0.500000  0.250000 -0.250000

                       Al X   0        Al Y   0        Al Z   0     
                    --------------- --------------- ---------------
    0   7.0439 THz   1.0000  0.0000  0.0000  0.0000  0.0000  0.0000
    1   8.6342 THz   0.0000  0.0000 -0.1490  0.0142 -0.9859 -0.0743
    2   8.6342 THz   0.0000  0.0000 -0.9850  0.0853  0.1492  0.0125


 Q=  0.188881 -0.188881 -0.062960, q= -0.500000  0.250000  0.000000

                       Al X   0        Al Y   0        Al Z   0     
                    --------------- --------------- ---------------
    0   5.7110 THz  -0.7071  0.0000 -0.7071  0.0000  0.0000 -0.0000
    1   7.0820 THz   0.5765  0.0000 -0.5765  0.0000  0.5790 -0.0000
    2   9.5013 THz  -0.4094  0.0000  0.4094  0.0000  0.8153  0.0000


 Q=  0.251841 -0.125920 -0.125920, q= -0.500000  0.250000  0.250000

                       Al X   0        Al Y   0        Al Z   0     
                    --------------- --------------- ---------------
    0   5.0441 THz   0.0000  0.0000  0.7064  0.0307 -0.7064 -0.0307
    1   7.0119 THz   1.0000  0.0000  0.0000  0.0000  0.0000  0.0000
    2   9.0935 THz   0.0000  0.0000 -0.7048  0.0567 -0.7048  0.0567


 Q= -0.188881 -0.062960 -0.062960, q= -0.250000 -0.500000 -0.500000

                       Al X   0        Al Y   0        Al Z   0     
                    --------------- --------------- ---------------
    0   5.7110 THz   0.0000  0.0000  0.6931  0.1401 -0.6931 -0.1401
    1   7.0820 THz   0.5790  0.0000 -0.5765 -0.0000 -0.5765  0.0000
    2   9.5013 THz   0.8153  0.0000  0.4094  0.0000  0.4094 -0.0000


 Q= -0.125920  0.000000 -0.125920, q= -0.250000 -0.500000 -0.250000

                       Al X   0        Al Y   0        Al Z   0     
                    --------------- --------------- ---------------
    0   5.0441 THz   0.7071  0.0000 -0.0000  0.0000 -0.7071  0.0000
    1   7.0119 THz  -0.0000  0.0000 -0.9999  0.0135  0.0000  0.0000
    2   9.0935 THz  -0.7071 -0.0000  0.0000  0.0000 -0.7071  0.0000


 Q= -0.062960  0.062960 -0.188881, q= -0.250000 -0.500000  0.000000

                       Al X   0        Al Y   0        Al Z   0     
                    --------------- --------------- ---------------
    0   5.7110 THz   0.7071  0.0000  0.7071  0.0000  0.0000  0.0000
    1   7.0820 THz   0.5765  0.0000 -0.5765 -0.0000 -0.5790 -0.0000
    2   9.5013 THz  -0.4094  0.0000  0.4094  0.0000 -0.8153 -0.0000


 Q=  0.000000  0.125920 -0.251841, q= -0.250000 -0.500000  0.250000

                       Al X   0        Al Y   0        Al Z   0     
                    --------------- --------------- ---------------
    0   7.0439 THz   0.0000  0.0000 -0.9967 -0.0812 -0.0000 -0.0000
    1   8.6342 THz   0.0000  0.0000  0.0000 -0.0000 -0.9848  0.1738
    2   8.6342 THz   1.0000  0.0000  0.0000  0.0000  0.0000  0.0000


 Q= -0.125920 -0.125920  0.000000, q= -0.250000 -0.250000 -0.500000

                       Al X   0        Al Y   0        Al Z   0     
                    --------------- --------------- ---------------
    0   5.0441 THz   0.7071  0.0000 -0.7071  0.0000 -0.0000  0.0000
    1   7.0119 THz   0.0000  0.0000  0.0000 -0.0000 -0.6572  0.7537
    2   9.0935 THz  -0.7071  0.0000 -0.7071  0.0000 -0.0000  0.0000


 Q= -0.062960 -0.062960 -0.062960, q= -0.250000 -0.250000 -0.250000

                       Al X   0        Al Y   0        Al Z   0     
                    --------------- --------------- ---------------
    0   3.6159 THz   0.0000  0.0000  0.7070  0.0119 -0.7070 -0.0119
    1   3.6159 THz   0.8165  0.0000 -0.4082  0.0000 -0.4082  0.0000
    2   7.3749 THz  -0.5774  0.0000 -0.5774  0.0000 -0.5774  0.0000


 Q=  0.000000  0.000000 -0.125920, q= -0.250000 -0.250000  0.000000

                       Al X   0        Al Y   0        Al Z   0     
                    --------------- --------------- ---------------
    0   4.6238 THz   1.0000  0.0000  0.0000  0.0000  0.0000  0.0000
    1   4.6238 THz   0.0000  0.0000 -0.9990  0.0445  0.0000  0.0000
    2   7.7109 THz   0.0000  0.0000  0.0000  0.0000 -0.8983  0.4393


 Q=  0.062960  0.062960 -0.188881, q= -0.250000 -0.250000  0.250000

                       Al X   0        Al Y   0        Al Z   0     
                    --------------- --------------- ---------------
    0   5.7110 THz  -0.7071  0.0000  0.7071 -0.0000  0.0000 -0.0000
    1   7.0820 THz   0.5765  0.0000  0.5765 -0.0000  0.5790 -0.0000
    2   9.5013 THz   0.4094  0.0000  0.4094 -0.0000 -0.8153 -0.0000


 Q= -0.062960 -0.188881  0.062960, q= -0.250000  0.000000 -0.500000

                       Al X   0        Al Y   0        Al Z   0     
                    --------------- --------------- ---------------
    0   5.7110 THz   0.7071  0.0000  0.0000  0.0000  0.7071  0.0000
    1   7.0820 THz   0.5765  0.0000 -0.5790  0.0000 -0.5765 -0.0000
    2   9.5013 THz   0.4094  0.0000  0.8153 -0.0000 -0.4094 -0.0000


 Q=  0.000000 -0.125920  0.000000, q= -0.250000  0.000000 -0.250000

                       Al X   0        Al Y   0        Al Z   0     
                    --------------- --------------- ---------------
    0   4.6238 THz   0.0000  0.0000 -0.0000  0.0000 -0.9990 -0.0450
    1   4.6238 THz   1.0000  0.0000  0.0000  0.0000  0.0000  0.0000
    2   7.7109 THz   0.0000  0.0000 -0.9967 -0.0810  0.0000  0.0000


 Q=  0.062960 -0.062960 -0.062960, q= -0.250000  0.000000  0.000000

                       Al X   0        Al Y   0        Al Z   0     
                    --------------- --------------- ---------------
    0   3.6159 THz   0.0000  0.0000  0.6468  0.2857 -0.6468 -0.2857
    1   3.6159 THz   0.8165  0.0000  0.4082  0.0000  0.4082 -0.0000
    2   7.3749 THz   0.5774  0.0000 -0.5774 -0.0000 -0.5774  0.0000


 Q=  0.125920  0.000000 -0.125920, q= -0.250000  0.000000  0.250000

                       Al X   0        Al Y   0        Al Z   0     
                    --------------- --------------- ---------------
    0   5.0441 THz   0.7071  0.0000  0.0000  0.0000  0.7071  0.0000
    1   7.0119 THz   0.0000  0.0000  0.9992 -0.0400  0.0000  0.0000
    2   9.0935 THz   0.7071  0.0000 -0.0000 -0.0000 -0.7071 -0.0000


 Q=  0.000000 -0.251841  0.125920, q= -0.250000  0.250000 -0.500000

                       Al X   0        Al Y   0        Al Z   0     
                    --------------- --------------- ---------------
    0   7.0439 THz   0.0000  0.0000 -0.0000 -0.0000 -0.9972 -0.0744
    1   8.6342 THz   0.0000  0.0000 -1.0000 -0.0093  0.0000  0.0000
    2   8.6342 THz   1.0000  0.0000  0.0000  0.0000  0.0000  0.0000


 Q=  0.062960 -0.188881  0.062960, q= -0.250000  0.250000 -0.250000

                       Al X   0        Al Y   0        Al Z   0     
                    --------------- --------------- ---------------
    0   5.7110 THz  -0.7071  0.0000  0.0000 -0.0000  0.7071 -0.0000
    1   7.0820 THz   0.5765  0.0000  0.5790 -0.0000  0.5765 -0.0000
    2   9.5013 THz  -0.4094  0.0000  0.8153 -0.0000 -0.4094 -0.0000


 Q=  0.125920 -0.125920  0.000000, q= -0.250000  0.250000  0.000000

                       Al X   0        Al Y   0        Al Z   0     
                    --------------- --------------- ---------------
    0   5.0441 THz   0.7071  0.0000  0.7071 -0.0000 -0.0000 -0.0000
    1   7.0119 THz   0.0000  0.0000 -0.0000 -0.0000 -0.4780 -0.8783
    2   9.0935 THz   0.7071  0.0000 -0.7071  0.0000  0.0000  0.0000


 Q=  0.188881 -0.062960 -0.062960, q= -0.250000  0.250000  0.250000

                       Al X   0        Al Y   0        Al Z   0     
                    --------------- --------------- ---------------
    0   5.7110 THz   0.0000  0.0000  0.7071 -0.0034 -0.7071  0.0034
    1   7.0820 THz  -0.5790  0.0000 -0.5765  0.0000 -0.5765 -0.0000
    2   9.5013 THz   0.8153  0.0000 -0.4094  0.0000 -0.4094 -0.0000


 Q= -0.251841  0.000000  0.000000, q=  0.000000 -0.500000 -0.500000

                       Al X   0        Al Y   0        Al Z   0     
                    --------------- --------------- ---------------
    0   6.4378 THz   0.0000  0.0000 -0.2378  0.0000 -0.9713  0.0000
    1   6.4378 THz   0.0000  0.0000 -0.9713  0.0000  0.2378  0.0000
    2  10.3546 THz   1.0000  0.0000  0.0000  0.0000  0.0000  0.0000


 Q= -0.188881  0.062960 -0.062960, q=  0.000000 -0.500000 -0.250000

                       Al X   0        Al Y   0        Al Z   0     
                    --------------- --------------- ---------------
    0   5.7110 THz   0.0000  0.0000 -0.7067  0.0242 -0.7067  0.0242
    1   7.0820 THz  -0.5790  0.0000 -0.5765 -0.0000  0.5765  0.0000
    2   9.5013 THz   0.8153  0.0000 -0.4094 -0.0000  0.4094  0.0000


 Q= -0.125920  0.125920 -0.125920, q=  0.000000 -0.500000  0.000000

                       Al X   0        Al Y   0        Al Z   0     
                    --------------- --------------- ---------------
    0   4.6048 THz   0.7245  0.0000  0.6883  0.0000 -0.0362  0.0000
    1   4.6048 THz   0.3765  0.0000 -0.4392 -0.0000 -0.8157 -0.0000
    2  10.4977 THz  -0.5774 -0.0000  0.5774  0.0000 -0.5774 -0.0000


 Q= -0.062960  0.188881 -0.188881, q=  0.000000 -0.500000  0.250000

                       Al X   0        Al Y   0        Al Z   0     
                    --------------- --------------- ---------------
    0   5.7110 THz   0.0000  0.0000  0.0000 -0.7071  0.0000 -0.7071
    1   7.0820 THz  -0.5790  0.0000 -0.5765  0.0000  0.5765 -0.0000
    2   9.5013 THz   0.8153  0.0000 -0.4094  0.0000  0.4094 -0.0000


 Q= -0.188881 -0.062960  0.062960, q=  0.000000 -0.250000 -0.500000

                       Al X   0        Al Y   0        Al Z   0     
                    --------------- --------------- ---------------
    0   5.7110 THz   0.0000  0.0000 -0.7068  0.0219 -0.7068  0.0219
    1   7.0820 THz   0.5790  0.0000 -0.5765 -0.0000  0.5765  0.0000
    2   9.5013 THz   0.8153  0.0000  0.4094  0.0000 -0.4094 -0.0000


 Q= -0.125920  0.000000  0.000000, q=  0.000000 -0.250000 -0.250000

                       Al X   0        Al Y   0        Al Z   0     
                    --------------- --------------- ---------------
    0   4.6238 THz   0.0000  0.0000 -0.8987 -0.1927  0.3730  0.1265
    1   4.6238 THz   0.0000  0.0000 -0.3387 -0.2010 -0.7310 -0.5573
    2   7.7109 THz   1.0000  0.0000  0.0000  0.0000  0.0000  0.0000


 Q= -0.062960  0.062960 -0.062960, q=  0.000000 -0.250000  0.000000

                       Al X   0        Al Y   0        Al Z   0     
                    --------------- --------------- ---------------
    0   3.6159 THz   0.8165  0.0000  0.4082  0.0000 -0.4082 -0.0000
    1   3.6159 THz   0.0000  0.0000 -0.7066  0.0261 -0.7066  0.0261
    2   7.3749 THz   0.5774  0.0000 -0.5774 -0.0000  0.5774  0.0000


 Q=  0.000000  0.125920 -0.125920, q=  0.000000 -0.250000  0.250000

                       Al X   0        Al Y   0        Al Z   0     
                    --------------- --------------- ---------------
    0   5.0441 THz   0.0000  0.0000 -0.7056 -0.0458 -0.7056 -0.0458
    1   7.0119 THz   1.0000  0.0000  0.0000  0.0000  0.0000  0.0000
    2   9.0935 THz   0.0000  0.0000 -0.7042 -0.0637  0.7042  0.0637


 Q= -0.125920 -0.125920  0.125920, q=  0.000000  0.000000 -0.500000

                       Al X   0        Al Y   0        Al Z   0     
                    --------------- --------------- ---------------
    0   4.6048 THz   0.0000  0.0000 -0.7071  0.0000 -0.7071  0.0000
    1   4.6048 THz   0.8165  0.0000 -0.4082  0.0000  0.4082 -0.0000
    2  10.4977 THz  -0.5774  0.0000 -0.5774  0.0000  0.5774 -0.0000


 Q= -0.062960 -0.062960  0.062960, q=  0.000000  0.000000 -0.250000

                       Al X   0        Al Y   0        Al Z   0     
                    --------------- --------------- ---------------
    0   3.6159 THz   0.0000  0.0000 -0.7071  0.0042 -0.7071  0.0042
    1   3.6159 THz   0.8165  0.0000 -0.4082 -0.0000  0.4082 -0.0000
    2   7.3749 THz  -0.5774  0.0000 -0.5774 -0.0000  0.5774 -0.0000


 Q=  0.000000  0.000000  0.000000, q=  0.000000  0.000000  0.000000

                       Al X   0        Al Y   0        Al Z   0     
                    --------------- --------------- ---------------
    0  -0.0000 THz   0.7590  0.0000 -0.1521  0.0000  0.6331  0.0000
    1  -0.0000 THz  -0.6184  0.0000  0.1360  0.0000  0.7740  0.0000
    2  -0.0000 THz  -0.2038  0.0000 -0.9790  0.0000  0.0092  0.0000


 Q=  0.062960  0.062960 -0.062960, q=  0.000000  0.000000  0.250000

                       Al X   0        Al Y   0        Al Z   0     
                    --------------- --------------- ---------------
    0   3.6159 THz   0.0000  0.0000 -0.7071 -0.0042 -0.7071 -0.0042
    1   3.6159 THz   0.8165  0.0000 -0.4082  0.0000  0.4082  0.0000
    2   7.3749 THz  -0.5774  0.0000 -0.5774  0.0000  0.5774  0.0000


 Q= -0.062960 -0.188881  0.188881, q=  0.000000  0.250000 -0.500000

                       Al X   0        Al Y   0        Al Z   0     
                    --------------- --------------- ---------------
    0   5.7110 THz   0.0000  0.0000 -0.7068 -0.0212 -0.7068 -0.0212
    1   7.0820 THz   0.5790  0.0000 -0.5765  0.0000  0.5765 -0.0000
    2   9.5013 THz   0.8153  0.0000  0.4094 -0.0000 -0.4094  0.0000


 Q=  0.000000 -0.125920  0.125920, q=  0.000000  0.250000 -0.250000

                       Al X   0        Al Y   0        Al Z   0     
                    --------------- --------------- ---------------
    0   5.0441 THz   0.0000  0.0000 -0.7056  0.0458 -0.7056  0.0458
    1   7.0119 THz   1.0000  0.0000  0.0000  0.0000  0.0000  0.0000
    2   9.0935 THz   0.0000  0.0000 -0.7042  0.0637  0.7042 -0.0637


 Q=  0.062960 -0.062960  0.062960, q=  0.000000  0.250000  0.000000

                       Al X   0        Al Y   0        Al Z   0     
                    --------------- --------------- ---------------
    0   3.6159 THz   0.8165  0.0000  0.4082 -0.0000 -0.4082  0.0000
    1   3.6159 THz   0.0000  0.0000 -0.7066 -0.0261 -0.7066 -0.0261
    2   7.3749 THz   0.5774  0.0000 -0.5774  0.0000  0.5774 -0.0000


 Q=  0.125920  0.000000  0.000000, q=  0.000000  0.250000  0.250000

                       Al X   0        Al Y   0        Al Z   0     
                    --------------- --------------- ---------------
    0   4.6238 THz   0.0000  0.0000 -0.8987  0.1927  0.3730 -0.1265
    1   4.6238 THz   0.0000  0.0000 -0.3387  0.2010 -0.7310  0.5573
    2   7.7109 THz   1.0000  0.0000  0.0000  0.0000  0.0000  0.0000


 Q= -0.314801  0.062960  0.062960, q=  0.250000 -0.500000 -0.500000

                       Al X   0        Al Y   0        Al Z   0     
                    --------------- --------------- ---------------
    0   5.7110 THz   0.0000  0.0000  0.6931  0.1401 -0.6931 -0.1401
    1   7.0820 THz   0.5790  0.0000 -0.5765  0.0000 -0.5765 -0.0000
    2   9.5013 THz   0.8153  0.0000  0.4094 -0.0000  0.4094  0.0000


 Q= -0.251841  0.125920  0.000000, q=  0.250000 -0.500000 -0.250000

                       Al X   0        Al Y   0        Al Z   0     
                    --------------- --------------- ---------------
    0   7.0439 THz   0.0000  0.0000 -0.9990  0.0448 -0.0000  0.0000
    1   8.6342 THz   0.0000  0.0000  0.0000  0.0000 -0.9844 -0.1757
    2   8.6342 THz   1.0000  0.0000  0.0000  0.0000  0.0000  0.0000


 Q= -0.188881  0.188881 -0.062960, q=  0.250000 -0.500000  0.000000

                       Al X   0        Al Y   0        Al Z   0     
                    --------------- --------------- ---------------
    0   5.7110 THz   0.7071  0.0000  0.7071 -0.0000  0.0000 -0.0000
    1   7.0820 THz   0.5765  0.0000 -0.5765  0.0000 -0.5790  0.0000
    2   9.5013 THz  -0.4094  0.0000  0.4094 -0.0000 -0.8153  0.0000


 Q= -0.125920  0.251841 -0.125920, q=  0.250000 -0.500000  0.250000

                       Al X   0        Al Y   0        Al Z   0     
                    --------------- --------------- ---------------
    0   5.0441 THz   0.7071  0.0000  0.0000 -0.0000 -0.7071 -0.0000
    1   7.0119 THz   0.0000  0.0000 -0.9990 -0.0454 -0.0000 -0.0000
    2   9.0935 THz   0.7071  0.0000 -0.0000  0.0000  0.7071  0.0000


 Q= -0.251841  0.000000  0.125920, q=  0.250000 -0.250000 -0.500000

                       Al X   0        Al Y   0        Al Z   0     
                    --------------- --------------- ---------------
    0   7.0439 THz   0.0000  0.0000 -0.0000  0.0000 -0.9999 -0.0108
    1   8.6342 THz   0.0000  0.0000 -1.0000  0.0093  0.0000  0.0000
    2   8.6342 THz   1.0000  0.0000  0.0000  0.0000  0.0000  0.0000


 Q= -0.188881  0.062960  0.062960, q=  0.250000 -0.250000 -0.250000

                       Al X   0        Al Y   0        Al Z   0     
                    --------------- --------------- ---------------
    0   5.7110 THz   0.0000  0.0000  0.7071  0.0034 -0.7071 -0.0034
    1   7.0820 THz  -0.5790  0.0000 -0.5765 -0.0000 -0.5765  0.0000
    2   9.5013 THz   0.8153  0.0000 -0.4094 -0.0000 -0.4094  0.0000


 Q= -0.125920  0.125920  0.000000, q=  0.250000 -0.250000  0.000000

                       Al X   0        Al Y   0        Al Z   0     
                    --------------- --------------- ---------------
    0   5.0441 THz   0.7071  0.0000  0.7071  0.0000 -0.0000  0.0000
    1   7.0119 THz   0.0000  0.0000 -0.0000  0.0000 -0.4780  0.8783
    2   9.0935 THz   0.7071  0.0000 -0.7071 -0.0000  0.0000 -0.0000


 Q= -0.062960  0.188881 -0.062960, q=  0.250000 -0.250000  0.250000

                       Al X   0        Al Y   0        Al Z   0     
                    --------------- --------------- ---------------
    0   5.7110 THz  -0.7071  0.0000  0.0000  0.0000  0.7071  0.0000
    1   7.0820 THz   0.5765  0.0000  0.5790  0.0000  0.5765  0.0000
    2   9.5013 THz  -0.4094  0.0000  0.8153  0.0000 -0.4094  0.0000


 Q= -0.188881 -0.062960  0.188881, q=  0.250000  0.000000 -0.500000

                       Al X   0        Al Y   0        Al Z   0     
                    --------------- --------------- ---------------
    0   5.7110 THz   0.7071  0.0000  0.0000 -0.0000  0.7071 -0.0000
    1   7.0820 THz   0.5765  0.0000 -0.5790 -0.0000 -0.5765  0.0000
    2   9.5013 THz   0.4094  0.0000  0.8153  0.0000 -0.4094  0.0000


 Q= -0.125920  0.000000  0.125920, q=  0.250000  0.000000 -0.250000

                       Al X   0        Al Y   0        Al Z   0     
                    --------------- --------------- ---------------
    0   5.0441 THz   0.7071  0.0000  0.0000 -0.0000  0.7071 -0.0000
    1   7.0119 THz   0.0000  0.0000  0.9992  0.0400  0.0000 -0.0000
    2   9.0935 THz   0.7071  0.0000 -0.0000  0.0000 -0.7071  0.0000


 Q= -0.062960  0.062960  0.062960, q=  0.250000  0.000000  0.000000

                       Al X   0        Al Y   0        Al Z   0     
                    --------------- --------------- ---------------
    0   3.6159 THz   0.0000  0.0000  0.6468 -0.2857 -0.6468  0.2857
    1   3.6159 THz   0.8165  0.0000  0.4082 -0.0000  0.4082  0.0000
    2   7.3749 THz   0.5774  0.0000 -0.5774  0.0000 -0.5774 -0.0000


 Q=  0.000000  0.125920  0.000000, q=  0.250000  0.000000  0.250000

                       Al X   0        Al Y   0        Al Z   0     
                    --------------- --------------- ---------------
    0   4.6238 THz   0.0000  0.0000 -0.0000 -0.0000 -0.9990  0.0450
    1   4.6238 THz   1.0000  0.0000  0.0000  0.0000  0.0000  0.0000
    2   7.7109 THz   0.0000  0.0000 -0.9967  0.0810  0.0000 -0.0000


 Q= -0.125920 -0.125920  0.251841, q=  0.250000  0.250000 -0.500000

                       Al X   0        Al Y   0        Al Z   0     
                    --------------- --------------- ---------------
    0   5.0441 THz   0.7071  0.0000 -0.7071 -0.0000  0.0000 -0.0000
    1   7.0119 THz   0.0000  0.0000 -0.0000 -0.0000 -0.9693  0.2460
    2   9.0935 THz  -0.7071  0.0000 -0.7071 -0.0000  0.0000 -0.0000


 Q= -0.062960 -0.062960  0.188881, q=  0.250000  0.250000 -0.250000

                       Al X   0        Al Y   0        Al Z   0     
                    --------------- --------------- ---------------
    0   5.7110 THz  -0.7071  0.0000  0.7071  0.0000  0.0000  0.0000
    1   7.0820 THz   0.5765  0.0000  0.5765  0.0000  0.5790  0.0000
    2   9.5013 THz   0.4094  0.0000  0.4094  0.0000 -0.8153  0.0000


 Q=  0.000000  0.000000  0.125920, q=  0.250000  0.250000  0.000000

                       Al X   0        Al Y   0        Al Z   0     
                    --------------- --------------- ---------------
    0   4.6238 THz   1.0000  0.0000  0.0000  0.0000  0.0000  0.0000
    1   4.6238 THz   0.0000  0.0000 -0.9990 -0.0445  0.0000 -0.0000
    2   7.7109 THz   0.0000  0.0000  0.0000 -0.0000 -0.8983 -0.4393


 Q=  0.062960  0.062960  0.062960, q=  0.250000  0.250000  0.250000

                       Al X   0        Al Y   0        Al Z   0     
                    --------------- --------------- ---------------
    0   3.6159 THz   0.0000  0.0000  0.7070 -0.0119 -0.7070  0.0119
    1   3.6159 THz   0.8165  0.0000 -0.4082 -0.0000 -0.4082 -0.0000
    2   7.3749 THz  -0.5774  0.0000 -0.5774 -0.0000 -0.5774 -0.0000
