
Used Primitive lattice vector

    0.000000000000      1.913121000000      1.913121000000  
    1.913121000000      0.000000000000      1.913121000000  
    1.913121000000      1.913121000000      0.000000000000  

   1 Atom(s) in the Primitive cell

 0.0000000000 0.0000000000 0.0000000000 Al    0


 Q= -0.130677 -0.130677 -0.130677, q= -0.500000 -0.500000 -0.500000

                       Al X   0        Al Y   0        Al Z   0     
                    --------------- --------------- ---------------
    0   5.7307 THz  -0.4207  0.0000 -0.3956  0.0000  0.8164 -0.0000
    1   5.7307 THz   0.6998  0.0000 -0.7142  0.0000  0.0145 -0.0000
    2  12.6616 THz   0.5774  0.0000  0.5774  0.0000  0.5774 -0.0000


 Q= -0.065338 -0.065338 -0.196015, q= -0.500000 -0.500000 -0.250000

                       Al X   0        Al Y   0        Al Z   0     
                    --------------- --------------- ---------------
    0   7.1144 THz   0.7071  0.0000 -0.7071 -0.0000  0.0000  0.0000
    1   8.5725 THz   0.5732  0.0000  0.5732  0.0000 -0.5855  0.0000
    2  11.5757 THz   0.4140  0.0000  0.4140  0.0000  0.8107 -0.0000


 Q=  0.000000  0.000000 -0.261353, q= -0.500000 -0.500000  0.000000

                       Al X   0        Al Y   0        Al Z   0     
                    --------------- --------------- ---------------
    0   8.1002 THz   0.0000  0.0000 -1.0000  0.0000 -0.0000 -0.0000
    1   8.1002 THz   1.0000  0.0000  0.0000  0.0000  0.0000  0.0000
    2  12.3674 THz   0.0000  0.0000  0.0000 -0.0000 -1.0000  0.0000


 Q=  0.065338  0.065338 -0.326691, q= -0.500000 -0.500000  0.250000

                       Al X   0        Al Y   0        Al Z   0     
                    --------------- --------------- ---------------
    0   7.1144 THz   0.7071  0.0000 -0.7071  0.0000 -0.0000 -0.0000
    1   8.5725 THz   0.5732  0.0000  0.5732 -0.0000 -0.5855 -0.0000
    2  11.5757 THz   0.4140  0.0000  0.4140  0.0000  0.8107  0.0000


 Q= -0.065338 -0.196015 -0.065338, q= -0.500000 -0.250000 -0.500000

                       Al X   0        Al Y   0        Al Z   0     
                    --------------- --------------- ---------------
    0   7.1144 THz  -0.7071  0.0000 -0.0000 -0.0000  0.7071  0.0000
    1   8.5725 THz   0.5732  0.0000 -0.5855 -0.0000  0.5732  0.0000
    2  11.5757 THz   0.4140  0.0000  0.8107  0.0000  0.4140 -0.0000


 Q=  0.000000 -0.130677 -0.130677, q= -0.500000 -0.250000 -0.250000

                       Al X   0        Al Y   0        Al Z   0     
                    --------------- --------------- ---------------
    0   6.0430 THz   0.0000  0.0000  0.7052  0.0513 -0.7052 -0.0513
    1   8.5526 THz   1.0000  0.0000  0.0000  0.0000  0.0000  0.0000
    2  11.1077 THz   0.0000  0.0000 -0.5625  0.4284 -0.5625  0.4284


 Q=  0.065338 -0.065338 -0.196015, q= -0.500000 -0.250000  0.000000

                       Al X   0        Al Y   0        Al Z   0     
                    --------------- --------------- ---------------
    0   7.1144 THz  -0.7071  0.0000 -0.7071 -0.0000  0.0000  0.0000
    1   8.5725 THz   0.5732  0.0000 -0.5732 -0.0000  0.5855 -0.0000
    2  11.5757 THz  -0.4140  0.0000  0.4140 -0.0000  0.8107 -0.0000


 Q=  0.130677  0.000000 -0.261353, q= -0.500000 -0.250000  0.250000

                       Al X   0        Al Y   0        Al Z   0     
                    --------------- --------------- ---------------
    0   8.5837 THz   1.0000  0.0000  0.0000  0.0000  0.0000  0.0000
    1  10.4924 THz   0.0000  0.0000  0.5556  0.6130 -0.4836  0.2858
    2  10.4924 THz   0.0000  0.0000 -0.3512 -0.4384 -0.7365  0.3768


 Q=  0.000000 -0.261353  0.000000, q= -0.500000  0.000000 -0.500000

                       Al X   0        Al Y   0        Al Z   0     
                    --------------- --------------- ---------------
    0   8.1002 THz   0.0000  0.0000  0.0000  0.0000 -1.0000 -0.0000
    1   8.1002 THz   1.0000  0.0000  0.0000  0.0000  0.0000  0.0000
    2  12.3674 THz   0.0000  0.0000 -1.0000  0.0000 -0.0000 -0.0000


 Q=  0.065338 -0.196015 -0.065338, q= -0.500000  0.000000 -0.250000

                       Al X   0        Al Y   0        Al Z   0     
                    --------------- --------------- ---------------
    0   7.1144 THz   0.7071  0.0000 -0.0000 -0.0000  0.7071  0.0000
    1   8.5725 THz   0.5732  0.0000  0.5855  0.0000 -0.5732 -0.0000
    2  11.5757 THz  -0.4140  0.0000  0.8107  0.0000  0.4140  0.0000


 Q=  0.130677 -0.130677 -0.130677, q= -0.500000  0.000000  0.000000

                       Al X   0        Al Y   0        Al Z   0     
                    --------------- --------------- ---------------
    0   5.7307 THz   0.8165  0.0000  0.4082 -0.0000  0.4082  0.0000
    1   5.7307 THz   0.0000  0.0000  0.7071  0.0000 -0.7071 -0.0000
    2  12.6616 THz   0.5774  0.0000 -0.5774  0.0000 -0.5774 -0.0000


 Q=  0.196015 -0.065338 -0.196015, q= -0.500000  0.000000  0.250000

                       Al X   0        Al Y   0        Al Z   0     
                    --------------- --------------- ---------------
    0   7.1144 THz   0.7071  0.0000  0.0000  0.0000  0.7071 -0.0000
    1   8.5725 THz   0.5732  0.0000  0.5855 -0.0000 -0.5732  0.0000
    2  11.5757 THz  -0.4140  0.0000  0.8107  0.0000  0.4140  0.0000


 Q=  0.065338 -0.326691  0.065338, q= -0.500000  0.250000 -0.500000

                       Al X   0        Al Y   0        Al Z   0     
                    --------------- --------------- ---------------
    0   7.1144 THz  -0.7071  0.0000  0.0000  0.0000  0.7071 -0.0000
    1   8.5725 THz   0.5732  0.0000 -0.5855  0.0000  0.5732 -0.0000
    2  11.5757 THz   0.4140  0.0000  0.8107 -0.0000  0.4140 -0.0000


 Q=  0.130677 -0.261353  0.000000, q= -0.500000  0.250000 -0.250000

                       Al X   0        Al Y   0        Al Z   0     
                    --------------- --------------- ---------------
    0   8.5837 THz   1.0000  0.0000  0.0000  0.0000  0.0000  0.0000
    1  10.4924 THz   0.0000  0.0000 -0.8748  0.3677 -0.0445 -0.3123
    2  10.4924 THz   0.0000  0.0000  0.2995 -0.0992 -0.0603 -0.9470


 Q=  0.196015 -0.196015 -0.065338, q= -0.500000  0.250000  0.000000

                       Al X   0        Al Y   0        Al Z   0     
                    --------------- --------------- ---------------
    0   7.1144 THz  -0.7071  0.0000 -0.7071 -0.0000  0.0000  0.0000
    1   8.5725 THz   0.5732  0.0000 -0.5732 -0.0000  0.5855  0.0000
    2  11.5757 THz  -0.4140  0.0000  0.4140  0.0000  0.8107  0.0000


 Q=  0.261353 -0.130677 -0.130677, q= -0.500000  0.250000  0.250000

                       Al X   0        Al Y   0        Al Z   0     
                    --------------- --------------- ---------------
    0   6.0430 THz   0.0000  0.0000  0.7060 -0.0399 -0.7060  0.0399
    1   8.5526 THz   1.0000  0.0000  0.0000  0.0000  0.0000  0.0000
    2  11.1077 THz   0.0000  0.0000 -0.6979 -0.1140 -0.6979 -0.1140


 Q= -0.196015 -0.065338 -0.065338, q= -0.250000 -0.500000 -0.500000

                       Al X   0        Al Y   0        Al Z   0     
                    --------------- --------------- ---------------
    0   7.1144 THz   0.0000  0.0000  0.4771 -0.5219 -0.4771  0.5219
    1   8.5725 THz   0.5855  0.0000 -0.5732 -0.0000 -0.5732  0.0000
    2  11.5757 THz   0.8107  0.0000  0.4140  0.0000  0.4140 -0.0000


 Q= -0.130677  0.000000 -0.130677, q= -0.250000 -0.500000 -0.250000

                       Al X   0        Al Y   0        Al Z   0     
                    --------------- --------------- ---------------
    0   6.0430 THz  -0.7071  0.0000  0.0000  0.0000  0.7071  0.0000
    1   8.5526 THz   0.0000  0.0000 -0.9989  0.0473 -0.0000 -0.0000
    2  11.1077 THz   0.7071  0.0000  0.0000  0.0000  0.7071  0.0000


 Q= -0.065338  0.065338 -0.196015, q= -0.250000 -0.500000  0.000000

                       Al X   0        Al Y   0        Al Z   0     
                    --------------- --------------- ---------------
    0   7.1144 THz   0.7071  0.0000  0.7071 -0.0000  0.0000 -0.0000
    1   8.5725 THz   0.5732  0.0000 -0.5732  0.0000 -0.5855  0.0000
    2  11.5757 THz  -0.4140  0.0000  0.4140 -0.0000 -0.8107  0.0000


 Q=  0.000000  0.130677 -0.261353, q= -0.250000 -0.500000  0.250000

                       Al X   0        Al Y   0        Al Z   0     
                    --------------- --------------- ---------------
    0   8.5837 THz   0.0000  0.0000 -0.9602  0.2792  0.0000  0.0000
    1  10.4924 THz   1.0000  0.0000  0.0000  0.0000  0.0000  0.0000
    2  10.4924 THz   0.0000  0.0000 -0.0000  0.0000 -0.9297 -0.3682


 Q= -0.130677 -0.130677  0.000000, q= -0.250000 -0.250000 -0.500000

                       Al X   0        Al Y   0        Al Z   0     
                    --------------- --------------- ---------------
    0   6.0430 THz   0.7071  0.0000 -0.7071  0.0000  0.0000  0.0000
    1   8.5526 THz   0.0000  0.0000 -0.0000 -0.0000 -0.2563 -0.9666
    2  11.1077 THz  -0.7071  0.0000 -0.7071  0.0000  0.0000  0.0000


 Q= -0.065338 -0.065338 -0.065338, q= -0.250000 -0.250000 -0.250000

                       Al X   0        Al Y   0        Al Z   0     
                    --------------- --------------- ---------------
    0   4.3633 THz   0.0000  0.0000  0.7061  0.0380 -0.7061 -0.0380
    1   4.3633 THz   0.8165  0.0000 -0.4082 -0.0000 -0.4082  0.0000
    2   8.8861 THz  -0.5774  0.0000 -0.5774 -0.0000 -0.5774  0.0000


 Q=  0.000000  0.000000 -0.130677, q= -0.250000 -0.250000  0.000000

                       Al X   0        Al Y   0        Al Z   0     
                    --------------- --------------- ---------------
    0   5.8588 THz   1.0000  0.0000  0.0000  0.0000  0.0000  0.0000
    1   5.8588 THz   0.0000  0.0000 -0.9999  0.0166  0.0000  0.0000
    2   9.3016 THz   0.0000  0.0000 -0.0000  0.0000 -0.5285 -0.8489


 Q=  0.065338  0.065338 -0.196015, q= -0.250000 -0.250000  0.250000

                       Al X   0        Al Y   0        Al Z   0     
                    --------------- --------------- ---------------
    0   7.1144 THz  -0.7071  0.0000  0.7071  0.0000  0.0000  0.0000
    1   8.5725 THz   0.5732  0.0000  0.5732  0.0000  0.5855  0.0000
    2  11.5757 THz   0.4140  0.0000  0.4140 -0.0000 -0.8107 -0.0000


 Q= -0.065338 -0.196015  0.065338, q= -0.250000  0.000000 -0.500000

                       Al X   0        Al Y   0        Al Z   0     
                    --------------- --------------- ---------------
    0   7.1144 THz   0.7071  0.0000 -0.0000  0.0000  0.7071  0.0000
    1   8.5725 THz   0.5732  0.0000 -0.5855 -0.0000 -0.5732 -0.0000
    2  11.5757 THz   0.4140  0.0000  0.8107  0.0000 -0.4140 -0.0000


 Q=  0.000000 -0.130677  0.000000, q= -0.250000  0.000000 -0.250000

                       Al X   0        Al Y   0        Al Z   0     
                    --------------- --------------- ---------------
    0   5.8588 THz   0.0000  0.0000 -0.0000  0.0000 -0.9999 -0.0122
    1   5.8588 THz   1.0000  0.0000  0.0000  0.0000  0.0000  0.0000
    2   9.3016 THz   0.0000  0.0000 -0.9356  0.3530  0.0000 -0.0000


 Q=  0.065338 -0.065338 -0.065338, q= -0.250000  0.000000  0.000000

                       Al X   0        Al Y   0        Al Z   0     
                    --------------- --------------- ---------------
    0   4.3633 THz   0.8165  0.0000  0.4082 -0.0000  0.4082  0.0000
    1   4.3633 THz   0.0000  0.0000  0.6978 -0.1146 -0.6978  0.1146
    2   8.8861 THz   0.5774  0.0000 -0.5774  0.0000 -0.5774 -0.0000


 Q=  0.130677  0.000000 -0.130677, q= -0.250000  0.000000  0.250000

                       Al X   0        Al Y   0        Al Z   0     
                    --------------- --------------- ---------------
    0   6.0430 THz  -0.7071  0.0000 -0.0000 -0.0000 -0.7071  0.0000
    1   8.5526 THz   0.0000  0.0000  1.0000  0.0070 -0.0000  0.0000
    2  11.1077 THz   0.7071  0.0000 -0.0000 -0.0000 -0.7071  0.0000


 Q=  0.000000 -0.261353  0.130677, q= -0.250000  0.250000 -0.500000

                       Al X   0        Al Y   0        Al Z   0     
                    --------------- --------------- ---------------
    0   8.5837 THz   0.0000  0.0000 -0.0000  0.0000 -0.2644  0.9644
    1  10.4924 THz   1.0000  0.0000  0.0000  0.0000  0.0000  0.0000
    2  10.4924 THz   0.0000  0.0000 -0.9999 -0.0122  0.0000  0.0000


 Q=  0.065338 -0.196015  0.065338, q= -0.250000  0.250000 -0.250000

                       Al X   0        Al Y   0        Al Z   0     
                    --------------- --------------- ---------------
    0   7.1144 THz  -0.7071  0.0000 -0.0000 -0.0000  0.7071  0.0000
    1   8.5725 THz   0.5732  0.0000  0.5855  0.0000  0.5732  0.0000
    2  11.5757 THz  -0.4140  0.0000  0.8107  0.0000 -0.4140 -0.0000


 Q=  0.130677 -0.130677  0.000000, q= -0.250000  0.250000  0.000000

                       Al X   0        Al Y   0        Al Z   0     
                    --------------- --------------- ---------------
    0   6.0430 THz   0.7071  0.0000  0.7071 -0.0000  0.0000  0.0000
    1   8.5526 THz   0.0000  0.0000  0.0000 -0.0000 -0.4817 -0.8763
    2  11.1077 THz   0.7071  0.0000 -0.7071  0.0000 -0.0000 -0.0000


 Q=  0.196015 -0.065338 -0.065338, q= -0.250000  0.250000  0.250000

                       Al X   0        Al Y   0        Al Z   0     
                    --------------- --------------- ---------------
    0   7.1144 THz   0.0000  0.0000  0.7071  0.0019 -0.7071 -0.0019
    1   8.5725 THz  -0.5855  0.0000 -0.5732 -0.0000 -0.5732  0.0000
    2  11.5757 THz   0.8107  0.0000 -0.4140 -0.0000 -0.4140  0.0000


 Q= -0.261353  0.000000  0.000000, q=  0.000000 -0.500000 -0.500000

                       Al X   0        Al Y   0        Al Z   0     
                    --------------- --------------- ---------------
    0   8.1002 THz   0.0000  0.0000 -0.8020 -0.0000 -0.5973  0.0000
    1   8.1002 THz   0.0000  0.0000  0.5973  0.0000 -0.8020  0.0000
    2  12.3674 THz   1.0000  0.0000  0.0000  0.0000  0.0000  0.0000


 Q= -0.196015  0.065338 -0.065338, q=  0.000000 -0.500000 -0.250000

                       Al X   0        Al Y   0        Al Z   0     
                    --------------- --------------- ---------------
    0   7.1144 THz   0.0000  0.0000 -0.7070  0.0131 -0.7070  0.0131
    1   8.5725 THz  -0.5855  0.0000 -0.5732 -0.0000  0.5732  0.0000
    2  11.5757 THz   0.8107  0.0000 -0.4140 -0.0000  0.4140  0.0000


 Q= -0.130677  0.130677 -0.130677, q=  0.000000 -0.500000  0.000000

                       Al X   0        Al Y   0        Al Z   0     
                    --------------- --------------- ---------------
    0   5.7307 THz   0.0000  0.0000 -0.7071 -0.0000 -0.7071 -0.0000
    1   5.7307 THz   0.8165  0.0000  0.4082  0.0000 -0.4082  0.0000
    2  12.6616 THz   0.5774  0.0000 -0.5774 -0.0000  0.5774 -0.0000


 Q= -0.065338  0.196015 -0.196015, q=  0.000000 -0.500000  0.250000

                       Al X   0        Al Y   0        Al Z   0     
                    --------------- --------------- ---------------
    0   7.1144 THz   0.0000  0.0000 -0.7060  0.0399 -0.7060  0.0399
    1   8.5725 THz  -0.5855  0.0000 -0.5732  0.0000  0.5732 -0.0000
    2  11.5757 THz   0.8107  0.0000 -0.4140  0.0000  0.4140 -0.0000


 Q= -0.196015 -0.065338  0.065338, q=  0.000000 -0.250000 -0.500000

                       Al X   0        Al Y   0        Al Z   0     
                    --------------- --------------- ---------------
    0   7.1144 THz   0.0000  0.0000 -0.7038  0.0686 -0.7038  0.0686
    1   8.5725 THz   0.5855  0.0000 -0.5732  0.0000  0.5732 -0.0000
    2  11.5757 THz   0.8107  0.0000  0.4140 -0.0000 -0.4140  0.0000


 Q= -0.130677  0.000000  0.000000, q=  0.000000 -0.250000 -0.250000

                       Al X   0        Al Y   0        Al Z   0     
                    --------------- --------------- ---------------
    0   5.8588 THz   0.0000  0.0000 -0.1906  0.1587 -0.1087 -0.9626
    1   5.8588 THz   0.0000  0.0000 -0.9619  0.1149 -0.1108  0.2219
    2   9.3016 THz   1.0000  0.0000  0.0000  0.0000  0.0000  0.0000


 Q= -0.065338  0.065338 -0.065338, q=  0.000000 -0.250000  0.000000

                       Al X   0        Al Y   0        Al Z   0     
                    --------------- --------------- ---------------
    0   4.3633 THz   0.3564  0.0000  0.8137 -0.0289  0.4573 -0.0289
    1   4.3633 THz  -0.7346 -0.0000 -0.0590 -0.0140  0.6756 -0.0140
    2   8.8861 THz  -0.5774  0.0000  0.5774  0.0000 -0.5774 -0.0000


 Q=  0.000000  0.130677 -0.130677, q=  0.000000 -0.250000  0.250000

                       Al X   0        Al Y   0        Al Z   0     
                    --------------- --------------- ---------------
    0   6.0430 THz   0.0000  0.0000 -0.6525  0.2724 -0.6525  0.2724
    1   8.5526 THz   1.0000  0.0000  0.0000  0.0000  0.0000  0.0000
    2  11.1077 THz   0.0000  0.0000  0.7040 -0.0658 -0.7040  0.0658


 Q= -0.130677 -0.130677  0.130677, q=  0.000000  0.000000 -0.500000

                       Al X   0        Al Y   0        Al Z   0     
                    --------------- --------------- ---------------
    0   5.7307 THz   0.0000  0.0000 -0.7071 -0.0000 -0.7071 -0.0000
    1   5.7307 THz   0.8165  0.0000 -0.4082  0.0000  0.4082 -0.0000
    2  12.6616 THz  -0.5774  0.0000 -0.5774  0.0000  0.5774 -0.0000


 Q= -0.065338 -0.065338  0.065338, q=  0.000000  0.000000 -0.250000

                       Al X   0        Al Y   0        Al Z   0     
                    --------------- --------------- ---------------
    0   4.3633 THz   0.0000  0.0000 -0.7071 -0.0030 -0.7071 -0.0030
    1   4.3633 THz   0.8165  0.0000 -0.4082  0.0000  0.4082 -0.0000
    2   8.8861 THz  -0.5774  0.0000 -0.5774  0.0000  0.5774 -0.0000


 Q=  0.000000  0.000000  0.000000, q=  0.000000  0.000000  0.000000

                       Al X   0        Al Y   0        Al Z   0     
                    --------------- --------------- ---------------
    0   0.0000 THz  -0.4738  0.0000 -0.2258  0.0000 -0.8512  0.0000
    1  -0.0000 THz   0.1778  0.0000  0.9221  0.0000 -0.3436  0.0000
    2   0.0000 THz   0.8625  0.0000 -0.3141  0.0000 -0.3968  0.0000


 Q=  0.065338  0.065338 -0.065338, q=  0.000000  0.000000  0.250000

                       Al X   0        Al Y   0        Al Z   0     
                    --------------- --------------- ---------------
    0   4.3633 THz   0.0000  0.0000 -0.7071  0.0030 -0.7071  0.0030
    1   4.3633 THz   0.8165  0.0000 -0.4082 -0.0000  0.4082  0.0000
    2   8.8861 THz  -0.5774  0.0000 -0.5774 -0.0000  0.5774  0.0000


 Q= -0.065338 -0.196015  0.196015, q=  0.000000  0.250000 -0.500000

                       Al X   0        Al Y   0        Al Z   0     
                    --------------- --------------- ---------------
    0   7.1144 THz   0.0000  0.0000 -0.7023 -0.0823 -0.7023 -0.0823
    1   8.5725 THz   0.5855  0.0000 -0.5732 -0.0000  0.5732  0.0000
    2  11.5757 THz   0.8107  0.0000  0.4140  0.0000 -0.4140 -0.0000


 Q=  0.000000 -0.130677  0.130677, q=  0.000000  0.250000 -0.250000

                       Al X   0        Al Y   0        Al Z   0     
                    --------------- --------------- ---------------
    0   6.0430 THz   0.0000  0.0000 -0.6525 -0.2724 -0.6525 -0.2724
    1   8.5526 THz   1.0000  0.0000  0.0000  0.0000  0.0000  0.0000
    2  11.1077 THz   0.0000  0.0000  0.7040  0.0658 -0.7040 -0.0658


 Q=  0.065338 -0.065338  0.065338, q=  0.000000  0.250000  0.000000

                       Al X   0        Al Y   0        Al Z   0     
                    --------------- --------------- ---------------
    0   4.3633 THz   0.3564  0.0000  0.8137  0.0289  0.4573  0.0289
    1   4.3633 THz  -0.7346 -0.0000 -0.0590  0.0140  0.6756  0.0140
    2   8.8861 THz  -0.5774  0.0000  0.5774 -0.0000 -0.5774  0.0000


 Q=  0.130677  0.000000  0.000000, q=  0.000000  0.250000  0.250000

                       Al X   0        Al Y   0        Al Z   0     
                    --------------- --------------- ---------------
    0   5.8588 THz   0.0000  0.0000 -0.1906 -0.1587 -0.1087  0.9626
    1   5.8588 THz   0.0000  0.0000 -0.9619 -0.1149 -0.1108 -0.2219
    2   9.3016 THz   1.0000  0.0000  0.0000  0.0000  0.0000  0.0000


 Q= -0.326691  0.065338  0.065338, q=  0.250000 -0.500000 -0.500000

                       Al X   0        Al Y   0        Al Z   0     
                    --------------- --------------- ---------------
    0   7.1144 THz   0.0000  0.0000  0.7006  0.0958 -0.7006 -0.0958
    1   8.5725 THz   0.5855  0.0000 -0.5732  0.0000 -0.5732 -0.0000
    2  11.5757 THz   0.8107  0.0000  0.4140 -0.0000  0.4140  0.0000


 Q= -0.261353  0.130677  0.000000, q=  0.250000 -0.500000 -0.250000

                       Al X   0        Al Y   0        Al Z   0     
                    --------------- --------------- ---------------
    0   8.5837 THz   0.0000  0.0000 -0.9950 -0.0995  0.0000  0.0000
    1  10.4924 THz   1.0000  0.0000  0.0000  0.0000  0.0000  0.0000
    2  10.4924 THz   0.0000  0.0000  0.0000  0.0000 -0.9330  0.3598


 Q= -0.196015  0.196015 -0.065338, q=  0.250000 -0.500000  0.000000

                       Al X   0        Al Y   0        Al Z   0     
                    --------------- --------------- ---------------
    0   7.1144 THz   0.7071  0.0000  0.7071  0.0000 -0.0000  0.0000
    1   8.5725 THz   0.5732  0.0000 -0.5732 -0.0000 -0.5855 -0.0000
    2  11.5757 THz  -0.4140  0.0000  0.4140  0.0000 -0.8107 -0.0000


 Q= -0.130677  0.261353 -0.130677, q=  0.250000 -0.500000  0.250000

                       Al X   0        Al Y   0        Al Z   0     
                    --------------- --------------- ---------------
    0   6.0430 THz  -0.7071  0.0000 -0.0000 -0.0000  0.7071 -0.0000
    1   8.5526 THz   0.0000  0.0000 -0.9982 -0.0607 -0.0000  0.0000
    2  11.1077 THz   0.7071  0.0000 -0.0000 -0.0000  0.7071 -0.0000


 Q= -0.261353  0.000000  0.130677, q=  0.250000 -0.250000 -0.500000

                       Al X   0        Al Y   0        Al Z   0     
                    --------------- --------------- ---------------
    0   8.5837 THz   0.0000  0.0000  0.0000  0.0000 -0.9933 -0.1153
    1  10.4924 THz   0.0000  0.0000 -0.9999  0.0122  0.0000  0.0000
    2  10.4924 THz   1.0000  0.0000  0.0000  0.0000  0.0000  0.0000


 Q= -0.196015  0.065338  0.065338, q=  0.250000 -0.250000 -0.250000

                       Al X   0        Al Y   0        Al Z   0     
                    --------------- --------------- ---------------
    0   7.1144 THz   0.0000  0.0000  0.7071 -0.0019 -0.7071  0.0019
    1   8.5725 THz  -0.5855  0.0000 -0.5732  0.0000 -0.5732 -0.0000
    2  11.5757 THz   0.8107  0.0000 -0.4140  0.0000 -0.4140 -0.0000


 Q= -0.130677  0.130677  0.000000, q=  0.250000 -0.250000  0.000000

                       Al X   0        Al Y   0        Al Z   0     
                    --------------- --------------- ---------------
    0   6.0430 THz   0.7071  0.0000  0.7071  0.0000  0.0000 -0.0000
    1   8.5526 THz   0.0000  0.0000  0.0000  0.0000 -0.4817  0.8763
    2  11.1077 THz   0.7071  0.0000 -0.7071 -0.0000 -0.0000  0.0000


 Q= -0.065338  0.196015 -0.065338, q=  0.250000 -0.250000  0.250000

                       Al X   0        Al Y   0        Al Z   0     
                    --------------- --------------- ---------------
    0   7.1144 THz  -0.7071  0.0000 -0.0000  0.0000  0.7071 -0.0000
    1   8.5725 THz   0.5732  0.0000  0.5855 -0.0000  0.5732 -0.0000
    2  11.5757 THz  -0.4140  0.0000  0.8107 -0.0000 -0.4140  0.0000


 Q= -0.196015 -0.065338  0.196015, q=  0.250000  0.000000 -0.500000

                       Al X   0        Al Y   0        Al Z   0     
                    --------------- --------------- ---------------
    0   7.1144 THz   0.7071  0.0000  0.0000 -0.0000  0.7071 -0.0000
    1   8.5725 THz   0.5732  0.0000 -0.5855  0.0000 -0.5732  0.0000
    2  11.5757 THz   0.4140  0.0000  0.8107 -0.0000 -0.4140  0.0000


 Q= -0.130677  0.000000  0.130677, q=  0.250000  0.000000 -0.250000

                       Al X   0        Al Y   0        Al Z   0     
                    --------------- --------------- ---------------
    0   6.0430 THz  -0.7071  0.0000 -0.0000  0.0000 -0.7071 -0.0000
    1   8.5526 THz   0.0000  0.0000  1.0000 -0.0070 -0.0000 -0.0000
    2  11.1077 THz   0.7071  0.0000 -0.0000  0.0000 -0.7071 -0.0000


 Q= -0.065338  0.065338  0.065338, q=  0.250000  0.000000  0.000000

                       Al X   0        Al Y   0        Al Z   0     
                    --------------- --------------- ---------------
    0   4.3633 THz   0.8165  0.0000  0.4082  0.0000  0.4082 -0.0000
    1   4.3633 THz   0.0000  0.0000  0.6978  0.1146 -0.6978 -0.1146
    2   8.8861 THz   0.5774  0.0000 -0.5774 -0.0000 -0.5774  0.0000


 Q=  0.000000  0.130677  0.000000, q=  0.250000  0.000000  0.250000

                       Al X   0        Al Y   0        Al Z   0     
                    --------------- --------------- ---------------
    0   5.8588 THz   0.0000  0.0000 -0.0000 -0.0000 -0.9999  0.0122
    1   5.8588 THz   1.0000  0.0000  0.0000  0.0000  0.0000  0.0000
    2   9.3016 THz   0.0000  0.0000 -0.9356 -0.3530  0.0000  0.0000


 Q= -0.130677 -0.130677  0.261353, q=  0.250000  0.250000 -0.500000

                       Al X   0        Al Y   0        Al Z   0     
                    --------------- --------------- ---------------
    0   6.0430 THz   0.7071  0.0000 -0.7071 -0.0000  0.0000 -0.0000
    1   8.5526 THz   0.0000  0.0000 -0.0000  0.0000 -0.9698  0.2440
    2  11.1077 THz  -0.7071  0.0000 -0.7071 -0.0000  0.0000 -0.0000


 Q= -0.065338 -0.065338  0.196015, q=  0.250000  0.250000 -0.250000

                       Al X   0        Al Y   0        Al Z   0     
                    --------------- --------------- ---------------
    0   7.1144 THz  -0.7071  0.0000  0.7071 -0.0000  0.0000 -0.0000
    1   8.5725 THz   0.5732  0.0000  0.5732 -0.0000  0.5855 -0.0000
    2  11.5757 THz   0.4140  0.0000  0.4140  0.0000 -0.8107  0.0000


 Q=  0.000000  0.000000  0.130677, q=  0.250000  0.250000  0.000000

                       Al X   0        Al Y   0        Al Z   0     
                    --------------- --------------- ---------------
    0   5.8588 THz   1.0000  0.0000  0.0000  0.0000  0.0000  0.0000
    1   5.8588 THz   0.0000  0.0000 -0.9999 -0.0166  0.0000 -0.0000
    2   9.3016 THz   0.0000  0.0000 -0.0000 -0.0000 -0.5285  0.8489


 Q=  0.065338  0.065338  0.065338, q=  0.250000  0.250000  0.250000

                       Al X   0        Al Y   0        Al Z   0     
                    --------------- --------------- ---------------
    0   4.3633 THz   0.0000  0.0000  0.7061 -0.0380 -0.7061  0.0380
    1   4.3633 THz   0.8165  0.0000 -0.4082  0.0000 -0.4082 -0.0000
    2   8.8861 THz  -0.5774  0.0000 -0.5774  0.0000 -0.5774 -0.0000
