
Used Primitive lattice vector

    0.000000000000      2.035119135500      2.035119135500  
    2.035119135500      0.000000000000      2.035119135500  
    2.035119135500      2.035119135500      0.000000000000  

   1 Atom(s) in the Primitive cell

 0.0000000000 0.0000000000 0.0000000000 Al    0


 Q= -0.122843 -0.122843 -0.122843, q= -0.500000 -0.500000 -0.500000

                       Al X   0        Al Y   0        Al Z   0     
                    --------------- --------------- ---------------
    0   3.8953 THz   0.4113  0.0000  0.4052 -0.0000 -0.8165  0.0000
    1   3.8953 THz   0.7053  0.0000 -0.7089  0.0000  0.0036 -0.0000
    2   9.2139 THz   0.5774  0.0000  0.5774 -0.0000  0.5774  0.0000


 Q= -0.061421 -0.061421 -0.184264, q= -0.500000 -0.500000 -0.250000

                       Al X   0        Al Y   0        Al Z   0     
                    --------------- --------------- ---------------
    0   4.8418 THz   0.7071  0.0000 -0.7071 -0.0000 -0.0000  0.0000
    1   6.1699 THz   0.5762  0.0000  0.5762  0.0000 -0.5797 -0.0000
    2   8.2313 THz   0.4099  0.0000  0.4099 -0.0000  0.8148 -0.0000


 Q=  0.000000  0.000000 -0.245686, q= -0.500000 -0.500000  0.000000

                       Al X   0        Al Y   0        Al Z   0     
                    --------------- --------------- ---------------
    0   5.4671 THz   1.0000  0.0000  0.0000  0.0000  0.0000  0.0000
    1   5.4671 THz   0.0000  0.0000 -1.0000  0.0000  0.0000 -0.0000
    2   9.0933 THz   0.0000  0.0000 -0.0000  0.0000 -1.0000  0.0000


 Q=  0.061421  0.061421 -0.307107, q= -0.500000 -0.500000  0.250000

                       Al X   0        Al Y   0        Al Z   0     
                    --------------- --------------- ---------------
    0   4.8418 THz   0.7071  0.0000 -0.7071  0.0000 -0.0000 -0.0000
    1   6.1699 THz   0.5762  0.0000  0.5762 -0.0000 -0.5797 -0.0000
    2   8.2313 THz   0.4099  0.0000  0.4099  0.0000  0.8148  0.0000


 Q= -0.061421 -0.184264 -0.061421, q= -0.500000 -0.250000 -0.500000

                       Al X   0        Al Y   0        Al Z   0     
                    --------------- --------------- ---------------
    0   4.8418 THz  -0.7071  0.0000 -0.0000  0.0000  0.7071 -0.0000
    1   6.1699 THz   0.5762  0.0000 -0.5797  0.0000  0.5762 -0.0000
    2   8.2313 THz   0.4099  0.0000  0.8148  0.0000  0.4099  0.0000


 Q=  0.000000 -0.122843 -0.122843, q= -0.500000 -0.250000 -0.250000

                       Al X   0        Al Y   0        Al Z   0     
                    --------------- --------------- ---------------
    0   4.3845 THz   0.0000  0.0000  0.2949 -0.6427 -0.2949  0.6427
    1   6.0627 THz   1.0000  0.0000  0.0000  0.0000  0.0000  0.0000
    2   7.9036 THz   0.0000  0.0000 -0.1694  0.6865 -0.1694  0.6865


 Q=  0.061421 -0.061421 -0.184264, q= -0.500000 -0.250000  0.000000

                       Al X   0        Al Y   0        Al Z   0     
                    --------------- --------------- ---------------
    0   4.8418 THz  -0.7071  0.0000 -0.7071 -0.0000 -0.0000  0.0000
    1   6.1699 THz   0.5762  0.0000 -0.5762 -0.0000  0.5797  0.0000
    2   8.2313 THz  -0.4099  0.0000  0.4099 -0.0000  0.8148 -0.0000


 Q=  0.122843  0.000000 -0.245686, q= -0.500000 -0.250000  0.250000

                       Al X   0        Al Y   0        Al Z   0     
                    --------------- --------------- ---------------
    0   6.0857 THz   1.0000  0.0000  0.0000  0.0000  0.0000  0.0000
    1   7.5209 THz   0.0000  0.0000 -0.0382 -0.2351 -0.9201 -0.3109
    2   7.5209 THz   0.0000  0.0000  0.1958 -0.9513  0.1837  0.1516


 Q=  0.000000 -0.245686  0.000000, q= -0.500000  0.000000 -0.500000

                       Al X   0        Al Y   0        Al Z   0     
                    --------------- --------------- ---------------
    0   5.4671 THz   0.0000  0.0000  0.0000  0.0000 -1.0000  0.0000
    1   5.4671 THz   1.0000  0.0000  0.0000  0.0000  0.0000  0.0000
    2   9.0933 THz   0.0000  0.0000  1.0000  0.0000 -0.0000 -0.0000


 Q=  0.061421 -0.184264 -0.061421, q= -0.500000  0.000000 -0.250000

                       Al X   0        Al Y   0        Al Z   0     
                    --------------- --------------- ---------------
    0   4.8418 THz   0.7071  0.0000 -0.0000 -0.0000  0.7071  0.0000
    1   6.1699 THz   0.5762  0.0000  0.5797  0.0000 -0.5762 -0.0000
    2   8.2313 THz  -0.4099  0.0000  0.8148 -0.0000  0.4099  0.0000


 Q=  0.122843 -0.122843 -0.122843, q= -0.500000  0.000000  0.000000

                       Al X   0        Al Y   0        Al Z   0     
                    --------------- --------------- ---------------
    0   3.8953 THz   0.5585  0.0000 -0.2366 -0.0000  0.7951  0.0000
    1   3.8953 THz  -0.5956 -0.0000 -0.7815 -0.0000  0.1859  0.0000
    2   9.2139 THz  -0.5774  0.0000  0.5774  0.0000  0.5774  0.0000


 Q=  0.184264 -0.061421 -0.184264, q= -0.500000  0.000000  0.250000

                       Al X   0        Al Y   0        Al Z   0     
                    --------------- --------------- ---------------
    0   4.8418 THz   0.7071  0.0000 -0.0000  0.0000  0.7071 -0.0000
    1   6.1699 THz   0.5762  0.0000  0.5797 -0.0000 -0.5762  0.0000
    2   8.2313 THz  -0.4099  0.0000  0.8148 -0.0000  0.4099 -0.0000


 Q=  0.061421 -0.307107  0.061421, q= -0.500000  0.250000 -0.500000

                       Al X   0        Al Y   0        Al Z   0     
                    --------------- --------------- ---------------
    0   4.8418 THz  -0.7071  0.0000 -0.0000  0.0000  0.7071 -0.0000
    1   6.1699 THz   0.5762  0.0000 -0.5797  0.0000  0.5762 -0.0000
    2   8.2313 THz   0.4099  0.0000  0.8148 -0.0000  0.4099 -0.0000


 Q=  0.122843 -0.245686  0.000000, q= -0.500000  0.250000 -0.250000

                       Al X   0        Al Y   0        Al Z   0     
                    --------------- --------------- ---------------
    0   6.0857 THz   1.0000  0.0000  0.0000  0.0000  0.0000  0.0000
    1   7.5209 THz   0.0000  0.0000  0.0351  0.0002 -0.5481 -0.8356
    2   7.5209 THz   0.0000  0.0000 -0.9758  0.2159 -0.0253 -0.0243


 Q=  0.184264 -0.184264 -0.061421, q= -0.500000  0.250000  0.000000

                       Al X   0        Al Y   0        Al Z   0     
                    --------------- --------------- ---------------
    0   4.8418 THz  -0.7071  0.0000 -0.7071  0.0000 -0.0000 -0.0000
    1   6.1699 THz   0.5762  0.0000 -0.5762  0.0000  0.5797  0.0000
    2   8.2313 THz  -0.4099  0.0000  0.4099  0.0000  0.8148  0.0000


 Q=  0.245686 -0.122843 -0.122843, q= -0.500000  0.250000  0.250000

                       Al X   0        Al Y   0        Al Z   0     
                    --------------- --------------- ---------------
    0   4.3845 THz   0.0000  0.0000  0.3724 -0.6011 -0.3724  0.6011
    1   6.0627 THz   1.0000  0.0000  0.0000  0.0000  0.0000  0.0000
    2   7.9036 THz   0.0000  0.0000 -0.7010  0.0926 -0.7010  0.0926


 Q= -0.184264 -0.061421 -0.061421, q= -0.250000 -0.500000 -0.500000

                       Al X   0        Al Y   0        Al Z   0     
                    --------------- --------------- ---------------
    0   4.8418 THz   0.0000  0.0000  0.7064 -0.0322 -0.7064  0.0322
    1   6.1699 THz   0.5797  0.0000 -0.5762  0.0000 -0.5762 -0.0000
    2   8.2313 THz   0.8148  0.0000  0.4099 -0.0000  0.4099 -0.0000


 Q= -0.122843  0.000000 -0.122843, q= -0.250000 -0.500000 -0.250000

                       Al X   0        Al Y   0        Al Z   0     
                    --------------- --------------- ---------------
    0   4.3845 THz   0.7071  0.0000  0.0000 -0.0000 -0.7071  0.0000
    1   6.0627 THz   0.0000  0.0000  0.6995  0.7146  0.0000  0.0000
    2   7.9036 THz   0.7071  0.0000  0.0000  0.0000  0.7071 -0.0000


 Q= -0.061421  0.061421 -0.184264, q= -0.250000 -0.500000  0.000000

                       Al X   0        Al Y   0        Al Z   0     
                    --------------- --------------- ---------------
    0   4.8418 THz   0.7071  0.0000  0.7071 -0.0000 -0.0000 -0.0000
    1   6.1699 THz   0.5762  0.0000 -0.5762  0.0000 -0.5797 -0.0000
    2   8.2313 THz  -0.4099  0.0000  0.4099  0.0000 -0.8148 -0.0000


 Q=  0.000000  0.122843 -0.245686, q= -0.250000 -0.500000  0.250000

                       Al X   0        Al Y   0        Al Z   0     
                    --------------- --------------- ---------------
    0   6.0857 THz   0.0000  0.0000 -0.6817 -0.7317 -0.0000 -0.0000
    1   7.5209 THz   0.0000  0.0000 -0.0000 -0.0000  0.9981 -0.0616
    2   7.5209 THz   1.0000  0.0000  0.0000  0.0000  0.0000  0.0000


 Q= -0.122843 -0.122843  0.000000, q= -0.250000 -0.250000 -0.500000

                       Al X   0        Al Y   0        Al Z   0     
                    --------------- --------------- ---------------
    0   4.3845 THz   0.7071  0.0000 -0.7071  0.0000  0.0000  0.0000
    1   6.0627 THz   0.0000  0.0000 -0.0000  0.0000 -0.3237 -0.9462
    2   7.9036 THz  -0.7071  0.0000 -0.7071  0.0000  0.0000  0.0000


 Q= -0.061421 -0.061421 -0.061421, q= -0.250000 -0.250000 -0.250000

                       Al X   0        Al Y   0        Al Z   0     
                    --------------- --------------- ---------------
    0   3.1067 THz   0.5224  0.0000  0.2823 -0.0028 -0.8046  0.0028
    1   3.1067 THz   0.6275  0.0000 -0.7661  0.0023  0.1386 -0.0023
    2   6.4914 THz   0.5774  0.0000  0.5774 -0.0000  0.5774  0.0000


 Q=  0.000000  0.000000 -0.122843, q= -0.250000 -0.250000  0.000000

                       Al X   0        Al Y   0        Al Z   0     
                    --------------- --------------- ---------------
    0   3.8495 THz   1.0000  0.0000  0.0000  0.0000  0.0000  0.0000
    1   3.8495 THz   0.0000  0.0000 -0.5700 -0.8216  0.0000 -0.0000
    2   6.8276 THz   0.0000  0.0000 -0.0000 -0.0000 -0.0880  0.9961


 Q=  0.061421  0.061421 -0.184264, q= -0.250000 -0.250000  0.250000

                       Al X   0        Al Y   0        Al Z   0     
                    --------------- --------------- ---------------
    0   4.8418 THz  -0.7071  0.0000  0.7071 -0.0000 -0.0000 -0.0000
    1   6.1699 THz   0.5762  0.0000  0.5762 -0.0000  0.5797  0.0000
    2   8.2313 THz   0.4099  0.0000  0.4099  0.0000 -0.8148 -0.0000


 Q= -0.061421 -0.184264  0.061421, q= -0.250000  0.000000 -0.500000

                       Al X   0        Al Y   0        Al Z   0     
                    --------------- --------------- ---------------
    0   4.8418 THz   0.7071  0.0000  0.0000  0.0000  0.7071  0.0000
    1   6.1699 THz   0.5762  0.0000 -0.5797  0.0000 -0.5762 -0.0000
    2   8.2313 THz   0.4099  0.0000  0.8148 -0.0000 -0.4099 -0.0000


 Q=  0.000000 -0.122843  0.000000, q= -0.250000  0.000000 -0.250000

                       Al X   0        Al Y   0        Al Z   0     
                    --------------- --------------- ---------------
    0   3.8495 THz   0.0000  0.0000  0.0000 -0.0000 -0.1050  0.9945
    1   3.8495 THz   1.0000  0.0000  0.0000  0.0000  0.0000  0.0000
    2   6.8276 THz   0.0000  0.0000 -0.8535  0.5210  0.0000  0.0000


 Q=  0.061421 -0.061421 -0.061421, q= -0.250000  0.000000  0.000000

                       Al X   0        Al Y   0        Al Z   0     
                    --------------- --------------- ---------------
    0   3.1067 THz   0.5314  0.0000 -0.2708  0.0180  0.8022 -0.0180
    1   3.1067 THz  -0.6199 -0.0000 -0.7699  0.0154  0.1500 -0.0154
    2   6.4914 THz  -0.5774  0.0000  0.5774  0.0000  0.5774 -0.0000


 Q=  0.122843  0.000000 -0.122843, q= -0.250000  0.000000  0.250000

                       Al X   0        Al Y   0        Al Z   0     
                    --------------- --------------- ---------------
    0   4.3845 THz   0.7071  0.0000  0.0000  0.0000  0.7071 -0.0000
    1   6.0627 THz   0.0000  0.0000 -0.9945  0.1051  0.0000 -0.0000
    2   7.9036 THz   0.7071  0.0000  0.0000 -0.0000 -0.7071  0.0000


 Q=  0.000000 -0.245686  0.122843, q= -0.250000  0.250000 -0.500000

                       Al X   0        Al Y   0        Al Z   0     
                    --------------- --------------- ---------------
    0   6.0857 THz   0.0000  0.0000 -0.0000 -0.0000 -0.7816 -0.6238
    1   7.5209 THz   1.0000  0.0000  0.0000  0.0000  0.0000  0.0000
    2   7.5209 THz   0.0000  0.0000 -0.9963 -0.0857  0.0000  0.0000


 Q=  0.061421 -0.184264  0.061421, q= -0.250000  0.250000 -0.250000

                       Al X   0        Al Y   0        Al Z   0     
                    --------------- --------------- ---------------
    0   4.8418 THz  -0.7071  0.0000  0.0000  0.0000  0.7071  0.0000
    1   6.1699 THz   0.5762  0.0000  0.5797  0.0000  0.5762  0.0000
    2   8.2313 THz  -0.4099  0.0000  0.8148 -0.0000 -0.4099  0.0000


 Q=  0.122843 -0.122843  0.000000, q= -0.250000  0.250000  0.000000

                       Al X   0        Al Y   0        Al Z   0     
                    --------------- --------------- ---------------
    0   4.3845 THz   0.7071  0.0000  0.7071 -0.0000 -0.0000 -0.0000
    1   6.0627 THz   0.0000  0.0000 -0.0000 -0.0000 -0.0646 -0.9979
    2   7.9036 THz   0.7071  0.0000 -0.7071  0.0000  0.0000  0.0000


 Q=  0.184264 -0.061421 -0.061421, q= -0.250000  0.250000  0.250000

                       Al X   0        Al Y   0        Al Z   0     
                    --------------- --------------- ---------------
    0   4.8418 THz  -0.0000  0.0000  0.7071 -0.0034 -0.7071  0.0034
    1   6.1699 THz  -0.5797  0.0000 -0.5762  0.0000 -0.5762 -0.0000
    2   8.2313 THz   0.8148  0.0000 -0.4099  0.0000 -0.4099  0.0000


 Q= -0.245686  0.000000  0.000000, q=  0.000000 -0.500000 -0.500000

                       Al X   0        Al Y   0        Al Z   0     
                    --------------- --------------- ---------------
    0   5.4671 THz   0.0000  0.0000 -0.0029  0.0000  1.0000  0.0000
    1   5.4671 THz   0.0000  0.0000 -1.0000 -0.0000 -0.0029 -0.0000
    2   9.0933 THz   1.0000  0.0000  0.0000  0.0000  0.0000  0.0000


 Q= -0.184264  0.061421 -0.061421, q=  0.000000 -0.500000 -0.250000

                       Al X   0        Al Y   0        Al Z   0     
                    --------------- --------------- ---------------
    0   4.8418 THz   0.0000  0.0000 -0.7071  0.0005 -0.7071  0.0005
    1   6.1699 THz  -0.5797  0.0000 -0.5762 -0.0000  0.5762  0.0000
    2   8.2313 THz   0.8148  0.0000 -0.4099 -0.0000  0.4099  0.0000


 Q= -0.122843  0.122843 -0.122843, q=  0.000000 -0.500000  0.000000

                       Al X   0        Al Y   0        Al Z   0     
                    --------------- --------------- ---------------
    0   3.8953 THz  -0.5366  0.0000  0.2647 -0.0000  0.8013 -0.0000
    1   3.8953 THz  -0.6154 -0.0000 -0.7724  0.0000 -0.1570  0.0000
    2   9.2139 THz  -0.5774  0.0000  0.5774 -0.0000 -0.5774 -0.0000


 Q= -0.061421  0.184264 -0.184264, q=  0.000000 -0.500000  0.250000

                       Al X   0        Al Y   0        Al Z   0     
                    --------------- --------------- ---------------
    0   4.8418 THz   0.0000  0.0000 -0.7071  0.0063 -0.7071  0.0063
    1   6.1699 THz  -0.5797  0.0000 -0.5762  0.0000  0.5762 -0.0000
    2   8.2313 THz   0.8148  0.0000 -0.4099 -0.0000  0.4099 -0.0000


 Q= -0.184264 -0.061421  0.061421, q=  0.000000 -0.250000 -0.500000

                       Al X   0        Al Y   0        Al Z   0     
                    --------------- --------------- ---------------
    0   4.8418 THz  -0.0000  0.0000 -0.7070  0.0147 -0.7070  0.0147
    1   6.1699 THz   0.5797  0.0000 -0.5762  0.0000  0.5762  0.0000
    2   8.2313 THz   0.8148  0.0000  0.4099 -0.0000 -0.4099  0.0000


 Q= -0.122843  0.000000  0.000000, q=  0.000000 -0.250000 -0.250000

                       Al X   0        Al Y   0        Al Z   0     
                    --------------- --------------- ---------------
    0   3.8495 THz   0.0000  0.0000 -0.0134  0.0112 -0.0049 -0.9998
    1   3.8495 THz   0.0000  0.0000 -0.1472  0.9890  0.0117  0.0130
    2   6.8276 THz   1.0000  0.0000  0.0000  0.0000  0.0000  0.0000


 Q= -0.061421  0.061421 -0.061421, q=  0.000000 -0.250000  0.000000

                       Al X   0        Al Y   0        Al Z   0     
                    --------------- --------------- ---------------
    0   3.1067 THz   0.5025  0.0000 -0.3060  0.0010 -0.8086  0.0010
    1   3.1067 THz   0.6435  0.0000  0.7570 -0.0008  0.1135 -0.0008
    2   6.4914 THz  -0.5774  0.0000  0.5774  0.0000 -0.5774 -0.0000


 Q=  0.000000  0.122843 -0.122843, q=  0.000000 -0.250000  0.250000

                       Al X   0        Al Y   0        Al Z   0     
                    --------------- --------------- ---------------
    0   4.3845 THz   0.0000  0.0000 -0.6781  0.2003 -0.6781  0.2003
    1   6.0627 THz   1.0000  0.0000  0.0000  0.0000  0.0000  0.0000
    2   7.9036 THz   0.0000  0.0000  0.5532 -0.4405 -0.5532  0.4405


 Q= -0.122843 -0.122843  0.122843, q=  0.000000  0.000000 -0.500000

                       Al X   0        Al Y   0        Al Z   0     
                    --------------- --------------- ---------------
    0   3.8953 THz  -0.4161  0.0000 -0.4003 -0.0000 -0.8164 -0.0000
    1   3.8953 THz   0.7025  0.0000 -0.7116 -0.0000 -0.0091 -0.0000
    2   9.2139 THz   0.5774  0.0000  0.5774  0.0000 -0.5774 -0.0000


 Q= -0.061421 -0.061421  0.061421, q=  0.000000  0.000000 -0.250000

                       Al X   0        Al Y   0        Al Z   0     
                    --------------- --------------- ---------------
    0   3.1067 THz   0.4413  0.0000  0.3742 -0.0069  0.8155 -0.0069
    1   3.1067 THz  -0.6869 -0.0000  0.7256 -0.0044  0.0387 -0.0044
    2   6.4914 THz   0.5774  0.0000  0.5774 -0.0000 -0.5774  0.0000


 Q=  0.000000  0.000000  0.000000, q=  0.000000  0.000000  0.000000

                       Al X   0        Al Y   0        Al Z   0     
                    --------------- --------------- ---------------
    0   0.0000 THz   0.7918  0.0000  0.2764  0.0000  0.5447  0.0000
    1  -0.0000 THz   0.5674  0.0000 -0.0025  0.0000 -0.8235  0.0000
    2   0.0000 THz  -0.2262  0.0000  0.9610  0.0000 -0.1589  0.0000


 Q=  0.061421  0.061421 -0.061421, q=  0.000000  0.000000  0.250000

                       Al X   0        Al Y   0        Al Z   0     
                    --------------- --------------- ---------------
    0   3.1067 THz   0.4413  0.0000  0.3742  0.0069  0.8155  0.0069
    1   3.1067 THz  -0.6869 -0.0000  0.7256  0.0044  0.0387  0.0044
    2   6.4914 THz   0.5774  0.0000  0.5774  0.0000 -0.5774 -0.0000


 Q= -0.061421 -0.184264  0.184264, q=  0.000000  0.250000 -0.500000

                       Al X   0        Al Y   0        Al Z   0     
                    --------------- --------------- ---------------
    0   4.8418 THz  -0.0000  0.0000 -0.7071 -0.0087 -0.7071 -0.0087
    1   6.1699 THz   0.5797  0.0000 -0.5762 -0.0000  0.5762 -0.0000
    2   8.2313 THz   0.8148  0.0000  0.4099  0.0000 -0.4099 -0.0000


 Q=  0.000000 -0.122843  0.122843, q=  0.000000  0.250000 -0.250000

                       Al X   0        Al Y   0        Al Z   0     
                    --------------- --------------- ---------------
    0   4.3845 THz   0.0000  0.0000 -0.6781 -0.2003 -0.6781 -0.2003
    1   6.0627 THz   1.0000  0.0000  0.0000  0.0000  0.0000  0.0000
    2   7.9036 THz   0.0000  0.0000  0.5532  0.4405 -0.5532 -0.4405


 Q=  0.061421 -0.061421  0.061421, q=  0.000000  0.250000  0.000000

                       Al X   0        Al Y   0        Al Z   0     
                    --------------- --------------- ---------------
    0   3.1067 THz   0.5025  0.0000 -0.3060 -0.0010 -0.8086 -0.0010
    1   3.1067 THz   0.6435  0.0000  0.7570  0.0008  0.1135  0.0008
    2   6.4914 THz  -0.5774  0.0000  0.5774 -0.0000 -0.5774  0.0000


 Q=  0.122843  0.000000  0.000000, q=  0.000000  0.250000  0.250000

                       Al X   0        Al Y   0        Al Z   0     
                    --------------- --------------- ---------------
    0   3.8495 THz   0.0000  0.0000 -0.0134 -0.0112 -0.0049  0.9998
    1   3.8495 THz   0.0000  0.0000 -0.1472 -0.9890  0.0117 -0.0130
    2   6.8276 THz   1.0000  0.0000  0.0000  0.0000  0.0000  0.0000


 Q= -0.307107  0.061421  0.061421, q=  0.250000 -0.500000 -0.500000

                       Al X   0        Al Y   0        Al Z   0     
                    --------------- --------------- ---------------
    0   4.8418 THz   0.0000  0.0000  0.7064  0.0322 -0.7064 -0.0322
    1   6.1699 THz   0.5797  0.0000 -0.5762 -0.0000 -0.5762  0.0000
    2   8.2313 THz   0.8148  0.0000  0.4099  0.0000  0.4099  0.0000


 Q= -0.245686  0.122843  0.000000, q=  0.250000 -0.500000 -0.250000

                       Al X   0        Al Y   0        Al Z   0     
                    --------------- --------------- ---------------
    0   6.0857 THz   0.0000  0.0000 -0.9985  0.0548  0.0000  0.0000
    1   7.5209 THz   0.0000  0.0000 -0.0000  0.0000 -0.9983 -0.0582
    2   7.5209 THz   1.0000  0.0000  0.0000  0.0000  0.0000  0.0000


 Q= -0.184264  0.184264 -0.061421, q=  0.250000 -0.500000  0.000000

                       Al X   0        Al Y   0        Al Z   0     
                    --------------- --------------- ---------------
    0   4.8418 THz   0.7071  0.0000  0.7071  0.0000 -0.0000  0.0000
    1   6.1699 THz   0.5762  0.0000 -0.5762 -0.0000 -0.5797  0.0000
    2   8.2313 THz  -0.4099  0.0000  0.4099 -0.0000 -0.8148  0.0000


 Q= -0.122843  0.245686 -0.122843, q=  0.250000 -0.500000  0.250000

                       Al X   0        Al Y   0        Al Z   0     
                    --------------- --------------- ---------------
    0   4.3845 THz  -0.7071  0.0000 -0.0000 -0.0000  0.7071  0.0000
    1   6.0627 THz   0.0000  0.0000 -0.9934 -0.1148  0.0000  0.0000
    2   7.9036 THz   0.7071  0.0000 -0.0000 -0.0000  0.7071  0.0000


 Q= -0.245686  0.000000  0.122843, q=  0.250000 -0.250000 -0.500000

                       Al X   0        Al Y   0        Al Z   0     
                    --------------- --------------- ---------------
    0   6.0857 THz   0.0000  0.0000 -0.0000 -0.0000 -0.9959 -0.0907
    1   7.5209 THz   1.0000  0.0000  0.0000  0.0000  0.0000  0.0000
    2   7.5209 THz   0.0000  0.0000  0.9963 -0.0857 -0.0000 -0.0000


 Q= -0.184264  0.061421  0.061421, q=  0.250000 -0.250000 -0.250000

                       Al X   0        Al Y   0        Al Z   0     
                    --------------- --------------- ---------------
    0   4.8418 THz  -0.0000  0.0000  0.7071  0.0034 -0.7071 -0.0034
    1   6.1699 THz  -0.5797  0.0000 -0.5762 -0.0000 -0.5762  0.0000
    2   8.2313 THz   0.8148  0.0000 -0.4099 -0.0000 -0.4099 -0.0000


 Q= -0.122843  0.122843  0.000000, q=  0.250000 -0.250000  0.000000

                       Al X   0        Al Y   0        Al Z   0     
                    --------------- --------------- ---------------
    0   4.3845 THz   0.7071  0.0000  0.7071  0.0000 -0.0000  0.0000
    1   6.0627 THz   0.0000  0.0000 -0.0000  0.0000 -0.0646  0.9979
    2   7.9036 THz   0.7071  0.0000 -0.7071 -0.0000  0.0000 -0.0000


 Q= -0.061421  0.184264 -0.061421, q=  0.250000 -0.250000  0.250000

                       Al X   0        Al Y   0        Al Z   0     
                    --------------- --------------- ---------------
    0   4.8418 THz  -0.7071  0.0000  0.0000 -0.0000  0.7071 -0.0000
    1   6.1699 THz   0.5762  0.0000  0.5797 -0.0000  0.5762 -0.0000
    2   8.2313 THz  -0.4099  0.0000  0.8148  0.0000 -0.4099 -0.0000


 Q= -0.184264 -0.061421  0.184264, q=  0.250000  0.000000 -0.500000

                       Al X   0        Al Y   0        Al Z   0     
                    --------------- --------------- ---------------
    0   4.8418 THz   0.7071  0.0000  0.0000 -0.0000  0.7071 -0.0000
    1   6.1699 THz   0.5762  0.0000 -0.5797 -0.0000 -0.5762  0.0000
    2   8.2313 THz   0.4099  0.0000  0.8148  0.0000 -0.4099  0.0000


 Q= -0.122843  0.000000  0.122843, q=  0.250000  0.000000 -0.250000

                       Al X   0        Al Y   0        Al Z   0     
                    --------------- --------------- ---------------
    0   4.3845 THz   0.7071  0.0000  0.0000 -0.0000  0.7071  0.0000
    1   6.0627 THz   0.0000  0.0000 -0.9945 -0.1051  0.0000  0.0000
    2   7.9036 THz   0.7071  0.0000  0.0000  0.0000 -0.7071 -0.0000


 Q= -0.061421  0.061421  0.061421, q=  0.250000  0.000000  0.000000

                       Al X   0        Al Y   0        Al Z   0     
                    --------------- --------------- ---------------
    0   3.1067 THz   0.5314  0.0000 -0.2708 -0.0180  0.8022  0.0180
    1   3.1067 THz  -0.6199 -0.0000 -0.7699 -0.0154  0.1500  0.0154
    2   6.4914 THz  -0.5774  0.0000  0.5774 -0.0000  0.5774  0.0000


 Q=  0.000000  0.122843  0.000000, q=  0.250000  0.000000  0.250000

                       Al X   0        Al Y   0        Al Z   0     
                    --------------- --------------- ---------------
    0   3.8495 THz   0.0000  0.0000  0.0000  0.0000 -0.1050 -0.9945
    1   3.8495 THz   1.0000  0.0000  0.0000  0.0000  0.0000  0.0000
    2   6.8276 THz   0.0000  0.0000 -0.8535 -0.5210  0.0000 -0.0000


 Q= -0.122843 -0.122843  0.245686, q=  0.250000  0.250000 -0.500000

                       Al X   0        Al Y   0        Al Z   0     
                    --------------- --------------- ---------------
    0   4.3845 THz   0.7071  0.0000 -0.7071 -0.0000  0.0000 -0.0000
    1   6.0627 THz   0.0000  0.0000 -0.0000 -0.0000 -0.9905  0.1376
    2   7.9036 THz  -0.7071  0.0000 -0.7071 -0.0000  0.0000 -0.0000


 Q= -0.061421 -0.061421  0.184264, q=  0.250000  0.250000 -0.250000

                       Al X   0        Al Y   0        Al Z   0     
                    --------------- --------------- ---------------
    0   4.8418 THz  -0.7071  0.0000  0.7071  0.0000 -0.0000  0.0000
    1   6.1699 THz   0.5762  0.0000  0.5762  0.0000  0.5797 -0.0000
    2   8.2313 THz   0.4099  0.0000  0.4099 -0.0000 -0.8148  0.0000


 Q=  0.000000  0.000000  0.122843, q=  0.250000  0.250000  0.000000

                       Al X   0        Al Y   0        Al Z   0     
                    --------------- --------------- ---------------
    0   3.8495 THz   1.0000  0.0000  0.0000  0.0000  0.0000  0.0000
    1   3.8495 THz   0.0000  0.0000 -0.5700  0.8216  0.0000  0.0000
    2   6.8276 THz   0.0000  0.0000 -0.0000  0.0000 -0.0880 -0.9961


 Q=  0.061421  0.061421  0.061421, q=  0.250000  0.250000  0.250000

                       Al X   0        Al Y   0        Al Z   0     
                    --------------- --------------- ---------------
    0   3.1067 THz   0.5224  0.0000  0.2823  0.0028 -0.8046 -0.0028
    1   3.1067 THz   0.6275  0.0000 -0.7661 -0.0023  0.1386  0.0023
    2   6.4914 THz   0.5774  0.0000  0.5774  0.0000  0.5774 -0.0000
