
Used Primitive lattice vector

    0.000000000000      2.052733000000      2.052733000000  
    2.052733000000      0.000000000000      2.052733000000  
    2.052733000000      2.052733000000      0.000000000000  

   1 Atom(s) in the Primitive cell

 0.0000000000 0.0000000000 0.0000000000 Al    0


 Q= -0.121789 -0.121789 -0.121789, q= -0.500000 -0.500000 -0.500000

                       Al X   0        Al Y   0        Al Z   0     
                    --------------- --------------- ---------------
    0   3.6375 THz   0.6601  0.0000 -0.7462 -0.0000  0.0861  0.0000
    1   3.6375 THz   0.4806  0.0000  0.3314  0.0000 -0.8119 -0.0000
    2   8.7644 THz   0.5774  0.0000  0.5774  0.0000  0.5774  0.0000


 Q= -0.060894 -0.060894 -0.182683, q= -0.500000 -0.500000 -0.250000

                       Al X   0        Al Y   0        Al Z   0     
                    --------------- --------------- ---------------
    0   4.5321 THz   0.7071  0.0000 -0.7071  0.0000 -0.0000 -0.0000
    1   5.8492 THz   0.5756  0.0000  0.5756 -0.0000 -0.5809 -0.0000
    2   7.7869 THz   0.4107  0.0000  0.4107  0.0000  0.8140  0.0000


 Q=  0.000000  0.000000 -0.243578, q= -0.500000 -0.500000  0.000000

                       Al X   0        Al Y   0        Al Z   0     
                    --------------- --------------- ---------------
    0   5.1323 THz   0.0000  0.0000 -1.0000  0.0000 -0.0000  0.0000
    1   5.1323 THz   1.0000  0.0000  0.0000  0.0000  0.0000  0.0000
    2   8.6416 THz   0.0000  0.0000  0.0000  0.0000 -1.0000  0.0000


 Q=  0.060894  0.060894 -0.304472, q= -0.500000 -0.500000  0.250000

                       Al X   0        Al Y   0        Al Z   0     
                    --------------- --------------- ---------------
    0   4.5321 THz   0.7071  0.0000 -0.7071  0.0000 -0.0000 -0.0000
    1   5.8492 THz   0.5756  0.0000  0.5756 -0.0000 -0.5809  0.0000
    2   7.7869 THz   0.4107  0.0000  0.4107  0.0000  0.8140 -0.0000


 Q= -0.060894 -0.182683 -0.060894, q= -0.500000 -0.250000 -0.500000

                       Al X   0        Al Y   0        Al Z   0     
                    --------------- --------------- ---------------
    0   4.5321 THz  -0.7071  0.0000 -0.0000  0.0000  0.7071 -0.0000
    1   5.8492 THz   0.5756  0.0000 -0.5809 -0.0000  0.5756 -0.0000
    2   7.7869 THz   0.4107  0.0000  0.8140  0.0000  0.4107  0.0000


 Q=  0.000000 -0.121789 -0.121789, q= -0.500000 -0.250000 -0.250000

                       Al X   0        Al Y   0        Al Z   0     
                    --------------- --------------- ---------------
    0   4.1475 THz   0.0000  0.0000  0.5194 -0.4799 -0.5194  0.4799
    1   5.7282 THz   1.0000  0.0000  0.0000  0.0000  0.0000  0.0000
    2   7.4895 THz   0.0000  0.0000 -0.7032 -0.0740 -0.7032 -0.0740


 Q=  0.060894 -0.060894 -0.182683, q= -0.500000 -0.250000  0.000000

                       Al X   0        Al Y   0        Al Z   0     
                    --------------- --------------- ---------------
    0   4.5321 THz  -0.7071  0.0000 -0.7071  0.0000  0.0000 -0.0000
    1   5.8492 THz   0.5756  0.0000 -0.5756  0.0000  0.5809 -0.0000
    2   7.7869 THz  -0.4107  0.0000  0.4107  0.0000  0.8140 -0.0000


 Q=  0.121789  0.000000 -0.243578, q= -0.500000 -0.250000  0.250000

                       Al X   0        Al Y   0        Al Z   0     
                    --------------- --------------- ---------------
    0   5.7494 THz   1.0000  0.0000  0.0000  0.0000  0.0000  0.0000
    1   7.1318 THz   0.0000  0.0000 -0.9154  0.1922 -0.3034 -0.1817
    2   7.1318 THz   0.0000  0.0000 -0.3482  0.0620  0.7873  0.5050


 Q=  0.000000 -0.243578  0.000000, q= -0.500000  0.000000 -0.500000

                       Al X   0        Al Y   0        Al Z   0     
                    --------------- --------------- ---------------
    0   5.1323 THz   1.0000  0.0000  0.0000  0.0000  0.0000  0.0000
    1   5.1323 THz   0.0000  0.0000  0.0000  0.0000  1.0000  0.0000
    2   8.6416 THz   0.0000  0.0000 -1.0000 -0.0000  0.0000  0.0000


 Q=  0.060894 -0.182683 -0.060894, q= -0.500000  0.000000 -0.250000

                       Al X   0        Al Y   0        Al Z   0     
                    --------------- --------------- ---------------
    0   4.5321 THz   0.7071  0.0000 -0.0000  0.0000  0.7071 -0.0000
    1   5.8492 THz   0.5756  0.0000  0.5809  0.0000 -0.5756  0.0000
    2   7.7869 THz  -0.4107  0.0000  0.8140  0.0000  0.4107  0.0000


 Q=  0.121789 -0.121789 -0.121789, q= -0.500000  0.000000  0.000000

                       Al X   0        Al Y   0        Al Z   0     
                    --------------- --------------- ---------------
    0   3.6375 THz   0.4796  0.0000  0.8121 -0.0000 -0.3325  0.0000
    1   3.6375 THz   0.6608  0.0000 -0.0849  0.0000  0.7457 -0.0000
    2   8.7644 THz  -0.5774  0.0000  0.5774  0.0000  0.5774 -0.0000


 Q=  0.182683 -0.060894 -0.182683, q= -0.500000  0.000000  0.250000

                       Al X   0        Al Y   0        Al Z   0     
                    --------------- --------------- ---------------
    0   4.5321 THz   0.7071  0.0000 -0.0000  0.0000  0.7071  0.0000
    1   5.8492 THz   0.5756  0.0000  0.5809 -0.0000 -0.5756  0.0000
    2   7.7869 THz  -0.4107  0.0000  0.8140 -0.0000  0.4107  0.0000


 Q=  0.060894 -0.304472  0.060894, q= -0.500000  0.250000 -0.500000

                       Al X   0        Al Y   0        Al Z   0     
                    --------------- --------------- ---------------
    0   4.5321 THz  -0.7071  0.0000  0.0000 -0.0000  0.7071  0.0000
    1   5.8492 THz   0.5756  0.0000 -0.5809 -0.0000  0.5756  0.0000
    2   7.7869 THz   0.4107  0.0000  0.8140 -0.0000  0.4107 -0.0000


 Q=  0.121789 -0.243578  0.000000, q= -0.500000  0.250000 -0.250000

                       Al X   0        Al Y   0        Al Z   0     
                    --------------- --------------- ---------------
    0   5.7494 THz   1.0000  0.0000  0.0000  0.0000  0.0000  0.0000
    1   7.1318 THz   0.0000  0.0000  0.2212  0.6652 -0.6387  0.3173
    2   7.1318 THz   0.0000  0.0000 -0.7076  0.0885  0.1832  0.6767


 Q=  0.182683 -0.182683 -0.060894, q= -0.500000  0.250000  0.000000

                       Al X   0        Al Y   0        Al Z   0     
                    --------------- --------------- ---------------
    0   4.5321 THz  -0.7071  0.0000 -0.7071 -0.0000 -0.0000  0.0000
    1   5.8492 THz   0.5756  0.0000 -0.5756 -0.0000  0.5809  0.0000
    2   7.7869 THz  -0.4107  0.0000  0.4107  0.0000  0.8140  0.0000


 Q=  0.243578 -0.121789 -0.121789, q= -0.500000  0.250000  0.250000

                       Al X   0        Al Y   0        Al Z   0     
                    --------------- --------------- ---------------
    0   4.1475 THz   0.0000  0.0000 -0.0835  0.7022  0.0835 -0.7022
    1   5.7282 THz   1.0000  0.0000  0.0000  0.0000  0.0000  0.0000
    2   7.4895 THz   0.0000  0.0000 -0.6958  0.1260 -0.6958  0.1260


 Q= -0.182683 -0.060894 -0.060894, q= -0.250000 -0.500000 -0.500000

                       Al X   0        Al Y   0        Al Z   0     
                    --------------- --------------- ---------------
    0   4.5321 THz   0.0000  0.0000  0.7068  0.0215 -0.7068 -0.0215
    1   5.8492 THz   0.5809  0.0000 -0.5756 -0.0000 -0.5756 -0.0000
    2   7.7869 THz   0.8140  0.0000  0.4107  0.0000  0.4107  0.0000


 Q= -0.121789  0.000000 -0.121789, q= -0.250000 -0.500000 -0.250000

                       Al X   0        Al Y   0        Al Z   0     
                    --------------- --------------- ---------------
    0   4.1475 THz   0.7071  0.0000  0.0000 -0.0000 -0.7071  0.0000
    1   5.7282 THz   0.0000  0.0000  0.9994  0.0336  0.0000  0.0000
    2   7.4895 THz  -0.7071  0.0000  0.0000 -0.0000 -0.7071  0.0000


 Q= -0.060894  0.060894 -0.182683, q= -0.250000 -0.500000  0.000000

                       Al X   0        Al Y   0        Al Z   0     
                    --------------- --------------- ---------------
    0   4.5321 THz   0.7071  0.0000  0.7071 -0.0000  0.0000  0.0000
    1   5.8492 THz   0.5756  0.0000 -0.5756  0.0000 -0.5809  0.0000
    2   7.7869 THz  -0.4107  0.0000  0.4107 -0.0000 -0.8140  0.0000


 Q=  0.000000  0.121789 -0.243578, q= -0.250000 -0.500000  0.250000

                       Al X   0        Al Y   0        Al Z   0     
                    --------------- --------------- ---------------
    0   5.7494 THz   0.0000  0.0000 -0.9934 -0.1147  0.0000 -0.0000
    1   7.1318 THz   1.0000  0.0000  0.0000  0.0000  0.0000  0.0000
    2   7.1318 THz   0.0000  0.0000  0.0000 -0.0000 -0.7092 -0.7050


 Q= -0.121789 -0.121789  0.000000, q= -0.250000 -0.250000 -0.500000

                       Al X   0        Al Y   0        Al Z   0     
                    --------------- --------------- ---------------
    0   4.1475 THz   0.7071  0.0000 -0.7071 -0.0000 -0.0000 -0.0000
    1   5.7282 THz   0.0000  0.0000 -0.0000 -0.0000 -0.2113  0.9774
    2   7.4895 THz   0.7071  0.0000  0.7071  0.0000  0.0000  0.0000


 Q= -0.060894 -0.060894 -0.060894, q= -0.250000 -0.250000 -0.250000

                       Al X   0        Al Y   0        Al Z   0     
                    --------------- --------------- ---------------
    0   2.9195 THz   0.5328  0.0000 -0.8022  0.0059  0.2694 -0.0059
    1   2.9195 THz  -0.6187 -0.0000 -0.1521  0.0051  0.7707 -0.0051
    2   6.1801 THz   0.5774  0.0000  0.5774  0.0000  0.5774  0.0000


 Q=  0.000000  0.000000 -0.121789, q= -0.250000 -0.250000  0.000000

                       Al X   0        Al Y   0        Al Z   0     
                    --------------- --------------- ---------------
    0   3.5716 THz   0.0000  0.0000 -0.5845  0.8114 -0.0000  0.0000
    1   3.5716 THz   1.0000  0.0000  0.0000  0.0000  0.0000  0.0000
    2   6.5187 THz   0.0000  0.0000  0.0000 -0.0000 -0.8048  0.5936


 Q=  0.060894  0.060894 -0.182683, q= -0.250000 -0.250000  0.250000

                       Al X   0        Al Y   0        Al Z   0     
                    --------------- --------------- ---------------
    0   4.5321 THz  -0.7071  0.0000  0.7071  0.0000 -0.0000  0.0000
    1   5.8492 THz   0.5756  0.0000  0.5756  0.0000  0.5809  0.0000
    2   7.7869 THz   0.4107  0.0000  0.4107  0.0000 -0.8140  0.0000


 Q= -0.060894 -0.182683  0.060894, q= -0.250000  0.000000 -0.500000

                       Al X   0        Al Y   0        Al Z   0     
                    --------------- --------------- ---------------
    0   4.5321 THz   0.7071  0.0000 -0.0000 -0.0000  0.7071 -0.0000
    1   5.8492 THz   0.5756  0.0000 -0.5809  0.0000 -0.5756  0.0000
    2   7.7869 THz   0.4107  0.0000  0.8140  0.0000 -0.4107 -0.0000


 Q=  0.000000 -0.121789  0.000000, q= -0.250000  0.000000 -0.250000

                       Al X   0        Al Y   0        Al Z   0     
                    --------------- --------------- ---------------
    0   3.5716 THz   1.0000  0.0000  0.0000  0.0000  0.0000  0.0000
    1   3.5716 THz   0.0000  0.0000 -0.0000  0.0000 -0.9816  0.1909
    2   6.5187 THz   0.0000  0.0000  0.8297  0.5582  0.0000 -0.0000


 Q=  0.060894 -0.060894 -0.060894, q= -0.250000  0.000000  0.000000

                       Al X   0        Al Y   0        Al Z   0     
                    --------------- --------------- ---------------
    0   2.9195 THz   0.6327  0.0000  0.7629  0.0189 -0.1302 -0.0189
    1   2.9195 THz   0.5161  0.0000 -0.2894 -0.0231  0.8055  0.0231
    2   6.1801 THz  -0.5774  0.0000  0.5774  0.0000  0.5774  0.0000


 Q=  0.121789  0.000000 -0.121789, q= -0.250000  0.000000  0.250000

                       Al X   0        Al Y   0        Al Z   0     
                    --------------- --------------- ---------------
    0   4.1475 THz   0.7071  0.0000  0.0000 -0.0000  0.7071  0.0000
    1   5.7282 THz   0.0000  0.0000 -0.9985  0.0542  0.0000  0.0000
    2   7.4895 THz  -0.7071  0.0000  0.0000 -0.0000  0.7071  0.0000


 Q=  0.000000 -0.243578  0.121789, q= -0.250000  0.250000 -0.500000

                       Al X   0        Al Y   0        Al Z   0     
                    --------------- --------------- ---------------
    0   5.7494 THz   0.0000  0.0000 -0.0000 -0.0000 -0.0883 -0.9961
    1   7.1318 THz   0.0000  0.0000 -1.0000  0.0011  0.0000  0.0000
    2   7.1318 THz   1.0000  0.0000  0.0000  0.0000  0.0000  0.0000


 Q=  0.060894 -0.182683  0.060894, q= -0.250000  0.250000 -0.250000

                       Al X   0        Al Y   0        Al Z   0     
                    --------------- --------------- ---------------
    0   4.5321 THz  -0.7071  0.0000 -0.0000 -0.0000  0.7071  0.0000
    1   5.8492 THz   0.5756  0.0000  0.5809 -0.0000  0.5756  0.0000
    2   7.7869 THz  -0.4107  0.0000  0.8140 -0.0000 -0.4107 -0.0000


 Q=  0.121789 -0.121789  0.000000, q= -0.250000  0.250000  0.000000

                       Al X   0        Al Y   0        Al Z   0     
                    --------------- --------------- ---------------
    0   4.1475 THz  -0.7071  0.0000 -0.7071 -0.0000  0.0000 -0.0000
    1   5.7282 THz   0.0000  0.0000 -0.0000  0.0000 -0.4441  0.8960
    2   7.4895 THz   0.7071  0.0000 -0.7071 -0.0000  0.0000 -0.0000


 Q=  0.182683 -0.060894 -0.060894, q= -0.250000  0.250000  0.250000

                       Al X   0        Al Y   0        Al Z   0     
                    --------------- --------------- ---------------
    0   4.5321 THz   0.0000  0.0000  0.7054 -0.0485 -0.7054  0.0485
    1   5.8492 THz  -0.5809  0.0000 -0.5756 -0.0000 -0.5756 -0.0000
    2   7.7869 THz   0.8140  0.0000 -0.4107 -0.0000 -0.4107 -0.0000


 Q= -0.243578  0.000000  0.000000, q=  0.000000 -0.500000 -0.500000

                       Al X   0        Al Y   0        Al Z   0     
                    --------------- --------------- ---------------
    0   5.1323 THz   0.0000  0.0000 -0.9976 -0.0000 -0.0690 -0.0000
    1   5.1323 THz   0.0000  0.0000  0.0690 -0.0000 -0.9976  0.0000
    2   8.6416 THz   1.0000  0.0000  0.0000  0.0000  0.0000  0.0000


 Q= -0.182683  0.060894 -0.060894, q=  0.000000 -0.500000 -0.250000

                       Al X   0        Al Y   0        Al Z   0     
                    --------------- --------------- ---------------
    0   4.5321 THz   0.0000  0.0000 -0.7042 -0.0637 -0.7042 -0.0637
    1   5.8492 THz  -0.5809  0.0000 -0.5756 -0.0000  0.5756 -0.0000
    2   7.7869 THz   0.8140  0.0000 -0.4107 -0.0000  0.4107 -0.0000


 Q= -0.121789  0.121789 -0.121789, q=  0.000000 -0.500000  0.000000

                       Al X   0        Al Y   0        Al Z   0     
                    --------------- --------------- ---------------
    0   3.6375 THz   0.0000  0.0000 -0.7071  0.0000 -0.7071  0.0000
    1   3.6375 THz   0.8165  0.0000  0.4082 -0.0000 -0.4082 -0.0000
    2   8.7644 THz   0.5774  0.0000 -0.5774  0.0000  0.5774  0.0000


 Q= -0.060894  0.182683 -0.182683, q=  0.000000 -0.500000  0.250000

                       Al X   0        Al Y   0        Al Z   0     
                    --------------- --------------- ---------------
    0   4.5321 THz   0.0000  0.0000 -0.7065 -0.0295 -0.7065 -0.0295
    1   5.8492 THz  -0.5809  0.0000 -0.5756 -0.0000  0.5756  0.0000
    2   7.7869 THz   0.8140  0.0000 -0.4107 -0.0000  0.4107  0.0000


 Q= -0.182683 -0.060894  0.060894, q=  0.000000 -0.250000 -0.500000

                       Al X   0        Al Y   0        Al Z   0     
                    --------------- --------------- ---------------
    0   4.5321 THz   0.0000  0.0000 -0.7057  0.0446 -0.7057  0.0446
    1   5.8492 THz   0.5809  0.0000 -0.5756  0.0000  0.5756 -0.0000
    2   7.7869 THz   0.8140  0.0000  0.4107 -0.0000 -0.4107  0.0000


 Q= -0.121789  0.000000  0.000000, q=  0.000000 -0.250000 -0.250000

                       Al X   0        Al Y   0        Al Z   0     
                    --------------- --------------- ---------------
    0   3.5716 THz   0.0000  0.0000 -0.8533  0.4262  0.0101 -0.3004
    1   3.5716 THz   0.0000  0.0000 -0.2848  0.0960 -0.1631  0.9397
    2   6.5187 THz   1.0000  0.0000  0.0000  0.0000  0.0000  0.0000


 Q= -0.060894  0.060894 -0.060894, q=  0.000000 -0.250000  0.000000

                       Al X   0        Al Y   0        Al Z   0     
                    --------------- --------------- ---------------
    0   2.9195 THz   0.4197  0.0000  0.8161  0.0199  0.3964  0.0199
    1   2.9195 THz  -0.7004 -0.0000  0.0131  0.0119  0.7135  0.0119
    2   6.1801 THz  -0.5774 -0.0000  0.5774 -0.0000 -0.5774 -0.0000


 Q=  0.000000  0.121789 -0.121789, q=  0.000000 -0.250000  0.250000

                       Al X   0        Al Y   0        Al Z   0     
                    --------------- --------------- ---------------
    0   4.1475 THz   0.0000  0.0000 -0.6926 -0.1425 -0.6926 -0.1425
    1   5.7282 THz   1.0000  0.0000  0.0000  0.0000  0.0000  0.0000
    2   7.4895 THz   0.0000  0.0000  0.6491  0.2804 -0.6491 -0.2804


 Q= -0.121789 -0.121789  0.121789, q=  0.000000  0.000000 -0.500000

                       Al X   0        Al Y   0        Al Z   0     
                    --------------- --------------- ---------------
    0   3.6375 THz   0.4989  0.0000 -0.8092  0.0000 -0.3102  0.0000
    1   3.6375 THz   0.6463  0.0000  0.1089 -0.0000  0.7553 -0.0000
    2   8.7644 THz   0.5774  0.0000  0.5774  0.0000 -0.5774  0.0000


 Q= -0.060894 -0.060894  0.060894, q=  0.000000  0.000000 -0.250000

                       Al X   0        Al Y   0        Al Z   0     
                    --------------- --------------- ---------------
    0   2.9195 THz  -0.3786  0.0000  0.8139 -0.0492  0.4353 -0.0492
    1   2.9195 THz   0.7234  0.0000 -0.0349 -0.0257  0.6885 -0.0257
    2   6.1801 THz   0.5774  0.0000  0.5774  0.0000 -0.5774 -0.0000


 Q=  0.000000  0.000000  0.000000, q=  0.000000  0.000000  0.000000

                       Al X   0        Al Y   0        Al Z   0     
                    --------------- --------------- ---------------
    0  -0.0000 THz  -0.7998  0.0000 -0.1150  0.0000  0.5891  0.0000
    1  -0.0000 THz   0.5716  0.0000  0.1532  0.0000  0.8061  0.0000
    2  -0.0000 THz  -0.1830  0.0000  0.9815  0.0000 -0.0568  0.0000


 Q=  0.060894  0.060894 -0.060894, q=  0.000000  0.000000  0.250000

                       Al X   0        Al Y   0        Al Z   0     
                    --------------- --------------- ---------------
    0   2.9195 THz  -0.3786  0.0000  0.8139  0.0492  0.4353  0.0492
    1   2.9195 THz   0.7234  0.0000 -0.0349  0.0257  0.6885  0.0257
    2   6.1801 THz   0.5774  0.0000  0.5774 -0.0000 -0.5774  0.0000


 Q= -0.060894 -0.182683  0.182683, q=  0.000000  0.250000 -0.500000

                       Al X   0        Al Y   0        Al Z   0     
                    --------------- --------------- ---------------
    0   4.5321 THz   0.0000  0.0000 -0.7027 -0.0787 -0.7027 -0.0787
    1   5.8492 THz   0.5809  0.0000 -0.5756 -0.0000  0.5756 -0.0000
    2   7.7869 THz   0.8140  0.0000  0.4107  0.0000 -0.4107  0.0000


 Q=  0.000000 -0.121789  0.121789, q=  0.000000  0.250000 -0.250000

                       Al X   0        Al Y   0        Al Z   0     
                    --------------- --------------- ---------------
    0   4.1475 THz   0.0000  0.0000 -0.6926  0.1425 -0.6926  0.1425
    1   5.7282 THz   1.0000  0.0000  0.0000  0.0000  0.0000  0.0000
    2   7.4895 THz   0.0000  0.0000  0.6491 -0.2804 -0.6491  0.2804


 Q=  0.060894 -0.060894  0.060894, q=  0.000000  0.250000  0.000000

                       Al X   0        Al Y   0        Al Z   0     
                    --------------- --------------- ---------------
    0   2.9195 THz   0.4197  0.0000  0.8161 -0.0199  0.3964 -0.0199
    1   2.9195 THz  -0.7004 -0.0000  0.0131 -0.0119  0.7135 -0.0119
    2   6.1801 THz  -0.5774 -0.0000  0.5774  0.0000 -0.5774  0.0000


 Q=  0.121789  0.000000  0.000000, q=  0.000000  0.250000  0.250000

                       Al X   0        Al Y   0        Al Z   0     
                    --------------- --------------- ---------------
    0   3.5716 THz   0.0000  0.0000 -0.8533 -0.4262  0.0101  0.3004
    1   3.5716 THz   0.0000  0.0000 -0.2848 -0.0960 -0.1631 -0.9397
    2   6.5187 THz   1.0000  0.0000  0.0000  0.0000  0.0000  0.0000


 Q= -0.304472  0.060894  0.060894, q=  0.250000 -0.500000 -0.500000

                       Al X   0        Al Y   0        Al Z   0     
                    --------------- --------------- ---------------
    0   4.5321 THz   0.0000  0.0000  0.7065 -0.0286 -0.7065  0.0286
    1   5.8492 THz   0.5809  0.0000 -0.5756  0.0000 -0.5756  0.0000
    2   7.7869 THz   0.8140  0.0000  0.4107 -0.0000  0.4107 -0.0000


 Q= -0.243578  0.121789  0.000000, q=  0.250000 -0.500000 -0.250000

                       Al X   0        Al Y   0        Al Z   0     
                    --------------- --------------- ---------------
    0   5.7494 THz   0.0000  0.0000 -0.9999 -0.0153  0.0000 -0.0000
    1   7.1318 THz   1.0000  0.0000  0.0000  0.0000  0.0000  0.0000
    2   7.1318 THz   0.0000  0.0000 -0.0000 -0.0000 -0.5105  0.8599


 Q= -0.182683  0.182683 -0.060894, q=  0.250000 -0.500000  0.000000

                       Al X   0        Al Y   0        Al Z   0     
                    --------------- --------------- ---------------
    0   4.5321 THz   0.7071  0.0000  0.7071  0.0000  0.0000 -0.0000
    1   5.8492 THz   0.5756  0.0000 -0.5756 -0.0000 -0.5809 -0.0000
    2   7.7869 THz  -0.4107  0.0000  0.4107  0.0000 -0.8140 -0.0000


 Q= -0.121789  0.243578 -0.121789, q=  0.250000 -0.500000  0.250000

                       Al X   0        Al Y   0        Al Z   0     
                    --------------- --------------- ---------------
    0   4.1475 THz   0.7071  0.0000  0.0000  0.0000 -0.7071 -0.0000
    1   5.7282 THz   0.0000  0.0000 -0.9869  0.1611 -0.0000  0.0000
    2   7.4895 THz   0.7071  0.0000 -0.0000 -0.0000  0.7071  0.0000


 Q= -0.243578  0.000000  0.121789, q=  0.250000 -0.250000 -0.500000

                       Al X   0        Al Y   0        Al Z   0     
                    --------------- --------------- ---------------
    0   5.7494 THz   0.0000  0.0000  0.0000 -0.0000  0.9921  0.1258
    1   7.1318 THz   1.0000  0.0000  0.0000  0.0000  0.0000  0.0000
    2   7.1318 THz   0.0000  0.0000 -1.0000 -0.0011  0.0000  0.0000


 Q= -0.182683  0.060894  0.060894, q=  0.250000 -0.250000 -0.250000

                       Al X   0        Al Y   0        Al Z   0     
                    --------------- --------------- ---------------
    0   4.5321 THz   0.0000  0.0000  0.7054  0.0485 -0.7054 -0.0485
    1   5.8492 THz  -0.5809  0.0000 -0.5756  0.0000 -0.5756  0.0000
    2   7.7869 THz   0.8140  0.0000 -0.4107  0.0000 -0.4107  0.0000


 Q= -0.121789  0.121789  0.000000, q=  0.250000 -0.250000  0.000000

                       Al X   0        Al Y   0        Al Z   0     
                    --------------- --------------- ---------------
    0   4.1475 THz  -0.7071  0.0000 -0.7071  0.0000  0.0000  0.0000
    1   5.7282 THz   0.0000  0.0000 -0.0000 -0.0000 -0.4441 -0.8960
    2   7.4895 THz   0.7071  0.0000 -0.7071  0.0000  0.0000  0.0000


 Q= -0.060894  0.182683 -0.060894, q=  0.250000 -0.250000  0.250000

                       Al X   0        Al Y   0        Al Z   0     
                    --------------- --------------- ---------------
    0   4.5321 THz  -0.7071  0.0000 -0.0000  0.0000  0.7071 -0.0000
    1   5.8492 THz   0.5756  0.0000  0.5809  0.0000  0.5756 -0.0000
    2   7.7869 THz  -0.4107  0.0000  0.8140  0.0000 -0.4107  0.0000


 Q= -0.182683 -0.060894  0.182683, q=  0.250000  0.000000 -0.500000

                       Al X   0        Al Y   0        Al Z   0     
                    --------------- --------------- ---------------
    0   4.5321 THz   0.7071  0.0000 -0.0000  0.0000  0.7071  0.0000
    1   5.8492 THz   0.5756  0.0000 -0.5809 -0.0000 -0.5756 -0.0000
    2   7.7869 THz   0.4107  0.0000  0.8140 -0.0000 -0.4107  0.0000


 Q= -0.121789  0.000000  0.121789, q=  0.250000  0.000000 -0.250000

                       Al X   0        Al Y   0        Al Z   0     
                    --------------- --------------- ---------------
    0   4.1475 THz   0.7071  0.0000  0.0000  0.0000  0.7071 -0.0000
    1   5.7282 THz   0.0000  0.0000 -0.9985 -0.0542  0.0000 -0.0000
    2   7.4895 THz  -0.7071  0.0000  0.0000  0.0000  0.7071 -0.0000


 Q= -0.060894  0.060894  0.060894, q=  0.250000  0.000000  0.000000

                       Al X   0        Al Y   0        Al Z   0     
                    --------------- --------------- ---------------
    0   2.9195 THz   0.6327  0.0000  0.7629 -0.0189 -0.1302  0.0189
    1   2.9195 THz   0.5161  0.0000 -0.2894  0.0231  0.8055 -0.0231
    2   6.1801 THz  -0.5774  0.0000  0.5774 -0.0000  0.5774 -0.0000


 Q=  0.000000  0.121789  0.000000, q=  0.250000  0.000000  0.250000

                       Al X   0        Al Y   0        Al Z   0     
                    --------------- --------------- ---------------
    0   3.5716 THz   1.0000  0.0000  0.0000  0.0000  0.0000  0.0000
    1   3.5716 THz   0.0000  0.0000 -0.0000 -0.0000 -0.9816 -0.1909
    2   6.5187 THz   0.0000  0.0000  0.8297 -0.5582  0.0000  0.0000


 Q= -0.121789 -0.121789  0.243578, q=  0.250000  0.250000 -0.500000

                       Al X   0        Al Y   0        Al Z   0     
                    --------------- --------------- ---------------
    0   4.1475 THz   0.7071  0.0000 -0.7071  0.0000  0.0000  0.0000
    1   5.7282 THz   0.0000  0.0000 -0.0000  0.0000 -0.9907 -0.1361
    2   7.4895 THz   0.7071  0.0000  0.7071 -0.0000 -0.0000 -0.0000


 Q= -0.060894 -0.060894  0.182683, q=  0.250000  0.250000 -0.250000

                       Al X   0        Al Y   0        Al Z   0     
                    --------------- --------------- ---------------
    0   4.5321 THz  -0.7071  0.0000  0.7071 -0.0000 -0.0000 -0.0000
    1   5.8492 THz   0.5756  0.0000  0.5756 -0.0000  0.5809 -0.0000
    2   7.7869 THz   0.4107  0.0000  0.4107 -0.0000 -0.8140 -0.0000


 Q=  0.000000  0.000000  0.121789, q=  0.250000  0.250000  0.000000

                       Al X   0        Al Y   0        Al Z   0     
                    --------------- --------------- ---------------
    0   3.5716 THz   0.0000  0.0000 -0.5845 -0.8114 -0.0000 -0.0000
    1   3.5716 THz   1.0000  0.0000  0.0000  0.0000  0.0000  0.0000
    2   6.5187 THz   0.0000  0.0000  0.0000  0.0000 -0.8048 -0.5936


 Q=  0.060894  0.060894  0.060894, q=  0.250000  0.250000  0.250000

                       Al X   0        Al Y   0        Al Z   0     
                    --------------- --------------- ---------------
    0   2.9195 THz   0.5328  0.0000 -0.8022 -0.0059  0.2694  0.0059
    1   2.9195 THz  -0.6187 -0.0000 -0.1521 -0.0051  0.7707  0.0051
    2   6.1801 THz   0.5774  0.0000  0.5774 -0.0000  0.5774 -0.0000
