
Used Primitive lattice vector

    0.000000000000      2.084813000000      2.084813000000  
    2.084813000000      0.000000000000      2.084813000000  
    2.084813000000      2.084813000000      0.000000000000  

   1 Atom(s) in the Primitive cell

 0.0000000000 0.0000000000 0.0000000000 Al    0


 Q= -0.119915 -0.119915 -0.119915, q= -0.500000 -0.500000 -0.500000

                       Al X   0        Al Y   0        Al Z   0     
                    --------------- --------------- ---------------
    0   3.2032 THz   0.0000  0.0000  0.5324 -0.4653 -0.5324  0.4653
    1   3.2032 THz   0.8165  0.0000 -0.4082 -0.0000 -0.4082  0.0000
    2   8.0029 THz  -0.5774  0.0000 -0.5774 -0.0000 -0.5774  0.0000


 Q= -0.059957 -0.059957 -0.179872, q= -0.500000 -0.500000 -0.250000

                       Al X   0        Al Y   0        Al Z   0     
                    --------------- --------------- ---------------
    0   4.0113 THz   0.7071  0.0000 -0.7071 -0.0000 -0.0000  0.0000
    1   5.3111 THz   0.5744  0.0000  0.5744  0.0000 -0.5832 -0.0000
    2   7.0512 THz   0.4124  0.0000  0.4124  0.0000  0.8123  0.0000


 Q=  0.000000  0.000000 -0.239830, q= -0.500000 -0.500000  0.000000

                       Al X   0        Al Y   0        Al Z   0     
                    --------------- --------------- ---------------
    0   4.5990 THz   1.0000  0.0000  0.0000  0.0000  0.0000  0.0000
    1   4.5990 THz   0.0000  0.0000 -0.3353 -0.9421 -0.0000 -0.0000
    2   7.8852 THz   0.0000  0.0000 -0.0000 -0.0000  1.0000  0.0000


 Q=  0.059957  0.059957 -0.299787, q= -0.500000 -0.500000  0.250000

                       Al X   0        Al Y   0        Al Z   0     
                    --------------- --------------- ---------------
    0   4.0113 THz   0.7071  0.0000 -0.7071 -0.0000 -0.0000  0.0000
    1   5.3111 THz   0.5744  0.0000  0.5744  0.0000 -0.5832 -0.0000
    2   7.0512 THz   0.4124  0.0000  0.4124  0.0000  0.8123 -0.0000


 Q= -0.059957 -0.179872 -0.059957, q= -0.500000 -0.250000 -0.500000

                       Al X   0        Al Y   0        Al Z   0     
                    --------------- --------------- ---------------
    0   4.0113 THz  -0.7071  0.0000  0.0000 -0.0000  0.7071  0.0000
    1   5.3111 THz   0.5744  0.0000 -0.5832 -0.0000  0.5744  0.0000
    2   7.0512 THz   0.4124  0.0000  0.8123  0.0000  0.4124 -0.0000


 Q=  0.000000 -0.119915 -0.119915, q= -0.500000 -0.250000 -0.250000

                       Al X   0        Al Y   0        Al Z   0     
                    --------------- --------------- ---------------
    0   3.7486 THz   0.0000  0.0000  0.2917 -0.6441 -0.2917  0.6441
    1   5.1666 THz   1.0000  0.0000  0.0000  0.0000  0.0000  0.0000
    2   6.7841 THz   0.0000  0.0000 -0.4320 -0.5598 -0.4320 -0.5598


 Q=  0.059957 -0.059957 -0.179872, q= -0.500000 -0.250000  0.000000

                       Al X   0        Al Y   0        Al Z   0     
                    --------------- --------------- ---------------
    0   4.0113 THz  -0.7071  0.0000 -0.7071 -0.0000  0.0000  0.0000
    1   5.3111 THz   0.5744  0.0000 -0.5744 -0.0000  0.5832  0.0000
    2   7.0512 THz  -0.4124  0.0000  0.4124  0.0000  0.8123 -0.0000


 Q=  0.119915  0.000000 -0.239830, q= -0.500000 -0.250000  0.250000

                       Al X   0        Al Y   0        Al Z   0     
                    --------------- --------------- ---------------
    0   5.2036 THz   1.0000  0.0000  0.0000  0.0000  0.0000  0.0000
    1   6.4849 THz   0.0000  0.0000 -0.7864 -0.1646 -0.5120 -0.3037
    2   6.4849 THz   0.0000  0.0000 -0.5558  0.2134  0.8029 -0.0302


 Q=  0.000000 -0.239830  0.000000, q= -0.500000  0.000000 -0.500000

                       Al X   0        Al Y   0        Al Z   0     
                    --------------- --------------- ---------------
    0   4.5990 THz   1.0000  0.0000  0.0000  0.0000  0.0000  0.0000
    1   4.5990 THz   0.0000  0.0000 -0.0000  0.0000 -1.0000  0.0000
    2   7.8852 THz   0.0000  0.0000 -0.0380  0.9993  0.0000 -0.0000


 Q=  0.059957 -0.179872 -0.059957, q= -0.500000  0.000000 -0.250000

                       Al X   0        Al Y   0        Al Z   0     
                    --------------- --------------- ---------------
    0   4.0113 THz   0.7071  0.0000  0.0000  0.0000  0.7071 -0.0000
    1   5.3111 THz   0.5744  0.0000  0.5832 -0.0000 -0.5744  0.0000
    2   7.0512 THz  -0.4124  0.0000  0.8123 -0.0000  0.4124  0.0000


 Q=  0.119915 -0.119915 -0.119915, q= -0.500000  0.000000  0.000000

                       Al X   0        Al Y   0        Al Z   0     
                    --------------- --------------- ---------------
    0   3.2032 THz   0.0000  0.0000  0.7048 -0.0568 -0.7048  0.0568
    1   3.2032 THz   0.8165  0.0000  0.4082  0.0000  0.4082  0.0000
    2   8.0029 THz   0.5774  0.0000 -0.5774 -0.0000 -0.5774 -0.0000


 Q=  0.179872 -0.059957 -0.179872, q= -0.500000  0.000000  0.250000

                       Al X   0        Al Y   0        Al Z   0     
                    --------------- --------------- ---------------
    0   4.0113 THz   0.7071  0.0000  0.0000 -0.0000  0.7071  0.0000
    1   5.3111 THz   0.5744  0.0000  0.5832  0.0000 -0.5744 -0.0000
    2   7.0512 THz  -0.4124  0.0000  0.8123 -0.0000  0.4124 -0.0000


 Q=  0.059957 -0.299787  0.059957, q= -0.500000  0.250000 -0.500000

                       Al X   0        Al Y   0        Al Z   0     
                    --------------- --------------- ---------------
    0   4.0113 THz  -0.7071  0.0000 -0.0000  0.0000  0.7071  0.0000
    1   5.3111 THz   0.5744  0.0000 -0.5832 -0.0000  0.5744 -0.0000
    2   7.0512 THz   0.4124  0.0000  0.8123  0.0000  0.4124  0.0000


 Q=  0.119915 -0.239830  0.000000, q= -0.500000  0.250000 -0.250000

                       Al X   0        Al Y   0        Al Z   0     
                    --------------- --------------- ---------------
    0   5.2036 THz   1.0000  0.0000  0.0000  0.0000  0.0000  0.0000
    1   6.4849 THz   0.0000  0.0000  0.1827  0.0058 -0.8010 -0.5701
    2   6.4849 THz   0.0000  0.0000 -0.9522 -0.2446 -0.1223 -0.1359


 Q=  0.179872 -0.179872 -0.059957, q= -0.500000  0.250000  0.000000

                       Al X   0        Al Y   0        Al Z   0     
                    --------------- --------------- ---------------
    0   4.0113 THz  -0.7071  0.0000 -0.7071  0.0000  0.0000  0.0000
    1   5.3111 THz   0.5744  0.0000 -0.5744  0.0000  0.5832 -0.0000
    2   7.0512 THz  -0.4124  0.0000  0.4124 -0.0000  0.8123 -0.0000


 Q=  0.239830 -0.119915 -0.119915, q= -0.500000  0.250000  0.250000

                       Al X   0        Al Y   0        Al Z   0     
                    --------------- --------------- ---------------
    0   3.7486 THz   0.0000  0.0000  0.6801  0.1934 -0.6801 -0.1934
    1   5.1666 THz   1.0000  0.0000  0.0000  0.0000  0.0000  0.0000
    2   6.7841 THz   0.0000  0.0000 -0.6309  0.3194 -0.6309  0.3194


 Q= -0.179872 -0.059957 -0.059957, q= -0.250000 -0.500000 -0.500000

                       Al X   0        Al Y   0        Al Z   0     
                    --------------- --------------- ---------------
    0   4.0113 THz   0.0000  0.0000  0.6595 -0.2550 -0.6595  0.2550
    1   5.3111 THz   0.5832  0.0000 -0.5744  0.0000 -0.5744 -0.0000
    2   7.0512 THz   0.8123  0.0000  0.4124 -0.0000  0.4124  0.0000


 Q= -0.119915  0.000000 -0.119915, q= -0.250000 -0.500000 -0.250000

                       Al X   0        Al Y   0        Al Z   0     
                    --------------- --------------- ---------------
    0   3.7486 THz   0.7071  0.0000  0.0000  0.0000 -0.7071  0.0000
    1   5.1666 THz   0.0000  0.0000 -0.9756 -0.2196  0.0000  0.0000
    2   6.7841 THz   0.7071  0.0000  0.0000 -0.0000  0.7071 -0.0000


 Q= -0.059957  0.059957 -0.179872, q= -0.250000 -0.500000  0.000000

                       Al X   0        Al Y   0        Al Z   0     
                    --------------- --------------- ---------------
    0   4.0113 THz   0.7071  0.0000  0.7071  0.0000  0.0000 -0.0000
    1   5.3111 THz   0.5744  0.0000 -0.5744 -0.0000 -0.5832 -0.0000
    2   7.0512 THz  -0.4124  0.0000  0.4124  0.0000 -0.8123 -0.0000


 Q=  0.000000  0.119915 -0.239830, q= -0.250000 -0.500000  0.250000

                       Al X   0        Al Y   0        Al Z   0     
                    --------------- --------------- ---------------
    0   5.2036 THz   0.0000  0.0000 -0.0206 -0.9998  0.0000 -0.0000
    1   6.4849 THz   1.0000  0.0000  0.0000  0.0000  0.0000  0.0000
    2   6.4849 THz   0.0000  0.0000  0.0000 -0.0000 -0.5541  0.8324


 Q= -0.119915 -0.119915  0.000000, q= -0.250000 -0.250000 -0.500000

                       Al X   0        Al Y   0        Al Z   0     
                    --------------- --------------- ---------------
    0   3.7486 THz   0.7071  0.0000 -0.7071 -0.0000  0.0000 -0.0000
    1   5.1666 THz   0.0000  0.0000 -0.0000 -0.0000 -0.9938  0.1111
    2   6.7841 THz  -0.7071  0.0000 -0.7071 -0.0000  0.0000 -0.0000


 Q= -0.059957 -0.059957 -0.059957, q= -0.250000 -0.250000 -0.250000

                       Al X   0        Al Y   0        Al Z   0     
                    --------------- --------------- ---------------
    0   2.6052 THz   0.7721  0.0000 -0.6159  0.0105 -0.1562 -0.0105
    1   2.6052 THz   0.2657  0.0000  0.5351 -0.0306 -0.8008  0.0306
    2   5.6359 THz   0.5774  0.0000  0.5774  0.0000  0.5774  0.0000


 Q=  0.000000  0.000000 -0.119915, q= -0.250000 -0.250000  0.000000

                       Al X   0        Al Y   0        Al Z   0     
                    --------------- --------------- ---------------
    0   3.1123 THz   1.0000  0.0000  0.0000  0.0000  0.0000  0.0000
    1   3.1123 THz   0.0000  0.0000 -0.9991  0.0425 -0.0000  0.0000
    2   5.9617 THz   0.0000  0.0000  0.0000  0.0000 -0.9461 -0.3239


 Q=  0.059957  0.059957 -0.179872, q= -0.250000 -0.250000  0.250000

                       Al X   0        Al Y   0        Al Z   0     
                    --------------- --------------- ---------------
    0   4.0113 THz  -0.7071  0.0000  0.7071  0.0000  0.0000  0.0000
    1   5.3111 THz   0.5744  0.0000  0.5744  0.0000  0.5832  0.0000
    2   7.0512 THz   0.4124  0.0000  0.4124  0.0000 -0.8123  0.0000


 Q= -0.059957 -0.179872  0.059957, q= -0.250000  0.000000 -0.500000

                       Al X   0        Al Y   0        Al Z   0     
                    --------------- --------------- ---------------
    0   4.0113 THz   0.7071  0.0000  0.0000  0.0000  0.7071 -0.0000
    1   5.3111 THz   0.5744  0.0000 -0.5832 -0.0000 -0.5744  0.0000
    2   7.0512 THz   0.4124  0.0000  0.8123  0.0000 -0.4124  0.0000


 Q=  0.000000 -0.119915  0.000000, q= -0.250000  0.000000 -0.250000

                       Al X   0        Al Y   0        Al Z   0     
                    --------------- --------------- ---------------
    0   3.1123 THz   1.0000  0.0000  0.0000  0.0000  0.0000  0.0000
    1   3.1123 THz   0.0000  0.0000  0.0000 -0.0000 -0.8588  0.5122
    2   5.9617 THz   0.0000  0.0000  0.1938 -0.9810 -0.0000  0.0000


 Q=  0.059957 -0.059957 -0.059957, q= -0.250000  0.000000  0.000000

                       Al X   0        Al Y   0        Al Z   0     
                    --------------- --------------- ---------------
    0   2.6052 THz   0.8165  0.0000  0.4082 -0.0000  0.4082 -0.0000
    1   2.6052 THz   0.0000  0.0000  0.7061 -0.0382 -0.7061  0.0382
    2   5.6359 THz   0.5774  0.0000 -0.5774  0.0000 -0.5774  0.0000


 Q=  0.119915  0.000000 -0.119915, q= -0.250000  0.000000  0.250000

                       Al X   0        Al Y   0        Al Z   0     
                    --------------- --------------- ---------------
    0   3.7486 THz   0.7071  0.0000  0.0000 -0.0000  0.7071 -0.0000
    1   5.1666 THz   0.0000  0.0000  0.5397  0.8419  0.0000  0.0000
    2   6.7841 THz   0.7071  0.0000  0.0000  0.0000 -0.7071  0.0000


 Q=  0.000000 -0.239830  0.119915, q= -0.250000  0.250000 -0.500000

                       Al X   0        Al Y   0        Al Z   0     
                    --------------- --------------- ---------------
    0   5.2036 THz   0.0000  0.0000 -0.0000  0.0000 -0.9438 -0.3305
    1   6.4849 THz   1.0000  0.0000  0.0000  0.0000  0.0000  0.0000
    2   6.4849 THz   0.0000  0.0000 -0.3543 -0.9351  0.0000  0.0000


 Q=  0.059957 -0.179872  0.059957, q= -0.250000  0.250000 -0.250000

                       Al X   0        Al Y   0        Al Z   0     
                    --------------- --------------- ---------------
    0   4.0113 THz  -0.7071  0.0000 -0.0000 -0.0000  0.7071 -0.0000
    1   5.3111 THz   0.5744  0.0000  0.5832 -0.0000  0.5744 -0.0000
    2   7.0512 THz  -0.4124  0.0000  0.8123 -0.0000 -0.4124 -0.0000


 Q=  0.119915 -0.119915  0.000000, q= -0.250000  0.250000  0.000000

                       Al X   0        Al Y   0        Al Z   0     
                    --------------- --------------- ---------------
    0   3.7486 THz   0.7071  0.0000  0.7071  0.0000  0.0000  0.0000
    1   5.1666 THz   0.0000  0.0000  0.0000  0.0000 -0.1937 -0.9811
    2   6.7841 THz   0.7071  0.0000 -0.7071 -0.0000 -0.0000 -0.0000


 Q=  0.179872 -0.059957 -0.059957, q= -0.250000  0.250000  0.250000

                       Al X   0        Al Y   0        Al Z   0     
                    --------------- --------------- ---------------
    0   4.0113 THz   0.0000  0.0000  0.7070  0.0098 -0.7070 -0.0098
    1   5.3111 THz  -0.5832  0.0000 -0.5744  0.0000 -0.5744  0.0000
    2   7.0512 THz   0.8123  0.0000 -0.4124  0.0000 -0.4124  0.0000


 Q= -0.239830  0.000000  0.000000, q=  0.000000 -0.500000 -0.500000

                       Al X   0        Al Y   0        Al Z   0     
                    --------------- --------------- ---------------
    0   4.5990 THz   0.0000  0.0000 -0.0259  0.8160  0.1927 -0.5443
    1   4.5990 THz   0.0000  0.0000  0.0028  0.5774 -0.2442  0.7791
    2   7.8852 THz   1.0000  0.0000  0.0000  0.0000  0.0000  0.0000


 Q= -0.179872  0.059957 -0.059957, q=  0.000000 -0.500000 -0.250000

                       Al X   0        Al Y   0        Al Z   0     
                    --------------- --------------- ---------------
    0   4.0113 THz   0.0000  0.0000 -0.7000  0.0999 -0.7000  0.0999
    1   5.3111 THz  -0.5832  0.0000 -0.5744 -0.0000  0.5744  0.0000
    2   7.0512 THz   0.8123  0.0000 -0.4124 -0.0000  0.4124  0.0000


 Q= -0.119915  0.119915 -0.119915, q=  0.000000 -0.500000  0.000000

                       Al X   0        Al Y   0        Al Z   0     
                    --------------- --------------- ---------------
    0   3.2032 THz   0.8165  0.0000  0.4082  0.0000 -0.4082 -0.0000
    1   3.2032 THz   0.0000  0.0000 -0.7043 -0.0634 -0.7043 -0.0634
    2   8.0029 THz   0.5774  0.0000 -0.5774 -0.0000  0.5774  0.0000


 Q= -0.059957  0.179872 -0.179872, q=  0.000000 -0.500000  0.250000

                       Al X   0        Al Y   0        Al Z   0     
                    --------------- --------------- ---------------
    0   4.0113 THz   0.0000  0.0000 -0.6774  0.2027 -0.6774  0.2027
    1   5.3111 THz  -0.5832  0.0000 -0.5744  0.0000  0.5744  0.0000
    2   7.0512 THz   0.8123  0.0000 -0.4124  0.0000  0.4124  0.0000


 Q= -0.179872 -0.059957  0.059957, q=  0.000000 -0.250000 -0.500000

                       Al X   0        Al Y   0        Al Z   0     
                    --------------- --------------- ---------------
    0   4.0113 THz   0.0000  0.0000 -0.7053  0.0512 -0.7053  0.0512
    1   5.3111 THz   0.5832  0.0000 -0.5744 -0.0000  0.5744 -0.0000
    2   7.0512 THz   0.8123  0.0000  0.4124  0.0000 -0.4124  0.0000


 Q= -0.119915  0.000000  0.000000, q=  0.000000 -0.250000 -0.250000

                       Al X   0        Al Y   0        Al Z   0     
                    --------------- --------------- ---------------
    0   3.1123 THz   0.0000  0.0000  0.5982 -0.1643  0.0480 -0.7828
    1   3.1123 THz   0.0000  0.0000  0.7428  0.2519 -0.3785  0.4915
    2   5.9617 THz   1.0000  0.0000  0.0000  0.0000  0.0000  0.0000


 Q= -0.059957  0.059957 -0.059957, q=  0.000000 -0.250000  0.000000

                       Al X   0        Al Y   0        Al Z   0     
                    --------------- --------------- ---------------
    0   2.6052 THz   0.8165  0.0000  0.4082 -0.0000 -0.4082  0.0000
    1   2.6052 THz   0.0000  0.0000 -0.7065  0.0288 -0.7065  0.0288
    2   5.6359 THz   0.5774  0.0000 -0.5774  0.0000  0.5774 -0.0000


 Q=  0.000000  0.119915 -0.119915, q=  0.000000 -0.250000  0.250000

                       Al X   0        Al Y   0        Al Z   0     
                    --------------- --------------- ---------------
    0   3.7486 THz   0.0000  0.0000 -0.0772  0.7029 -0.0772  0.7029
    1   5.1666 THz   1.0000  0.0000  0.0000  0.0000  0.0000  0.0000
    2   6.7841 THz   0.0000  0.0000 -0.2343  0.6672  0.2343 -0.6672


 Q= -0.119915 -0.119915  0.119915, q=  0.000000  0.000000 -0.500000

                       Al X   0        Al Y   0        Al Z   0     
                    --------------- --------------- ---------------
    0   3.2032 THz   0.8165  0.0000 -0.4082  0.0000  0.4082 -0.0000
    1   3.2032 THz   0.0000  0.0000 -0.7043 -0.0634 -0.7043 -0.0634
    2   8.0029 THz  -0.5774  0.0000 -0.5774  0.0000  0.5774 -0.0000


 Q= -0.059957 -0.059957  0.059957, q=  0.000000  0.000000 -0.250000

                       Al X   0        Al Y   0        Al Z   0     
                    --------------- --------------- ---------------
    0   2.6052 THz  -0.6233 -0.0000  0.7684  0.0038  0.1450  0.0038
    1   2.6052 THz   0.5274  0.0000  0.2761  0.0045  0.8035  0.0045
    2   5.6359 THz   0.5774  0.0000  0.5774  0.0000 -0.5774 -0.0000


 Q=  0.000000  0.000000  0.000000, q=  0.000000  0.000000  0.000000

                       Al X   0        Al Y   0        Al Z   0     
                    --------------- --------------- ---------------
    0  -0.0000 THz  -0.4870  0.0000  0.0461  0.0000 -0.8722  0.0000
    1  -0.0000 THz  -0.4815  0.0000  0.8189  0.0000  0.3122  0.0000
    2   0.0000 THz   0.7286  0.0000  0.5720  0.0000 -0.3767  0.0000


 Q=  0.059957  0.059957 -0.059957, q=  0.000000  0.000000  0.250000

                       Al X   0        Al Y   0        Al Z   0     
                    --------------- --------------- ---------------
    0   2.6052 THz  -0.6233 -0.0000  0.7684 -0.0038  0.1450 -0.0038
    1   2.6052 THz   0.5274  0.0000  0.2761 -0.0045  0.8035 -0.0045
    2   5.6359 THz   0.5774  0.0000  0.5774 -0.0000 -0.5774  0.0000


 Q= -0.059957 -0.179872  0.179872, q=  0.000000  0.250000 -0.500000

                       Al X   0        Al Y   0        Al Z   0     
                    --------------- --------------- ---------------
    0   4.0113 THz   0.0000  0.0000 -0.7062 -0.0358 -0.7062 -0.0358
    1   5.3111 THz   0.5832  0.0000 -0.5744 -0.0000  0.5744  0.0000
    2   7.0512 THz   0.8123  0.0000  0.4124  0.0000 -0.4124 -0.0000


 Q=  0.000000 -0.119915  0.119915, q=  0.000000  0.250000 -0.250000

                       Al X   0        Al Y   0        Al Z   0     
                    --------------- --------------- ---------------
    0   3.7486 THz   0.0000  0.0000 -0.0772 -0.7029 -0.0772 -0.7029
    1   5.1666 THz   1.0000  0.0000  0.0000  0.0000  0.0000  0.0000
    2   6.7841 THz   0.0000  0.0000 -0.2343 -0.6672  0.2343  0.6672


 Q=  0.059957 -0.059957  0.059957, q=  0.000000  0.250000  0.000000

                       Al X   0        Al Y   0        Al Z   0     
                    --------------- --------------- ---------------
    0   2.6052 THz   0.8165  0.0000  0.4082  0.0000 -0.4082 -0.0000
    1   2.6052 THz   0.0000  0.0000 -0.7065 -0.0288 -0.7065 -0.0288
    2   5.6359 THz   0.5774  0.0000 -0.5774 -0.0000  0.5774  0.0000


 Q=  0.119915  0.000000  0.000000, q=  0.000000  0.250000  0.250000

                       Al X   0        Al Y   0        Al Z   0     
                    --------------- --------------- ---------------
    0   3.1123 THz   0.0000  0.0000  0.5982  0.1643  0.0480  0.7828
    1   3.1123 THz   0.0000  0.0000  0.7428 -0.2519 -0.3785 -0.4915
    2   5.9617 THz   1.0000  0.0000  0.0000  0.0000  0.0000  0.0000


 Q= -0.299787  0.059957  0.059957, q=  0.250000 -0.500000 -0.500000

                       Al X   0        Al Y   0        Al Z   0     
                    --------------- --------------- ---------------
    0   4.0113 THz   0.0000  0.0000  0.7046  0.0600 -0.7046 -0.0600
    1   5.3111 THz   0.5832  0.0000 -0.5744  0.0000 -0.5744  0.0000
    2   7.0512 THz   0.8123  0.0000  0.4124 -0.0000  0.4124 -0.0000


 Q= -0.239830  0.119915  0.000000, q=  0.250000 -0.500000 -0.250000

                       Al X   0        Al Y   0        Al Z   0     
                    --------------- --------------- ---------------
    0   5.2036 THz   0.0000  0.0000 -0.9853 -0.1710 -0.0000 -0.0000
    1   6.4849 THz   1.0000  0.0000  0.0000  0.0000  0.0000  0.0000
    2   6.4849 THz   0.0000  0.0000  0.0000 -0.0000 -0.3601  0.9329


 Q= -0.179872  0.179872 -0.059957, q=  0.250000 -0.500000  0.000000

                       Al X   0        Al Y   0        Al Z   0     
                    --------------- --------------- ---------------
    0   4.0113 THz   0.7071  0.0000  0.7071 -0.0000  0.0000  0.0000
    1   5.3111 THz   0.5744  0.0000 -0.5744 -0.0000 -0.5832 -0.0000
    2   7.0512 THz  -0.4124  0.0000  0.4124 -0.0000 -0.8123  0.0000


 Q= -0.119915  0.239830 -0.119915, q=  0.250000 -0.500000  0.250000

                       Al X   0        Al Y   0        Al Z   0     
                    --------------- --------------- ---------------
    0   3.7486 THz   0.7071  0.0000  0.0000 -0.0000 -0.7071  0.0000
    1   5.1666 THz   0.0000  0.0000 -0.7766 -0.6300  0.0000  0.0000
    2   6.7841 THz   0.7071  0.0000  0.0000  0.0000  0.7071 -0.0000


 Q= -0.239830  0.000000  0.119915, q=  0.250000 -0.250000 -0.500000

                       Al X   0        Al Y   0        Al Z   0     
                    --------------- --------------- ---------------
    0   5.2036 THz   0.0000  0.0000  0.0000  0.0000  0.9847 -0.1745
    1   6.4849 THz   1.0000  0.0000  0.0000  0.0000  0.0000  0.0000
    2   6.4849 THz   0.0000  0.0000 -0.2010 -0.9796  0.0000  0.0000


 Q= -0.179872  0.059957  0.059957, q=  0.250000 -0.250000 -0.250000

                       Al X   0        Al Y   0        Al Z   0     
                    --------------- --------------- ---------------
    0   4.0113 THz   0.0000  0.0000  0.7070 -0.0098 -0.7070  0.0098
    1   5.3111 THz  -0.5832  0.0000 -0.5744 -0.0000 -0.5744 -0.0000
    2   7.0512 THz   0.8123  0.0000 -0.4124 -0.0000 -0.4124 -0.0000


 Q= -0.119915  0.119915  0.000000, q=  0.250000 -0.250000  0.000000

                       Al X   0        Al Y   0        Al Z   0     
                    --------------- --------------- ---------------
    0   3.7486 THz   0.7071  0.0000  0.7071 -0.0000  0.0000 -0.0000
    1   5.1666 THz   0.0000  0.0000  0.0000 -0.0000 -0.1937  0.9811
    2   6.7841 THz   0.7071  0.0000 -0.7071  0.0000 -0.0000  0.0000


 Q= -0.059957  0.179872 -0.059957, q=  0.250000 -0.250000  0.250000

                       Al X   0        Al Y   0        Al Z   0     
                    --------------- --------------- ---------------
    0   4.0113 THz  -0.7071  0.0000 -0.0000  0.0000  0.7071  0.0000
    1   5.3111 THz   0.5744  0.0000  0.5832  0.0000  0.5744  0.0000
    2   7.0512 THz  -0.4124  0.0000  0.8123  0.0000 -0.4124  0.0000


 Q= -0.179872 -0.059957  0.179872, q=  0.250000  0.000000 -0.500000

                       Al X   0        Al Y   0        Al Z   0     
                    --------------- --------------- ---------------
    0   4.0113 THz   0.7071  0.0000  0.0000 -0.0000  0.7071 -0.0000
    1   5.3111 THz   0.5744  0.0000 -0.5832  0.0000 -0.5744  0.0000
    2   7.0512 THz   0.4124  0.0000  0.8123  0.0000 -0.4124 -0.0000


 Q= -0.119915  0.000000  0.119915, q=  0.250000  0.000000 -0.250000

                       Al X   0        Al Y   0        Al Z   0     
                    --------------- --------------- ---------------
    0   3.7486 THz   0.7071  0.0000  0.0000  0.0000  0.7071  0.0000
    1   5.1666 THz   0.0000  0.0000  0.5397 -0.8419  0.0000  0.0000
    2   6.7841 THz   0.7071  0.0000  0.0000 -0.0000 -0.7071 -0.0000


 Q= -0.059957  0.059957  0.059957, q=  0.250000  0.000000  0.000000

                       Al X   0        Al Y   0        Al Z   0     
                    --------------- --------------- ---------------
    0   2.6052 THz   0.8165  0.0000  0.4082  0.0000  0.4082  0.0000
    1   2.6052 THz   0.0000  0.0000  0.7061  0.0382 -0.7061 -0.0382
    2   5.6359 THz   0.5774  0.0000 -0.5774 -0.0000 -0.5774 -0.0000


 Q=  0.000000  0.119915  0.000000, q=  0.250000  0.000000  0.250000

                       Al X   0        Al Y   0        Al Z   0     
                    --------------- --------------- ---------------
    0   3.1123 THz   1.0000  0.0000  0.0000  0.0000  0.0000  0.0000
    1   3.1123 THz   0.0000  0.0000  0.0000  0.0000 -0.8588 -0.5122
    2   5.9617 THz   0.0000  0.0000  0.1938  0.9810 -0.0000 -0.0000


 Q= -0.119915 -0.119915  0.239830, q=  0.250000  0.250000 -0.500000

                       Al X   0        Al Y   0        Al Z   0     
                    --------------- --------------- ---------------
    0   3.7486 THz   0.7071  0.0000 -0.7071 -0.0000  0.0000  0.0000
    1   5.1666 THz   0.0000  0.0000 -0.0000 -0.0000 -0.9897 -0.1429
    2   6.7841 THz  -0.7071  0.0000 -0.7071 -0.0000  0.0000  0.0000


 Q= -0.059957 -0.059957  0.179872, q=  0.250000  0.250000 -0.250000

                       Al X   0        Al Y   0        Al Z   0     
                    --------------- --------------- ---------------
    0   4.0113 THz  -0.7071  0.0000  0.7071 -0.0000  0.0000 -0.0000
    1   5.3111 THz   0.5744  0.0000  0.5744 -0.0000  0.5832 -0.0000
    2   7.0512 THz   0.4124  0.0000  0.4124 -0.0000 -0.8123 -0.0000


 Q=  0.000000  0.000000  0.119915, q=  0.250000  0.250000  0.000000

                       Al X   0        Al Y   0        Al Z   0     
                    --------------- --------------- ---------------
    0   3.1123 THz   1.0000  0.0000  0.0000  0.0000  0.0000  0.0000
    1   3.1123 THz   0.0000  0.0000 -0.9991 -0.0425 -0.0000 -0.0000
    2   5.9617 THz   0.0000  0.0000  0.0000 -0.0000 -0.9461  0.3239


 Q=  0.059957  0.059957  0.059957, q=  0.250000  0.250000  0.250000

                       Al X   0        Al Y   0        Al Z   0     
                    --------------- --------------- ---------------
    0   2.6052 THz   0.7721  0.0000 -0.6159 -0.0105 -0.1562  0.0105
    1   2.6052 THz   0.2657  0.0000  0.5351  0.0306 -0.8008 -0.0306
    2   5.6359 THz   0.5774  0.0000  0.5774 -0.0000  0.5774 -0.0000
