
Used Primitive lattice vector

    0.000000000000      2.019619000000      2.019619000000  
    2.019619000000      0.000000000000      2.019619000000  
    2.019619000000      2.019619000000      0.000000000000  

   1 Atom(s) in the Primitive cell

 0.0000000000 0.0000000000 0.0000000000 Al    0


 Q= -0.123786 -0.123786 -0.123786, q= -0.500000 -0.500000 -0.500000

                       Al X   0        Al Y   0        Al Z   0     
                    --------------- --------------- ---------------
    0   4.1088 THz   0.0000  0.0000  0.7071 -0.0000 -0.7071  0.0000
    1   4.1088 THz   0.8165  0.0000 -0.4082 -0.0000 -0.4082 -0.0000
    2   9.5921 THz  -0.5774  0.0000 -0.5774 -0.0000 -0.5774 -0.0000


 Q= -0.061893 -0.061893 -0.185679, q= -0.500000 -0.500000 -0.250000

                       Al X   0        Al Y   0        Al Z   0     
                    --------------- --------------- ---------------
    0   5.0988 THz   0.7071  0.0000 -0.7071  0.0000  0.0000 -0.0000
    1   6.4390 THz   0.5766  0.0000  0.5766 -0.0000 -0.5789  0.0000
    2   8.6034 THz   0.4093  0.0000  0.4093  0.0000  0.8154  0.0000


 Q=  0.000000  0.000000 -0.247571, q= -0.500000 -0.500000  0.000000

                       Al X   0        Al Y   0        Al Z   0     
                    --------------- --------------- ---------------
    0   5.7457 THz   1.0000  0.0000  0.0000  0.0000  0.0000  0.0000
    1   5.7457 THz   0.0000  0.0000 -1.0000  0.0000  0.0000  0.0000
    2   9.4729 THz   0.0000  0.0000 -0.0000 -0.0000 -1.0000 -0.0000


 Q=  0.061893  0.061893 -0.309464, q= -0.500000 -0.500000  0.250000

                       Al X   0        Al Y   0        Al Z   0     
                    --------------- --------------- ---------------
    0   5.0988 THz   0.7071  0.0000 -0.7071 -0.0000  0.0000  0.0000
    1   6.4390 THz   0.5766  0.0000  0.5766  0.0000 -0.5789  0.0000
    2   8.6034 THz   0.4093  0.0000  0.4093  0.0000  0.8154 -0.0000


 Q= -0.061893 -0.185679 -0.061893, q= -0.500000 -0.250000 -0.500000

                       Al X   0        Al Y   0        Al Z   0     
                    --------------- --------------- ---------------
    0   5.0988 THz  -0.7071  0.0000 -0.0000  0.0000  0.7071 -0.0000
    1   6.4390 THz   0.5766  0.0000 -0.5789  0.0000  0.5766 -0.0000
    2   8.6034 THz   0.4093  0.0000  0.8154  0.0000  0.4093 -0.0000


 Q=  0.000000 -0.123786 -0.123786, q= -0.500000 -0.250000 -0.250000

                       Al X   0        Al Y   0        Al Z   0     
                    --------------- --------------- ---------------
    0   4.5830 THz   0.0000  0.0000 -0.5817  0.4020  0.5817 -0.4020
    1   6.3426 THz   1.0000  0.0000  0.0000  0.0000  0.0000  0.0000
    2   8.2509 THz   0.0000  0.0000 -0.4490  0.5463 -0.4490  0.5463


 Q=  0.061893 -0.061893 -0.185679, q= -0.500000 -0.250000  0.000000

                       Al X   0        Al Y   0        Al Z   0     
                    --------------- --------------- ---------------
    0   5.0988 THz  -0.7071  0.0000 -0.7071 -0.0000  0.0000  0.0000
    1   6.4390 THz   0.5766  0.0000 -0.5766 -0.0000  0.5789  0.0000
    2   8.6034 THz  -0.4093  0.0000  0.4093  0.0000  0.8154  0.0000


 Q=  0.123786  0.000000 -0.247571, q= -0.500000 -0.250000  0.250000

                       Al X   0        Al Y   0        Al Z   0     
                    --------------- --------------- ---------------
    0   6.3670 THz   1.0000  0.0000  0.0000  0.0000  0.0000  0.0000
    1   7.8473 THz   0.0000  0.0000 -0.5058 -0.1902  0.8382 -0.0740
    2   7.8473 THz   0.0000  0.0000 -0.8237 -0.1717 -0.5246  0.1296


 Q=  0.000000 -0.247571  0.000000, q= -0.500000  0.000000 -0.500000

                       Al X   0        Al Y   0        Al Z   0     
                    --------------- --------------- ---------------
    0   5.7457 THz   0.0000  0.0000  0.0000 -0.0000 -1.0000 -0.0000
    1   5.7457 THz   1.0000  0.0000  0.0000  0.0000  0.0000  0.0000
    2   9.4729 THz   0.0000  0.0000 -1.0000  0.0000 -0.0000 -0.0000


 Q=  0.061893 -0.185679 -0.061893, q= -0.500000  0.000000 -0.250000

                       Al X   0        Al Y   0        Al Z   0     
                    --------------- --------------- ---------------
    0   5.0988 THz   0.7071  0.0000 -0.0000  0.0000  0.7071 -0.0000
    1   6.4390 THz   0.5766  0.0000  0.5789 -0.0000 -0.5766  0.0000
    2   8.6034 THz  -0.4093  0.0000  0.8154 -0.0000  0.4093  0.0000


 Q=  0.123786 -0.123786 -0.123786, q= -0.500000  0.000000  0.000000

                       Al X   0        Al Y   0        Al Z   0     
                    --------------- --------------- ---------------
    0   4.1088 THz   0.0000  0.0000  0.7071 -0.0000 -0.7071  0.0000
    1   4.1088 THz   0.8165  0.0000  0.4082 -0.0000  0.4082 -0.0000
    2   9.5921 THz   0.5774  0.0000 -0.5774  0.0000 -0.5774  0.0000


 Q=  0.185679 -0.061893 -0.185679, q= -0.500000  0.000000  0.250000

                       Al X   0        Al Y   0        Al Z   0     
                    --------------- --------------- ---------------
    0   5.0988 THz   0.7071  0.0000  0.0000 -0.0000  0.7071  0.0000
    1   6.4390 THz   0.5766  0.0000  0.5789  0.0000 -0.5766 -0.0000
    2   8.6034 THz  -0.4093  0.0000  0.8154  0.0000  0.4093  0.0000


 Q=  0.061893 -0.309464  0.061893, q= -0.500000  0.250000 -0.500000

                       Al X   0        Al Y   0        Al Z   0     
                    --------------- --------------- ---------------
    0   5.0988 THz  -0.7071  0.0000 -0.0000 -0.0000  0.7071  0.0000
    1   6.4390 THz   0.5766  0.0000 -0.5789 -0.0000  0.5766  0.0000
    2   8.6034 THz   0.4093  0.0000  0.8154 -0.0000  0.4093 -0.0000


 Q=  0.123786 -0.247571  0.000000, q= -0.500000  0.250000 -0.250000

                       Al X   0        Al Y   0        Al Z   0     
                    --------------- --------------- ---------------
    0   6.3670 THz   1.0000  0.0000  0.0000  0.0000  0.0000  0.0000
    1   7.8473 THz   0.0000  0.0000 -0.7523 -0.5746 -0.2668 -0.1807
    2   7.8473 THz   0.0000  0.0000  0.0937  0.3083 -0.3265 -0.8886


 Q=  0.185679 -0.185679 -0.061893, q= -0.500000  0.250000  0.000000

                       Al X   0        Al Y   0        Al Z   0     
                    --------------- --------------- ---------------
    0   5.0988 THz  -0.7071  0.0000 -0.7071  0.0000  0.0000 -0.0000
    1   6.4390 THz   0.5766  0.0000 -0.5766  0.0000  0.5789 -0.0000
    2   8.6034 THz  -0.4093  0.0000  0.4093 -0.0000  0.8154 -0.0000


 Q=  0.247571 -0.123786 -0.123786, q= -0.500000  0.250000  0.250000

                       Al X   0        Al Y   0        Al Z   0     
                    --------------- --------------- ---------------
    0   4.5830 THz   0.0000  0.0000  0.5753  0.4111 -0.5753 -0.4111
    1   6.3426 THz   1.0000  0.0000  0.0000  0.0000  0.0000  0.0000
    2   8.2509 THz   0.0000  0.0000 -0.6775  0.2025 -0.6775  0.2025


 Q= -0.185679 -0.061893 -0.061893, q= -0.250000 -0.500000 -0.500000

                       Al X   0        Al Y   0        Al Z   0     
                    --------------- --------------- ---------------
    0   5.0988 THz   0.0000  0.0000  0.7070  0.0135 -0.7070 -0.0135
    1   6.4390 THz   0.5789  0.0000 -0.5766 -0.0000 -0.5766 -0.0000
    2   8.6034 THz   0.8154  0.0000  0.4093  0.0000  0.4093  0.0000


 Q= -0.123786  0.000000 -0.123786, q= -0.250000 -0.500000 -0.250000

                       Al X   0        Al Y   0        Al Z   0     
                    --------------- --------------- ---------------
    0   4.5830 THz   0.7071  0.0000  0.0000  0.0000 -0.7071  0.0000
    1   6.3426 THz   0.0000  0.0000  1.0000 -0.0090  0.0000 -0.0000
    2   8.2509 THz   0.7071  0.0000  0.0000 -0.0000  0.7071 -0.0000


 Q= -0.061893  0.061893 -0.185679, q= -0.250000 -0.500000  0.000000

                       Al X   0        Al Y   0        Al Z   0     
                    --------------- --------------- ---------------
    0   5.0988 THz   0.7071  0.0000  0.7071  0.0000 -0.0000  0.0000
    1   6.4390 THz   0.5766  0.0000 -0.5766 -0.0000 -0.5789 -0.0000
    2   8.6034 THz  -0.4093  0.0000  0.4093  0.0000 -0.8154 -0.0000


 Q=  0.000000  0.123786 -0.247571, q= -0.250000 -0.500000  0.250000

                       Al X   0        Al Y   0        Al Z   0     
                    --------------- --------------- ---------------
    0   6.3670 THz   0.0000  0.0000 -0.9979 -0.0640 -0.0000  0.0000
    1   7.8473 THz   0.0000  0.0000  0.0000  0.0000 -0.8600  0.5103
    2   7.8473 THz   1.0000  0.0000  0.0000  0.0000  0.0000  0.0000


 Q= -0.123786 -0.123786  0.000000, q= -0.250000 -0.250000 -0.500000

                       Al X   0        Al Y   0        Al Z   0     
                    --------------- --------------- ---------------
    0   4.5830 THz   0.7071  0.0000 -0.7071 -0.0000  0.0000 -0.0000
    1   6.3426 THz   0.0000  0.0000 -0.0000 -0.0000 -0.7071  0.7071
    2   8.2509 THz   0.7071  0.0000  0.7071  0.0000 -0.0000  0.0000


 Q= -0.061893 -0.061893 -0.061893, q= -0.250000 -0.250000 -0.250000

                       Al X   0        Al Y   0        Al Z   0     
                    --------------- --------------- ---------------
    0   3.2626 THz  -0.5434  0.0000  0.7989 -0.0251 -0.2554  0.0251
    1   3.2626 THz   0.6094  0.0000  0.1654 -0.0224 -0.7748  0.0224
    2   6.7536 THz   0.5774  0.0000  0.5774  0.0000  0.5774  0.0000


 Q=  0.000000  0.000000 -0.123786, q= -0.250000 -0.250000  0.000000

                       Al X   0        Al Y   0        Al Z   0     
                    --------------- --------------- ---------------
    0   4.0783 THz   0.0000  0.0000 -0.7147 -0.6995  0.0000 -0.0000
    1   4.0783 THz   1.0000  0.0000  0.0000  0.0000  0.0000  0.0000
    2   7.0883 THz   0.0000  0.0000  0.0000  0.0000 -0.3535  0.9354


 Q=  0.061893  0.061893 -0.185679, q= -0.250000 -0.250000  0.250000

                       Al X   0        Al Y   0        Al Z   0     
                    --------------- --------------- ---------------
    0   5.0988 THz  -0.7071  0.0000  0.7071 -0.0000  0.0000  0.0000
    1   6.4390 THz   0.5766  0.0000  0.5766 -0.0000  0.5789  0.0000
    2   8.6034 THz   0.4093  0.0000  0.4093 -0.0000 -0.8154 -0.0000


 Q= -0.061893 -0.185679  0.061893, q= -0.250000  0.000000 -0.500000

                       Al X   0        Al Y   0        Al Z   0     
                    --------------- --------------- ---------------
    0   5.0988 THz   0.7071  0.0000 -0.0000  0.0000  0.7071 -0.0000
    1   6.4390 THz   0.5766  0.0000 -0.5789  0.0000 -0.5766  0.0000
    2   8.6034 THz   0.4093  0.0000  0.8154 -0.0000 -0.4093  0.0000


 Q=  0.000000 -0.123786  0.000000, q= -0.250000  0.000000 -0.250000

                       Al X   0        Al Y   0        Al Z   0     
                    --------------- --------------- ---------------
    0   4.0783 THz   0.0000  0.0000  0.0000  0.0000 -0.0036 -1.0000
    1   4.0783 THz   1.0000  0.0000  0.0000  0.0000  0.0000  0.0000
    2   7.0883 THz   0.0000  0.0000 -0.9992  0.0400 -0.0000  0.0000


 Q=  0.061893 -0.061893 -0.061893, q= -0.250000  0.000000  0.000000

                       Al X   0        Al Y   0        Al Z   0     
                    --------------- --------------- ---------------
    0   3.2626 THz   0.0000  0.0000  0.7061 -0.0378 -0.7061  0.0378
    1   3.2626 THz   0.8165  0.0000  0.4082 -0.0000  0.4082 -0.0000
    2   6.7536 THz   0.5774  0.0000 -0.5774  0.0000 -0.5774  0.0000


 Q=  0.123786  0.000000 -0.123786, q= -0.250000  0.000000  0.250000

                       Al X   0        Al Y   0        Al Z   0     
                    --------------- --------------- ---------------
    0   4.5830 THz   0.7071  0.0000 -0.0000  0.0000  0.7071  0.0000
    1   6.3426 THz   0.0000  0.0000 -0.9999  0.0154  0.0000 -0.0000
    2   8.2509 THz   0.7071  0.0000  0.0000 -0.0000 -0.7071 -0.0000


 Q=  0.000000 -0.247571  0.123786, q= -0.250000  0.250000 -0.500000

                       Al X   0        Al Y   0        Al Z   0     
                    --------------- --------------- ---------------
    0   6.3670 THz   0.0000  0.0000 -0.0000 -0.0000 -0.4013 -0.9160
    1   7.8473 THz   1.0000  0.0000  0.0000  0.0000  0.0000  0.0000
    2   7.8473 THz   0.0000  0.0000 -0.9980 -0.0631  0.0000  0.0000


 Q=  0.061893 -0.185679  0.061893, q= -0.250000  0.250000 -0.250000

                       Al X   0        Al Y   0        Al Z   0     
                    --------------- --------------- ---------------
    0   5.0988 THz  -0.7071  0.0000  0.0000 -0.0000  0.7071  0.0000
    1   6.4390 THz   0.5766  0.0000  0.5789  0.0000  0.5766 -0.0000
    2   8.6034 THz  -0.4093  0.0000  0.8154  0.0000 -0.4093 -0.0000


 Q=  0.123786 -0.123786  0.000000, q= -0.250000  0.250000  0.000000

                       Al X   0        Al Y   0        Al Z   0     
                    --------------- --------------- ---------------
    0   4.5830 THz  -0.7071  0.0000 -0.7071  0.0000 -0.0000  0.0000
    1   6.3426 THz   0.0000  0.0000  0.0000 -0.0000 -0.7459  0.6661
    2   8.2509 THz   0.7071  0.0000 -0.7071  0.0000 -0.0000  0.0000


 Q=  0.185679 -0.061893 -0.061893, q= -0.250000  0.250000  0.250000

                       Al X   0        Al Y   0        Al Z   0     
                    --------------- --------------- ---------------
    0   5.0988 THz   0.0000  0.0000  0.6632 -0.2453 -0.6632  0.2453
    1   6.4390 THz  -0.5789  0.0000 -0.5766 -0.0000 -0.5766  0.0000
    2   8.6034 THz   0.8154  0.0000 -0.4093 -0.0000 -0.4093  0.0000


 Q= -0.247571  0.000000  0.000000, q=  0.000000 -0.500000 -0.500000

                       Al X   0        Al Y   0        Al Z   0     
                    --------------- --------------- ---------------
    0   5.7457 THz   0.0000  0.0000 -0.9608  0.0000  0.2773 -0.0000
    1   5.7457 THz   0.0000  0.0000 -0.2773  0.0000 -0.9608  0.0000
    2   9.4729 THz   1.0000  0.0000  0.0000  0.0000  0.0000  0.0000


 Q= -0.185679  0.061893 -0.061893, q=  0.000000 -0.500000 -0.250000

                       Al X   0        Al Y   0        Al Z   0     
                    --------------- --------------- ---------------
    0   5.0988 THz   0.0000  0.0000 -0.7065  0.0301 -0.7065  0.0301
    1   6.4390 THz  -0.5789  0.0000 -0.5766  0.0000  0.5766 -0.0000
    2   8.6034 THz   0.8154  0.0000 -0.4093  0.0000  0.4093 -0.0000


 Q= -0.123786  0.123786 -0.123786, q=  0.000000 -0.500000  0.000000

                       Al X   0        Al Y   0        Al Z   0     
                    --------------- --------------- ---------------
    0   4.1088 THz   0.0000  0.0000 -0.0000  0.7071 -0.0000  0.7071
    1   4.1088 THz   0.8165  0.0000  0.4082 -0.0000 -0.4082  0.0000
    2   9.5921 THz   0.5774  0.0000 -0.5774  0.0000  0.5774 -0.0000


 Q= -0.061893  0.185679 -0.185679, q=  0.000000 -0.500000  0.250000

                       Al X   0        Al Y   0        Al Z   0     
                    --------------- --------------- ---------------
    0   5.0988 THz   0.0000  0.0000 -0.7069  0.0168 -0.7069  0.0168
    1   6.4390 THz  -0.5789  0.0000 -0.5766  0.0000  0.5766  0.0000
    2   8.6034 THz   0.8154  0.0000 -0.4093  0.0000  0.4093  0.0000


 Q= -0.185679 -0.061893  0.061893, q=  0.000000 -0.250000 -0.500000

                       Al X   0        Al Y   0        Al Z   0     
                    --------------- --------------- ---------------
    0   5.0988 THz   0.0000  0.0000 -0.0000 -0.7071  0.0000 -0.7071
    1   6.4390 THz   0.5789  0.0000 -0.5766  0.0000  0.5766  0.0000
    2   8.6034 THz   0.8154  0.0000  0.4093 -0.0000 -0.4093 -0.0000


 Q= -0.123786  0.000000  0.000000, q=  0.000000 -0.250000 -0.250000

                       Al X   0        Al Y   0        Al Z   0     
                    --------------- --------------- ---------------
    0   4.0783 THz   0.0000  0.0000 -0.6993  0.3676  0.0831  0.6074
    1   4.0783 THz   0.0000  0.0000  0.6079  0.0789 -0.3627  0.7019
    2   7.0883 THz   1.0000  0.0000  0.0000  0.0000  0.0000  0.0000


 Q= -0.061893  0.061893 -0.061893, q=  0.000000 -0.250000  0.000000

                       Al X   0        Al Y   0        Al Z   0     
                    --------------- --------------- ---------------
    0   3.2626 THz  -0.5028 -0.0000  0.3012  0.0703  0.8041  0.0703
    1   3.2626 THz   0.6433  0.0000  0.7536  0.0550  0.1103  0.0550
    2   6.7536 THz  -0.5774 -0.0000  0.5774 -0.0000 -0.5774  0.0000


 Q=  0.000000  0.123786 -0.123786, q=  0.000000 -0.250000  0.250000

                       Al X   0        Al Y   0        Al Z   0     
                    --------------- --------------- ---------------
    0   4.5830 THz   0.0000  0.0000 -0.5133  0.4863 -0.5133  0.4863
    1   6.3426 THz   1.0000  0.0000  0.0000  0.0000  0.0000  0.0000
    2   8.2509 THz   0.0000  0.0000 -0.5610  0.4305  0.5610 -0.4305


 Q= -0.123786 -0.123786  0.123786, q=  0.000000  0.000000 -0.500000

                       Al X   0        Al Y   0        Al Z   0     
                    --------------- --------------- ---------------
    0   4.1088 THz   0.0000  0.0000 -0.7071 -0.0000 -0.7071 -0.0000
    1   4.1088 THz   0.8165  0.0000 -0.4082 -0.0000  0.4082 -0.0000
    2   9.5921 THz  -0.5774  0.0000 -0.5774 -0.0000  0.5774 -0.0000


 Q= -0.061893 -0.061893  0.061893, q=  0.000000  0.000000 -0.250000

                       Al X   0        Al Y   0        Al Z   0     
                    --------------- --------------- ---------------
    0   3.2626 THz   0.0000  0.0000 -0.6693  0.2281 -0.6693  0.2281
    1   3.2626 THz   0.8165  0.0000 -0.4082 -0.0000  0.4082  0.0000
    2   6.7536 THz  -0.5774  0.0000 -0.5774 -0.0000  0.5774  0.0000


 Q=  0.000000  0.000000  0.000000, q=  0.000000  0.000000  0.000000

                       Al X   0        Al Y   0        Al Z   0     
                    --------------- --------------- ---------------
    0   0.0000 THz   0.9868  0.0000 -0.0093  0.0000  0.1619  0.0000
    1  -0.0000 THz  -0.1618  0.0000 -0.1204  0.0000  0.9795  0.0000
    2  -0.0000 THz   0.0104  0.0000 -0.9927  0.0000 -0.1203  0.0000


 Q=  0.061893  0.061893 -0.061893, q=  0.000000  0.000000  0.250000

                       Al X   0        Al Y   0        Al Z   0     
                    --------------- --------------- ---------------
    0   3.2626 THz   0.0000  0.0000 -0.6693 -0.2281 -0.6693 -0.2281
    1   3.2626 THz   0.8165  0.0000 -0.4082  0.0000  0.4082 -0.0000
    2   6.7536 THz  -0.5774  0.0000 -0.5774  0.0000  0.5774 -0.0000


 Q= -0.061893 -0.185679  0.185679, q=  0.000000  0.250000 -0.500000

                       Al X   0        Al Y   0        Al Z   0     
                    --------------- --------------- ---------------
    0   5.0988 THz   0.0000  0.0000 -0.6980 -0.1134 -0.6980 -0.1134
    1   6.4390 THz   0.5789  0.0000 -0.5766 -0.0000  0.5766 -0.0000
    2   8.6034 THz   0.8154  0.0000  0.4093  0.0000 -0.4093  0.0000


 Q=  0.000000 -0.123786  0.123786, q=  0.000000  0.250000 -0.250000

                       Al X   0        Al Y   0        Al Z   0     
                    --------------- --------------- ---------------
    0   4.5830 THz   0.0000  0.0000 -0.5133 -0.4863 -0.5133 -0.4863
    1   6.3426 THz   1.0000  0.0000  0.0000  0.0000  0.0000  0.0000
    2   8.2509 THz   0.0000  0.0000 -0.5610 -0.4305  0.5610  0.4305


 Q=  0.061893 -0.061893  0.061893, q=  0.000000  0.250000  0.000000

                       Al X   0        Al Y   0        Al Z   0     
                    --------------- --------------- ---------------
    0   3.2626 THz  -0.5028 -0.0000  0.3012 -0.0703  0.8041 -0.0703
    1   3.2626 THz   0.6433  0.0000  0.7536 -0.0550  0.1103 -0.0550
    2   6.7536 THz  -0.5774 -0.0000  0.5774  0.0000 -0.5774 -0.0000


 Q=  0.123786  0.000000  0.000000, q=  0.000000  0.250000  0.250000

                       Al X   0        Al Y   0        Al Z   0     
                    --------------- --------------- ---------------
    0   4.0783 THz   0.0000  0.0000 -0.6993 -0.3676  0.0831 -0.6074
    1   4.0783 THz   0.0000  0.0000  0.6079 -0.0789 -0.3627 -0.7019
    2   7.0883 THz   1.0000  0.0000  0.0000  0.0000  0.0000  0.0000


 Q= -0.309464  0.061893  0.061893, q=  0.250000 -0.500000 -0.500000

                       Al X   0        Al Y   0        Al Z   0     
                    --------------- --------------- ---------------
    0   5.0988 THz   0.0000  0.0000  0.7071 -0.0058 -0.7071  0.0058
    1   6.4390 THz   0.5789  0.0000 -0.5766  0.0000 -0.5766  0.0000
    2   8.6034 THz   0.8154  0.0000  0.4093 -0.0000  0.4093 -0.0000


 Q= -0.247571  0.123786  0.000000, q=  0.250000 -0.500000 -0.250000

                       Al X   0        Al Y   0        Al Z   0     
                    --------------- --------------- ---------------
    0   6.3670 THz   0.0000  0.0000 -0.9964 -0.0851  0.0000 -0.0000
    1   7.8473 THz   0.0000  0.0000 -0.0000 -0.0000 -0.9375 -0.3480
    2   7.8473 THz   1.0000  0.0000  0.0000  0.0000  0.0000  0.0000


 Q= -0.185679  0.185679 -0.061893, q=  0.250000 -0.500000  0.000000

                       Al X   0        Al Y   0        Al Z   0     
                    --------------- --------------- ---------------
    0   5.0988 THz   0.7071  0.0000  0.7071 -0.0000  0.0000 -0.0000
    1   6.4390 THz   0.5766  0.0000 -0.5766  0.0000 -0.5789  0.0000
    2   8.6034 THz  -0.4093  0.0000  0.4093 -0.0000 -0.8154  0.0000


 Q= -0.123786  0.247571 -0.123786, q=  0.250000 -0.500000  0.250000

                       Al X   0        Al Y   0        Al Z   0     
                    --------------- --------------- ---------------
    0   4.5830 THz  -0.7071  0.0000  0.0000  0.0000  0.7071  0.0000
    1   6.3426 THz   0.0000  0.0000 -0.9999  0.0168  0.0000 -0.0000
    2   8.2509 THz   0.7071  0.0000  0.0000  0.0000  0.7071  0.0000


 Q= -0.247571  0.000000  0.123786, q=  0.250000 -0.250000 -0.500000

                       Al X   0        Al Y   0        Al Z   0     
                    --------------- --------------- ---------------
    0   6.3670 THz   0.0000  0.0000  0.0000  0.0000  0.9428 -0.3335
    1   7.8473 THz   1.0000  0.0000  0.0000  0.0000  0.0000  0.0000
    2   7.8473 THz   0.0000  0.0000 -0.9984  0.0563  0.0000 -0.0000


 Q= -0.185679  0.061893  0.061893, q=  0.250000 -0.250000 -0.250000

                       Al X   0        Al Y   0        Al Z   0     
                    --------------- --------------- ---------------
    0   5.0988 THz   0.0000  0.0000  0.6632  0.2453 -0.6632 -0.2453
    1   6.4390 THz  -0.5789  0.0000 -0.5766  0.0000 -0.5766 -0.0000
    2   8.6034 THz   0.8154  0.0000 -0.4093  0.0000 -0.4093 -0.0000


 Q= -0.123786  0.123786  0.000000, q=  0.250000 -0.250000  0.000000

                       Al X   0        Al Y   0        Al Z   0     
                    --------------- --------------- ---------------
    0   4.5830 THz  -0.7071  0.0000 -0.7071 -0.0000 -0.0000 -0.0000
    1   6.3426 THz   0.0000  0.0000  0.0000  0.0000 -0.7459 -0.6661
    2   8.2509 THz   0.7071  0.0000 -0.7071 -0.0000 -0.0000 -0.0000


 Q= -0.061893  0.185679 -0.061893, q=  0.250000 -0.250000  0.250000

                       Al X   0        Al Y   0        Al Z   0     
                    --------------- --------------- ---------------
    0   5.0988 THz  -0.7071  0.0000  0.0000  0.0000  0.7071 -0.0000
    1   6.4390 THz   0.5766  0.0000  0.5789 -0.0000  0.5766  0.0000
    2   8.6034 THz  -0.4093  0.0000  0.8154 -0.0000 -0.4093  0.0000


 Q= -0.185679 -0.061893  0.185679, q=  0.250000  0.000000 -0.500000

                       Al X   0        Al Y   0        Al Z   0     
                    --------------- --------------- ---------------
    0   5.0988 THz   0.7071  0.0000  0.0000 -0.0000  0.7071  0.0000
    1   6.4390 THz   0.5766  0.0000 -0.5789 -0.0000 -0.5766 -0.0000
    2   8.6034 THz   0.4093  0.0000  0.8154  0.0000 -0.4093 -0.0000


 Q= -0.123786  0.000000  0.123786, q=  0.250000  0.000000 -0.250000

                       Al X   0        Al Y   0        Al Z   0     
                    --------------- --------------- ---------------
    0   4.5830 THz   0.7071  0.0000 -0.0000 -0.0000  0.7071 -0.0000
    1   6.3426 THz   0.0000  0.0000 -0.9999 -0.0154  0.0000  0.0000
    2   8.2509 THz   0.7071  0.0000  0.0000  0.0000 -0.7071  0.0000


 Q= -0.061893  0.061893  0.061893, q=  0.250000  0.000000  0.000000

                       Al X   0        Al Y   0        Al Z   0     
                    --------------- --------------- ---------------
    0   3.2626 THz   0.0000  0.0000  0.7061  0.0378 -0.7061 -0.0378
    1   3.2626 THz   0.8165  0.0000  0.4082  0.0000  0.4082  0.0000
    2   6.7536 THz   0.5774  0.0000 -0.5774 -0.0000 -0.5774 -0.0000


 Q=  0.000000  0.123786  0.000000, q=  0.250000  0.000000  0.250000

                       Al X   0        Al Y   0        Al Z   0     
                    --------------- --------------- ---------------
    0   4.0783 THz   0.0000  0.0000  0.0000 -0.0000 -0.0036  1.0000
    1   4.0783 THz   1.0000  0.0000  0.0000  0.0000  0.0000  0.0000
    2   7.0883 THz   0.0000  0.0000 -0.9992 -0.0400 -0.0000  0.0000


 Q= -0.123786 -0.123786  0.247571, q=  0.250000  0.250000 -0.500000

                       Al X   0        Al Y   0        Al Z   0     
                    --------------- --------------- ---------------
    0   4.5830 THz   0.7071  0.0000 -0.7071  0.0000  0.0000  0.0000
    1   6.3426 THz   0.0000  0.0000 -0.0000  0.0000 -0.6426  0.7662
    2   8.2509 THz   0.7071  0.0000  0.7071 -0.0000 -0.0000 -0.0000


 Q= -0.061893 -0.061893  0.185679, q=  0.250000  0.250000 -0.250000

                       Al X   0        Al Y   0        Al Z   0     
                    --------------- --------------- ---------------
    0   5.0988 THz  -0.7071  0.0000  0.7071  0.0000  0.0000 -0.0000
    1   6.4390 THz   0.5766  0.0000  0.5766  0.0000  0.5789 -0.0000
    2   8.6034 THz   0.4093  0.0000  0.4093  0.0000 -0.8154  0.0000


 Q=  0.000000  0.000000  0.123786, q=  0.250000  0.250000  0.000000

                       Al X   0        Al Y   0        Al Z   0     
                    --------------- --------------- ---------------
    0   4.0783 THz   0.0000  0.0000 -0.7147  0.6995  0.0000  0.0000
    1   4.0783 THz   1.0000  0.0000  0.0000  0.0000  0.0000  0.0000
    2   7.0883 THz   0.0000  0.0000  0.0000  0.0000 -0.3535 -0.9354


 Q=  0.061893  0.061893  0.061893, q=  0.250000  0.250000  0.250000

                       Al X   0        Al Y   0        Al Z   0     
                    --------------- --------------- ---------------
    0   3.2626 THz  -0.5434  0.0000  0.7989  0.0251 -0.2554 -0.0251
    1   3.2626 THz   0.6094  0.0000  0.1654  0.0224 -0.7748 -0.0224
    2   6.7536 THz   0.5774  0.0000  0.5774 -0.0000  0.5774 -0.0000
