
Used Primitive lattice vector

    0.000000000000      2.115934000000      2.115934000000  
    2.115934000000      0.000000000000      2.115934000000  
    2.115934000000      2.115934000000      0.000000000000  

   1 Atom(s) in the Primitive cell

 0.0000000000 0.0000000000 0.0000000000 Al    0


 Q= -0.118151 -0.118151 -0.118151, q= -0.500000 -0.500000 -0.500000

                       Al X   0        Al Y   0        Al Z   0     
                    --------------- --------------- ---------------
    0   2.8464 THz   0.5056  0.0000  0.3024 -0.0000 -0.8080  0.0000
    1   2.8464 THz   0.6411  0.0000 -0.7584  0.0000  0.1173 -0.0000
    2   7.0679 THz   0.5774  0.0000  0.5774 -0.0000  0.5774 -0.0000


 Q= -0.059076 -0.059076 -0.177227, q= -0.500000 -0.500000 -0.250000

                       Al X   0        Al Y   0        Al Z   0     
                    --------------- --------------- ---------------
    0   3.5683 THz  -0.7071  0.0000  0.7071 -0.0000 -0.0000  0.0000
    1   4.7802 THz   0.5730  0.0000  0.5730 -0.0000 -0.5859  0.0000
    2   6.2020 THz  -0.4143  0.0000 -0.4143 -0.0000 -0.8104  0.0000


 Q=  0.000000  0.000000 -0.236302, q= -0.500000 -0.500000  0.000000

                       Al X   0        Al Y   0        Al Z   0     
                    --------------- --------------- ---------------
    0   4.1534 THz   1.0000  0.0000  0.0000  0.0000  0.0000  0.0000
    1   4.1534 THz   0.0000  0.0000 -1.0000  0.0000  0.0000 -0.0000
    2   7.0694 THz   0.0000  0.0000 -0.0000 -0.0000 -1.0000 -0.0000


 Q=  0.059076  0.059076 -0.295378, q= -0.500000 -0.500000  0.250000

                       Al X   0        Al Y   0        Al Z   0     
                    --------------- --------------- ---------------
    0   3.5683 THz  -0.7071  0.0000  0.7071  0.0000  0.0000 -0.0000
    1   4.7802 THz   0.5730  0.0000  0.5730  0.0000 -0.5859 -0.0000
    2   6.2020 THz  -0.4143  0.0000 -0.4143 -0.0000 -0.8104 -0.0000


 Q= -0.059076 -0.177227 -0.059076, q= -0.500000 -0.250000 -0.500000

                       Al X   0        Al Y   0        Al Z   0     
                    --------------- --------------- ---------------
    0   3.5683 THz  -0.7071  0.0000 -0.0000 -0.0000  0.7071  0.0000
    1   4.7802 THz   0.5730  0.0000 -0.5859 -0.0000  0.5730  0.0000
    2   6.2020 THz   0.4143  0.0000  0.8104  0.0000  0.4143 -0.0000


 Q=  0.000000 -0.118151 -0.118151, q= -0.500000 -0.250000 -0.250000

                       Al X   0        Al Y   0        Al Z   0     
                    --------------- --------------- ---------------
    0   3.4132 THz   0.0000  0.0000 -0.7065 -0.0281  0.7065  0.0281
    1   4.6260 THz   1.0000  0.0000  0.0000  0.0000  0.0000  0.0000
    2   6.0130 THz   0.0000  0.0000 -0.7071  0.0007 -0.7071  0.0007


 Q=  0.059076 -0.059076 -0.177227, q= -0.500000 -0.250000  0.000000

                       Al X   0        Al Y   0        Al Z   0     
                    --------------- --------------- ---------------
    0   3.5683 THz   0.7071  0.0000  0.7071  0.0000  0.0000 -0.0000
    1   4.7802 THz   0.5730  0.0000 -0.5730 -0.0000  0.5859  0.0000
    2   6.2020 THz   0.4143  0.0000 -0.4143  0.0000 -0.8104  0.0000


 Q=  0.118151  0.000000 -0.236302, q= -0.500000 -0.250000  0.250000

                       Al X   0        Al Y   0        Al Z   0     
                    --------------- --------------- ---------------
    0   4.6720 THz   1.0000  0.0000  0.0000  0.0000  0.0000  0.0000
    1   5.8201 THz   0.0000  0.0000  0.2637  0.0264 -0.9594 -0.0965
    2   5.8201 THz   0.0000  0.0000 -0.9543 -0.1384 -0.2623 -0.0381


 Q=  0.000000 -0.236302  0.000000, q= -0.500000  0.000000 -0.500000

                       Al X   0        Al Y   0        Al Z   0     
                    --------------- --------------- ---------------
    0   4.1534 THz   0.0000  0.0000  0.0000 -0.0000 -1.0000  0.0000
    1   4.1534 THz   1.0000  0.0000  0.0000  0.0000  0.0000  0.0000
    2   7.0694 THz   0.0000  0.0000 -1.0000 -0.0000 -0.0000  0.0000


 Q=  0.059076 -0.177227 -0.059076, q= -0.500000  0.000000 -0.250000

                       Al X   0        Al Y   0        Al Z   0     
                    --------------- --------------- ---------------
    0   3.5683 THz   0.7071  0.0000 -0.0000 -0.0000  0.7071  0.0000
    1   4.7802 THz   0.5730  0.0000  0.5859 -0.0000 -0.5730 -0.0000
    2   6.2020 THz  -0.4143  0.0000  0.8104 -0.0000  0.4143  0.0000


 Q=  0.118151 -0.118151 -0.118151, q= -0.500000  0.000000  0.000000

                       Al X   0        Al Y   0        Al Z   0     
                    --------------- --------------- ---------------
    0   2.8464 THz   0.6787  0.0000 -0.0538  0.0000  0.7325 -0.0000
    1   2.8464 THz   0.4540  0.0000  0.8147 -0.0000 -0.3607  0.0000
    2   7.0679 THz  -0.5774 -0.0000  0.5774  0.0000  0.5774  0.0000


 Q=  0.177227 -0.059076 -0.177227, q= -0.500000  0.000000  0.250000

                       Al X   0        Al Y   0        Al Z   0     
                    --------------- --------------- ---------------
    0   3.5683 THz   0.7071  0.0000 -0.0000 -0.0000  0.7071 -0.0000
    1   4.7802 THz   0.5730  0.0000  0.5859  0.0000 -0.5730  0.0000
    2   6.2020 THz  -0.4143  0.0000  0.8104  0.0000  0.4143 -0.0000


 Q=  0.059076 -0.295378  0.059076, q= -0.500000  0.250000 -0.500000

                       Al X   0        Al Y   0        Al Z   0     
                    --------------- --------------- ---------------
    0   3.5683 THz  -0.7071  0.0000 -0.0000 -0.0000  0.7071 -0.0000
    1   4.7802 THz   0.5730  0.0000 -0.5859 -0.0000  0.5730  0.0000
    2   6.2020 THz   0.4143  0.0000  0.8104  0.0000  0.4143 -0.0000


 Q=  0.118151 -0.236302  0.000000, q= -0.500000  0.250000 -0.250000

                       Al X   0        Al Y   0        Al Z   0     
                    --------------- --------------- ---------------
    0   4.6720 THz   1.0000  0.0000  0.0000  0.0000  0.0000  0.0000
    1   5.8201 THz   0.0000  0.0000 -0.0186  0.0314 -0.9835 -0.1771
    2   5.8201 THz   0.0000  0.0000 -0.9931  0.1118  0.0165  0.0326


 Q=  0.177227 -0.177227 -0.059076, q= -0.500000  0.250000  0.000000

                       Al X   0        Al Y   0        Al Z   0     
                    --------------- --------------- ---------------
    0   3.5683 THz   0.7071  0.0000  0.7071 -0.0000 -0.0000  0.0000
    1   4.7802 THz   0.5730  0.0000 -0.5730  0.0000  0.5859 -0.0000
    2   6.2020 THz   0.4143  0.0000 -0.4143 -0.0000 -0.8104  0.0000


 Q=  0.236302 -0.118151 -0.118151, q= -0.500000  0.250000  0.250000

                       Al X   0        Al Y   0        Al Z   0     
                    --------------- --------------- ---------------
    0   3.4132 THz   0.0000  0.0000  0.7066 -0.0257 -0.7066  0.0257
    1   4.6260 THz   1.0000  0.0000  0.0000  0.0000  0.0000  0.0000
    2   6.0130 THz   0.0000  0.0000 -0.7071 -0.0005 -0.7071 -0.0005


 Q= -0.177227 -0.059076 -0.059076, q= -0.250000 -0.500000 -0.500000

                       Al X   0        Al Y   0        Al Z   0     
                    --------------- --------------- ---------------
    0   3.5683 THz   0.0000  0.0000  0.7070  0.0101 -0.7070 -0.0101
    1   4.7802 THz   0.5859  0.0000 -0.5730 -0.0000 -0.5730  0.0000
    2   6.2020 THz   0.8104  0.0000  0.4143 -0.0000  0.4143 -0.0000


 Q= -0.118151  0.000000 -0.118151, q= -0.250000 -0.500000 -0.250000

                       Al X   0        Al Y   0        Al Z   0     
                    --------------- --------------- ---------------
    0   3.4132 THz  -0.7071  0.0000 -0.0000  0.0000  0.7071 -0.0000
    1   4.6260 THz   0.0000  0.0000 -0.9999  0.0124 -0.0000 -0.0000
    2   6.0130 THz   0.7071  0.0000 -0.0000  0.0000  0.7071 -0.0000


 Q= -0.059076  0.059076 -0.177227, q= -0.250000 -0.500000  0.000000

                       Al X   0        Al Y   0        Al Z   0     
                    --------------- --------------- ---------------
    0   3.5683 THz   0.7071  0.0000  0.7071  0.0000 -0.0000  0.0000
    1   4.7802 THz   0.5730  0.0000 -0.5730 -0.0000 -0.5859 -0.0000
    2   6.2020 THz  -0.4143  0.0000  0.4143  0.0000 -0.8104 -0.0000


 Q=  0.000000  0.118151 -0.236302, q= -0.250000 -0.500000  0.250000

                       Al X   0        Al Y   0        Al Z   0     
                    --------------- --------------- ---------------
    0   4.6720 THz   0.0000  0.0000 -0.9988  0.0500 -0.0000 -0.0000
    1   5.8201 THz   0.0000  0.0000  0.0000 -0.0000 -0.8881 -0.4597
    2   5.8201 THz   1.0000  0.0000  0.0000  0.0000  0.0000  0.0000


 Q= -0.118151 -0.118151  0.000000, q= -0.250000 -0.250000 -0.500000

                       Al X   0        Al Y   0        Al Z   0     
                    --------------- --------------- ---------------
    0   3.4132 THz   0.7071  0.0000 -0.7071 -0.0000  0.0000  0.0000
    1   4.6260 THz   0.0000  0.0000 -0.0000  0.0000 -0.9830  0.1837
    2   6.0130 THz  -0.7071  0.0000 -0.7071 -0.0000  0.0000  0.0000


 Q= -0.059076 -0.059076 -0.059076, q= -0.250000 -0.250000 -0.250000

                       Al X   0        Al Y   0        Al Z   0     
                    --------------- --------------- ---------------
    0   2.3641 THz   0.4930  0.0000  0.3171 -0.0046 -0.8101  0.0046
    1   2.3641 THz   0.6508  0.0000 -0.7524  0.0035  0.1015 -0.0035
    2   5.2354 THz   0.5774  0.0000  0.5774 -0.0000  0.5774 -0.0000


 Q=  0.000000  0.000000 -0.118151, q= -0.250000 -0.250000  0.000000

                       Al X   0        Al Y   0        Al Z   0     
                    --------------- --------------- ---------------
    0   2.7278 THz   0.9780  0.0000  0.2075 -0.0197  0.0000  0.0000
    1   2.7278 THz   0.2084  0.0000 -0.9737  0.0924  0.0000 -0.0000
    2   5.4719 THz   0.0000  0.0000 -0.0000  0.0000 -0.9997 -0.0246


 Q=  0.059076  0.059076 -0.177227, q= -0.250000 -0.250000  0.250000

                       Al X   0        Al Y   0        Al Z   0     
                    --------------- --------------- ---------------
    0   3.5683 THz  -0.7071  0.0000  0.7071  0.0000 -0.0000 -0.0000
    1   4.7802 THz   0.5730  0.0000  0.5730 -0.0000  0.5859 -0.0000
    2   6.2020 THz   0.4143  0.0000  0.4143  0.0000 -0.8104  0.0000


 Q= -0.059076 -0.177227  0.059076, q= -0.250000  0.000000 -0.500000

                       Al X   0        Al Y   0        Al Z   0     
                    --------------- --------------- ---------------
    0   3.5683 THz  -0.7071  0.0000 -0.0000  0.0000 -0.7071  0.0000
    1   4.7802 THz   0.5730  0.0000 -0.5859 -0.0000 -0.5730  0.0000
    2   6.2020 THz  -0.4143  0.0000 -0.8104 -0.0000  0.4143  0.0000


 Q=  0.000000 -0.118151  0.000000, q= -0.250000  0.000000 -0.250000

                       Al X   0        Al Y   0        Al Z   0     
                    --------------- --------------- ---------------
    0   2.7278 THz   0.0000  0.0000  0.0000  0.0000 -0.6915 -0.7224
    1   2.7278 THz   1.0000  0.0000  0.0000  0.0000  0.0000  0.0000
    2   5.4719 THz   0.0000  0.0000 -0.9994 -0.0339 -0.0000  0.0000


 Q=  0.059076 -0.059076 -0.059076, q= -0.250000  0.000000  0.000000

                       Al X   0        Al Y   0        Al Z   0     
                    --------------- --------------- ---------------
    0   2.3641 THz   0.5424  0.0000 -0.2573  0.0047  0.7997 -0.0047
    1   2.3641 THz  -0.6103 -0.0000 -0.7749  0.0041  0.1646 -0.0041
    2   5.2354 THz  -0.5774  0.0000  0.5774 -0.0000  0.5774  0.0000


 Q=  0.118151  0.000000 -0.118151, q= -0.250000  0.000000  0.250000

                       Al X   0        Al Y   0        Al Z   0     
                    --------------- --------------- ---------------
    0   3.4132 THz  -0.7071  0.0000 -0.0000 -0.0000 -0.7071 -0.0000
    1   4.6260 THz   0.0000  0.0000  1.0000 -0.0077 -0.0000  0.0000
    2   6.0130 THz   0.7071  0.0000 -0.0000 -0.0000 -0.7071 -0.0000


 Q=  0.000000 -0.236302  0.118151, q= -0.250000  0.250000 -0.500000

                       Al X   0        Al Y   0        Al Z   0     
                    --------------- --------------- ---------------
    0   4.6720 THz   0.0000  0.0000 -0.0000  0.0000 -0.8011  0.5985
    1   5.8201 THz   0.0000  0.0000 -0.9999 -0.0102  0.0000  0.0000
    2   5.8201 THz   1.0000  0.0000  0.0000  0.0000  0.0000  0.0000


 Q=  0.059076 -0.177227  0.059076, q= -0.250000  0.250000 -0.250000

                       Al X   0        Al Y   0        Al Z   0     
                    --------------- --------------- ---------------
    0   3.5683 THz   0.7071  0.0000  0.0000 -0.0000 -0.7071 -0.0000
    1   4.7802 THz   0.5730  0.0000  0.5859  0.0000  0.5730  0.0000
    2   6.2020 THz   0.4143  0.0000 -0.8104  0.0000  0.4143 -0.0000


 Q=  0.118151 -0.118151  0.000000, q= -0.250000  0.250000  0.000000

                       Al X   0        Al Y   0        Al Z   0     
                    --------------- --------------- ---------------
    0   3.4132 THz   0.7071  0.0000  0.7071  0.0000 -0.0000 -0.0000
    1   4.6260 THz   0.0000  0.0000 -0.0000  0.0000 -0.9995  0.0328
    2   6.0130 THz   0.7071  0.0000 -0.7071 -0.0000  0.0000  0.0000


 Q=  0.177227 -0.059076 -0.059076, q= -0.250000  0.250000  0.250000

                       Al X   0        Al Y   0        Al Z   0     
                    --------------- --------------- ---------------
    0   3.5683 THz  -0.0000  0.0000  0.7071 -0.0084 -0.7071  0.0084
    1   4.7802 THz  -0.5859  0.0000 -0.5730  0.0000 -0.5730  0.0000
    2   6.2020 THz   0.8104  0.0000 -0.4143  0.0000 -0.4143  0.0000


 Q= -0.236302  0.000000  0.000000, q=  0.000000 -0.500000 -0.500000

                       Al X   0        Al Y   0        Al Z   0     
                    --------------- --------------- ---------------
    0   4.1534 THz   0.0000  0.0000 -0.0219 -0.0000 -0.9998  0.0000
    1   4.1534 THz   0.0000  0.0000 -0.9998 -0.0000  0.0219 -0.0000
    2   7.0694 THz   1.0000  0.0000  0.0000  0.0000  0.0000  0.0000


 Q= -0.177227  0.059076 -0.059076, q=  0.000000 -0.500000 -0.250000

                       Al X   0        Al Y   0        Al Z   0     
                    --------------- --------------- ---------------
    0   3.5683 THz   0.0000  0.0000 -0.7068  0.0210 -0.7068  0.0210
    1   4.7802 THz  -0.5859  0.0000 -0.5730 -0.0000  0.5730  0.0000
    2   6.2020 THz   0.8104  0.0000 -0.4143 -0.0000  0.4143  0.0000


 Q= -0.118151  0.118151 -0.118151, q=  0.000000 -0.500000  0.000000

                       Al X   0        Al Y   0        Al Z   0     
                    --------------- --------------- ---------------
    0   2.8464 THz  -0.6832  0.0000  0.0456 -0.0000  0.7288 -0.0000
    1   2.8464 THz   0.4471  0.0000  0.8152 -0.0000  0.3681 -0.0000
    2   7.0679 THz  -0.5774 -0.0000  0.5774  0.0000 -0.5774 -0.0000


 Q= -0.059076  0.177227 -0.177227, q=  0.000000 -0.500000  0.250000

                       Al X   0        Al Y   0        Al Z   0     
                    --------------- --------------- ---------------
    0   3.5683 THz   0.0000  0.0000 -0.7070 -0.0117 -0.7070 -0.0117
    1   4.7802 THz  -0.5859  0.0000 -0.5730  0.0000  0.5730 -0.0000
    2   6.2020 THz   0.8104  0.0000 -0.4143  0.0000  0.4143 -0.0000


 Q= -0.177227 -0.059076  0.059076, q=  0.000000 -0.250000 -0.500000

                       Al X   0        Al Y   0        Al Z   0     
                    --------------- --------------- ---------------
    0   3.5683 THz  -0.0000  0.0000 -0.7071 -0.0066 -0.7071 -0.0066
    1   4.7802 THz   0.5859  0.0000 -0.5730 -0.0000  0.5730 -0.0000
    2   6.2020 THz   0.8104  0.0000  0.4143 -0.0000 -0.4143 -0.0000


 Q= -0.118151  0.000000  0.000000, q=  0.000000 -0.250000 -0.250000

                       Al X   0        Al Y   0        Al Z   0     
                    --------------- --------------- ---------------
    0   2.7278 THz   0.0000  0.0000  0.0607 -0.0114 -0.9012  0.4289
    1   2.7278 THz   0.0000  0.0000 -0.9976  0.0318 -0.0592  0.0176
    2   5.4719 THz   1.0000  0.0000  0.0000  0.0000  0.0000  0.0000


 Q= -0.059076  0.059076 -0.059076, q=  0.000000 -0.250000  0.000000

                       Al X   0        Al Y   0        Al Z   0     
                    --------------- --------------- ---------------
    0   2.3641 THz  -0.6608  0.0000  0.0848 -0.0092  0.7456 -0.0092
    1   2.3641 THz   0.4796  0.0000  0.8119 -0.0127  0.3324 -0.0127
    2   5.2354 THz  -0.5774 -0.0000  0.5774  0.0000 -0.5774 -0.0000


 Q=  0.000000  0.118151 -0.118151, q=  0.000000 -0.250000  0.250000

                       Al X   0        Al Y   0        Al Z   0     
                    --------------- --------------- ---------------
    0   3.4132 THz   0.0000  0.0000 -0.7042  0.0640 -0.7042  0.0640
    1   4.6260 THz   1.0000  0.0000  0.0000  0.0000  0.0000  0.0000
    2   6.0130 THz   0.0000  0.0000  0.7071 -0.0010 -0.7071  0.0010


 Q= -0.118151 -0.118151  0.118151, q=  0.000000  0.000000 -0.500000

                       Al X   0        Al Y   0        Al Z   0     
                    --------------- --------------- ---------------
    0   2.8464 THz   0.5681  0.0000  0.2238 -0.0000  0.7919 -0.0000
    1   2.8464 THz  -0.5864 -0.0000  0.7852 -0.0000  0.1988 -0.0000
    2   7.0679 THz   0.5774  0.0000  0.5774  0.0000 -0.5774 -0.0000


 Q= -0.059076 -0.059076  0.059076, q=  0.000000  0.000000 -0.250000

                       Al X   0        Al Y   0        Al Z   0     
                    --------------- --------------- ---------------
    0   2.3641 THz   0.4807  0.0000  0.3312 -0.0005  0.8119 -0.0005
    1   2.3641 THz  -0.6600 -0.0000  0.7463 -0.0004  0.0863 -0.0004
    2   5.2354 THz   0.5774  0.0000  0.5774  0.0000 -0.5774  0.0000


 Q=  0.000000  0.000000  0.000000, q=  0.000000  0.000000  0.000000

                       Al X   0        Al Y   0        Al Z   0     
                    --------------- --------------- ---------------
    0   0.0000 THz  -0.1142  0.0000  0.1552  0.0000 -0.9813  0.0000
    1   0.0000 THz   0.1806  0.0000 -0.9680  0.0000 -0.1741  0.0000
    2  -0.0000 THz   0.9769  0.0000  0.1971  0.0000 -0.0826  0.0000


 Q=  0.059076  0.059076 -0.059076, q=  0.000000  0.000000  0.250000

                       Al X   0        Al Y   0        Al Z   0     
                    --------------- --------------- ---------------
    0   2.3641 THz   0.4807  0.0000  0.3312  0.0005  0.8119  0.0005
    1   2.3641 THz  -0.6600 -0.0000  0.7463  0.0004  0.0863  0.0004
    2   5.2354 THz   0.5774  0.0000  0.5774 -0.0000 -0.5774 -0.0000


 Q= -0.059076 -0.177227  0.177227, q=  0.000000  0.250000 -0.500000

                       Al X   0        Al Y   0        Al Z   0     
                    --------------- --------------- ---------------
    0   3.5683 THz  -0.0000  0.0000 -0.7071  0.0021 -0.7071  0.0021
    1   4.7802 THz   0.5859  0.0000 -0.5730 -0.0000  0.5730  0.0000
    2   6.2020 THz   0.8104  0.0000  0.4143  0.0000 -0.4143 -0.0000


 Q=  0.000000 -0.118151  0.118151, q=  0.000000  0.250000 -0.250000

                       Al X   0        Al Y   0        Al Z   0     
                    --------------- --------------- ---------------
    0   3.4132 THz   0.0000  0.0000 -0.7042 -0.0640 -0.7042 -0.0640
    1   4.6260 THz   1.0000  0.0000  0.0000  0.0000  0.0000  0.0000
    2   6.0130 THz   0.0000  0.0000  0.7071  0.0010 -0.7071 -0.0010


 Q=  0.059076 -0.059076  0.059076, q=  0.000000  0.250000  0.000000

                       Al X   0        Al Y   0        Al Z   0     
                    --------------- --------------- ---------------
    0   2.3641 THz  -0.6608  0.0000  0.0848  0.0092  0.7456  0.0092
    1   2.3641 THz   0.4796  0.0000  0.8119  0.0127  0.3324  0.0127
    2   5.2354 THz  -0.5774 -0.0000  0.5774 -0.0000 -0.5774  0.0000


 Q=  0.118151  0.000000  0.000000, q=  0.000000  0.250000  0.250000

                       Al X   0        Al Y   0        Al Z   0     
                    --------------- --------------- ---------------
    0   2.7278 THz   0.0000  0.0000  0.0607  0.0114 -0.9012 -0.4289
    1   2.7278 THz   0.0000  0.0000 -0.9976 -0.0318 -0.0592 -0.0176
    2   5.4719 THz   1.0000  0.0000  0.0000  0.0000  0.0000  0.0000


 Q= -0.295378  0.059076  0.059076, q=  0.250000 -0.500000 -0.500000

                       Al X   0        Al Y   0        Al Z   0     
                    --------------- --------------- ---------------
    0   3.5683 THz   0.0000  0.0000  0.7070 -0.0117 -0.7070  0.0117
    1   4.7802 THz   0.5859  0.0000 -0.5730  0.0000 -0.5730 -0.0000
    2   6.2020 THz   0.8104  0.0000  0.4143  0.0000  0.4143  0.0000


 Q= -0.236302  0.118151  0.000000, q=  0.250000 -0.500000 -0.250000

                       Al X   0        Al Y   0        Al Z   0     
                    --------------- --------------- ---------------
    0   4.6720 THz   0.0000  0.0000 -0.9993 -0.0369  0.0000  0.0000
    1   5.8201 THz   0.0000  0.0000 -0.0000  0.0000 -0.8872  0.4613
    2   5.8201 THz   1.0000  0.0000  0.0000  0.0000  0.0000  0.0000


 Q= -0.177227  0.177227 -0.059076, q=  0.250000 -0.500000  0.000000

                       Al X   0        Al Y   0        Al Z   0     
                    --------------- --------------- ---------------
    0   3.5683 THz   0.7071  0.0000  0.7071 -0.0000 -0.0000 -0.0000
    1   4.7802 THz   0.5730  0.0000 -0.5730  0.0000 -0.5859  0.0000
    2   6.2020 THz  -0.4143  0.0000  0.4143 -0.0000 -0.8104  0.0000


 Q= -0.118151  0.236302 -0.118151, q=  0.250000 -0.500000  0.250000

                       Al X   0        Al Y   0        Al Z   0     
                    --------------- --------------- ---------------
    0   3.4132 THz   0.7071  0.0000  0.0000  0.0000 -0.7071 -0.0000
    1   4.6260 THz   0.0000  0.0000 -1.0000  0.0042 -0.0000  0.0000
    2   6.0130 THz  -0.7071 -0.0000 -0.0000  0.0000 -0.7071 -0.0000


 Q= -0.236302  0.000000  0.118151, q=  0.250000 -0.250000 -0.500000

                       Al X   0        Al Y   0        Al Z   0     
                    --------------- --------------- ---------------
    0   4.6720 THz   0.0000  0.0000  0.0000 -0.0000 -0.9983  0.0587
    1   5.8201 THz   0.0000  0.0000 -0.9999  0.0102  0.0000 -0.0000
    2   5.8201 THz   1.0000  0.0000  0.0000  0.0000  0.0000  0.0000


 Q= -0.177227  0.059076  0.059076, q=  0.250000 -0.250000 -0.250000

                       Al X   0        Al Y   0        Al Z   0     
                    --------------- --------------- ---------------
    0   3.5683 THz  -0.0000  0.0000  0.7071  0.0084 -0.7071 -0.0084
    1   4.7802 THz  -0.5859  0.0000 -0.5730 -0.0000 -0.5730 -0.0000
    2   6.2020 THz   0.8104  0.0000 -0.4143 -0.0000 -0.4143 -0.0000


 Q= -0.118151  0.118151  0.000000, q=  0.250000 -0.250000  0.000000

                       Al X   0        Al Y   0        Al Z   0     
                    --------------- --------------- ---------------
    0   3.4132 THz   0.7071  0.0000  0.7071 -0.0000 -0.0000  0.0000
    1   4.6260 THz   0.0000  0.0000 -0.0000 -0.0000 -0.9995 -0.0328
    2   6.0130 THz   0.7071  0.0000 -0.7071  0.0000  0.0000 -0.0000


 Q= -0.059076  0.177227 -0.059076, q=  0.250000 -0.250000  0.250000

                       Al X   0        Al Y   0        Al Z   0     
                    --------------- --------------- ---------------
    0   3.5683 THz   0.7071  0.0000  0.0000  0.0000 -0.7071  0.0000
    1   4.7802 THz   0.5730  0.0000  0.5859 -0.0000  0.5730 -0.0000
    2   6.2020 THz   0.4143  0.0000 -0.8104 -0.0000  0.4143  0.0000


 Q= -0.177227 -0.059076  0.177227, q=  0.250000  0.000000 -0.500000

                       Al X   0        Al Y   0        Al Z   0     
                    --------------- --------------- ---------------
    0   3.5683 THz  -0.7071  0.0000  0.0000 -0.0000 -0.7071 -0.0000
    1   4.7802 THz   0.5730  0.0000 -0.5859  0.0000 -0.5730 -0.0000
    2   6.2020 THz  -0.4143  0.0000 -0.8104  0.0000  0.4143 -0.0000


 Q= -0.118151  0.000000  0.118151, q=  0.250000  0.000000 -0.250000

                       Al X   0        Al Y   0        Al Z   0     
                    --------------- --------------- ---------------
    0   3.4132 THz  -0.7071  0.0000 -0.0000  0.0000 -0.7071  0.0000
    1   4.6260 THz   0.0000  0.0000  1.0000  0.0077 -0.0000 -0.0000
    2   6.0130 THz   0.7071  0.0000 -0.0000  0.0000 -0.7071  0.0000


 Q= -0.059076  0.059076  0.059076, q=  0.250000  0.000000  0.000000

                       Al X   0        Al Y   0        Al Z   0     
                    --------------- --------------- ---------------
    0   2.3641 THz   0.5424  0.0000 -0.2573 -0.0047  0.7997  0.0047
    1   2.3641 THz  -0.6103 -0.0000 -0.7749 -0.0041  0.1646  0.0041
    2   5.2354 THz  -0.5774  0.0000  0.5774  0.0000  0.5774 -0.0000


 Q=  0.000000  0.118151  0.000000, q=  0.250000  0.000000  0.250000

                       Al X   0        Al Y   0        Al Z   0     
                    --------------- --------------- ---------------
    0   2.7278 THz   0.0000  0.0000  0.0000 -0.0000 -0.6915  0.7224
    1   2.7278 THz   1.0000  0.0000  0.0000  0.0000  0.0000  0.0000
    2   5.4719 THz   0.0000  0.0000 -0.9994  0.0339 -0.0000 -0.0000


 Q= -0.118151 -0.118151  0.236302, q=  0.250000  0.250000 -0.500000

                       Al X   0        Al Y   0        Al Z   0     
                    --------------- --------------- ---------------
    0   3.4132 THz   0.7071  0.0000 -0.7071  0.0000  0.0000 -0.0000
    1   4.6260 THz   0.0000  0.0000 -0.0000  0.0000 -0.2384  0.9712
    2   6.0130 THz  -0.7071  0.0000 -0.7071  0.0000  0.0000 -0.0000


 Q= -0.059076 -0.059076  0.177227, q=  0.250000  0.250000 -0.250000

                       Al X   0        Al Y   0        Al Z   0     
                    --------------- --------------- ---------------
    0   3.5683 THz  -0.7071  0.0000  0.7071 -0.0000 -0.0000  0.0000
    1   4.7802 THz   0.5730  0.0000  0.5730  0.0000  0.5859  0.0000
    2   6.2020 THz   0.4143  0.0000  0.4143 -0.0000 -0.8104 -0.0000


 Q=  0.000000  0.000000  0.118151, q=  0.250000  0.250000  0.000000

                       Al X   0        Al Y   0        Al Z   0     
                    --------------- --------------- ---------------
    0   2.7278 THz   0.9780  0.0000  0.2075  0.0197  0.0000 -0.0000
    1   2.7278 THz   0.2084  0.0000 -0.9737 -0.0924  0.0000  0.0000
    2   5.4719 THz   0.0000  0.0000 -0.0000 -0.0000 -0.9997  0.0246


 Q=  0.059076  0.059076  0.059076, q=  0.250000  0.250000  0.250000

                       Al X   0        Al Y   0        Al Z   0     
                    --------------- --------------- ---------------
    0   2.3641 THz   0.4930  0.0000  0.3171  0.0046 -0.8101 -0.0046
    1   2.3641 THz   0.6508  0.0000 -0.7524 -0.0035  0.1015  0.0035
    2   5.2354 THz   0.5774  0.0000  0.5774  0.0000  0.5774  0.0000
